[0.014s] Invoking command in '/ros_ws/build/rtabmap_viz': AMENT_PREFIX_PATH=/ros_ws/install/rtabmap_sync:/ros_ws/install/rtabmap_conversions:/ros_ws/install/rtabmap_msgs:${AMENT_PREFIX_PATH} CMAKE_PREFIX_PATH=/ros_ws/install/rtabmap_sync:/ros_ws/install/rtabmap_conversions:/ros_ws/install/rtabmap_msgs:/ros_ws/install/rtabmap:/ros_ws/install/rtabmap_lidar_custom:/opt/ros/humble LD_LIBRARY_PATH=/ros_ws/install/rtabmap_sync/lib:/ros_ws/install/rtabmap_conversions/lib:/ros_ws/install/rtabmap_msgs/lib:/ros_ws/install/rtabmap/lib:${LD_LIBRARY_PATH} PATH=/ros_ws/install/rtabmap/bin:${PATH} PKG_CONFIG_PATH=/ros_ws/install/rtabmap/lib/x86_64-linux-gnu/pkgconfig:/ros_ws/install/rtabmap/lib/pkgconfig PYTHONPATH=/ros_ws/install/rtabmap_msgs/local/lib/python3.10/dist-packages:${PYTHONPATH} /usr/bin/cmake /ros_ws/src/rtabmap_ros/rtabmap_viz -DCMAKE_BUILD_TYPE=Release -DAMENT_CMAKE_SYMLINK_INSTALL=1 -DCMAKE_INSTALL_PREFIX=/ros_ws/install/rtabmap_viz
[0.057s] -- The C compiler identification is GNU 11.4.0
[0.102s] -- The CXX compiler identification is GNU 11.4.0
[0.108s] -- Detecting C compiler ABI info
[0.159s] -- Detecting C compiler ABI info - done
[0.164s] -- Check for working C compiler: /usr/bin/cc - skipped
[0.164s] -- Detecting C compile features
[0.164s] -- Detecting C compile features - done
[0.167s] -- Detecting CXX compiler ABI info
[0.227s] -- Detecting CXX compiler ABI info - done
[0.233s] -- Check for working CXX compiler: /usr/bin/c++ - skipped
[0.233s] -- Detecting CXX compile features
[0.233s] -- Detecting CXX compile features - done
[0.236s] -- Found ament_cmake: 1.3.13 (/opt/ros/humble/share/ament_cmake/cmake)
[0.349s] -- Found Python3: /usr/bin/python3 (found version "3.10.12") found components: Interpreter 
[0.427s] -- Override CMake install command with custom implementation using symlinks instead of copying resources
[0.460s] -- Found cv_bridge: 3.2.1 (/opt/ros/humble/share/cv_bridge/cmake)
[0.509s] -- Found rosidl_generator_c: 3.1.8 (/opt/ros/humble/share/rosidl_generator_c/cmake)
[0.515s] -- Found rosidl_adapter: 3.1.8 (/opt/ros/humble/share/rosidl_adapter/cmake)
[0.526s] -- Found rosidl_generator_cpp: 3.1.8 (/opt/ros/humble/share/rosidl_generator_cpp/cmake)
[0.540s] -- Using all available rosidl_typesupport_c: rosidl_typesupport_fastrtps_c;rosidl_typesupport_introspection_c
[0.561s] -- Using all available rosidl_typesupport_cpp: rosidl_typesupport_fastrtps_cpp;rosidl_typesupport_introspection_cpp
[0.623s] -- Found rclcpp: 16.0.18 (/opt/ros/humble/share/rclcpp/cmake)
[0.663s] -- Found rmw_implementation_cmake: 6.1.2 (/opt/ros/humble/share/rmw_implementation_cmake/cmake)
[0.665s] -- Found rmw_fastrtps_cpp: 6.2.10 (/opt/ros/humble/share/rmw_fastrtps_cpp/cmake)
[0.759s] -- Found OpenSSL: /usr/lib/x86_64-linux-gnu/libcrypto.so (found version "3.0.2")  
[0.786s] -- Found FastRTPS: /opt/ros/humble/include  
[0.831s] -- Using RMW implementation 'rmw_fastrtps_cpp' as default
[0.842s] -- Looking for pthread.h
[0.896s] -- Looking for pthread.h - found
[0.896s] -- Performing Test CMAKE_HAVE_LIBC_PTHREAD
[0.949s] -- Performing Test CMAKE_HAVE_LIBC_PTHREAD - Success
[0.950s] -- Found Threads: TRUE  
[0.986s] -- Found std_srvs: 4.9.1 (/opt/ros/humble/share/std_srvs/cmake)
[0.996s] -- Found nav_msgs: 4.9.1 (/opt/ros/humble/share/nav_msgs/cmake)
[1.009s] -- Found rtabmap_msgs: 0.22.1 (/ros_ws/install/rtabmap_msgs/share/rtabmap_msgs/cmake)
[1.027s] -- Found rtabmap_sync: 0.22.1 (/ros_ws/install/rtabmap_sync/share/rtabmap_sync/cmake)
[1.141s] -- Checking for module 'eigen3'
[1.149s] --   Found eigen3, version 3.4.0
[1.171s] -- Found Eigen: /usr/include/eigen3 (Required is at least version "3.1") 
[1.171s] -- Eigen found (include: /usr/include/eigen3, version: 3.4.0)
[1.210s] -- Checking for module 'flann'
[1.219s] --   Found flann, version 1.9.1
[1.245s] -- Found FLANN: /usr/lib/x86_64-linux-gnu/libflann_cpp.so  
[1.245s] -- FLANN found (include: /usr/include, lib: /usr/lib/x86_64-linux-gnu/libflann_cpp.so)
[1.946s] -- Checking for module 'libusb-1.0'
[1.959s] --   Found libusb-1.0, version 1.0.25
[1.987s] -- Found libusb: /usr/lib/x86_64-linux-gnu/libusb-1.0.so  
[1.988s] -- OpenNI found (version: 1.5.4.0, include: /usr/include/ni, lib: /usr/lib/libOpenNI.so;libusb::libusb)
[2.030s] -- OpenNI2 found (version: 2.2.0.33, include: /usr/include/openni2, lib: /usr/lib/x86_64-linux-gnu/libOpenNI2.so;libusb::libusb)
[2.163s] -- Eigen found (include: /usr/include/eigen3, version: 3.4.0)
[2.168s] -- OpenNI found (version: 1.5.4.0, include: /usr/include/ni, lib: /usr/lib/libOpenNI.so;libusb::libusb)
[2.174s] -- OpenNI2 found (version: 2.2.0.33, include: /usr/include/openni2, lib: /usr/lib/x86_64-linux-gnu/libOpenNI2.so;libusb::libusb)
[2.304s] -- Found Qhull version 8.0.2
[2.435s] -- OpenNI found (version: 1.5.4.0, include: /usr/include/ni, lib: /usr/lib/libOpenNI.so;libusb::libusb)
[2.562s] -- Found PCL_COMMON: /usr/lib/x86_64-linux-gnu/libpcl_common.so  
[2.562s] -- Found PCL_KDTREE: /usr/lib/x86_64-linux-gnu/libpcl_kdtree.so  
[2.563s] -- Found PCL_OCTREE: /usr/lib/x86_64-linux-gnu/libpcl_octree.so  
[2.563s] -- Found PCL_SEARCH: /usr/lib/x86_64-linux-gnu/libpcl_search.so  
[2.564s] -- Found PCL_SAMPLE_CONSENSUS: /usr/lib/x86_64-linux-gnu/libpcl_sample_consensus.so  
[2.565s] -- Found PCL_FILTERS: /usr/lib/x86_64-linux-gnu/libpcl_filters.so  
[2.565s] -- Found PCL_2D: /usr/include/pcl-1.12  
[2.565s] -- Found PCL_GEOMETRY: /usr/include/pcl-1.12  
[2.566s] -- Found PCL_IO: /usr/lib/x86_64-linux-gnu/libpcl_io.so  
[2.567s] -- Found PCL_FEATURES: /usr/lib/x86_64-linux-gnu/libpcl_features.so  
[2.568s] -- Found PCL_ML: /usr/lib/x86_64-linux-gnu/libpcl_ml.so  
[2.568s] -- Found PCL_SEGMENTATION: /usr/lib/x86_64-linux-gnu/libpcl_segmentation.so  
[2.569s] -- Found PCL_VISUALIZATION: /usr/lib/x86_64-linux-gnu/libpcl_visualization.so  
[2.570s] -- Found PCL_SURFACE: /usr/lib/x86_64-linux-gnu/libpcl_surface.so  
[2.570s] -- Found PCL_REGISTRATION: /usr/lib/x86_64-linux-gnu/libpcl_registration.so  
[2.571s] -- Found PCL_KEYPOINTS: /usr/lib/x86_64-linux-gnu/libpcl_keypoints.so  
[2.572s] -- Found PCL_TRACKING: /usr/lib/x86_64-linux-gnu/libpcl_tracking.so  
[2.573s] -- Found PCL_RECOGNITION: /usr/lib/x86_64-linux-gnu/libpcl_recognition.so  
[2.574s] -- Found PCL_STEREO: /usr/lib/x86_64-linux-gnu/libpcl_stereo.so  
[2.574s] -- Found PCL_APPS: /usr/lib/x86_64-linux-gnu/libpcl_apps.so  
[2.575s] -- Found PCL_IN_HAND_SCANNER: /usr/include/pcl-1.12  
[2.575s] -- Found PCL_MODELER: /usr/include/pcl-1.12  
[2.575s] -- Found PCL_POINT_CLOUD_EDITOR: /usr/include/pcl-1.12  
[2.576s] -- Found PCL_OUTOFCORE: /usr/lib/x86_64-linux-gnu/libpcl_outofcore.so  
[2.578s] -- Found PCL_PEOPLE: /usr/lib/x86_64-linux-gnu/libpcl_people.so  
[2.664s] -- Found Eigen3: TRUE (found version "3.4.0") 
[2.664s] -- Ensuring Eigen3 include directory is part of orocos-kdl CMake target
[2.669s] [33mCMake Warning (dev) at /usr/share/cmake-3.22/Modules/CMakeFindDependencyMacro.cmake:47 (find_package):
[2.669s]   Policy CMP0074 is not set: find_package uses <PackageName>_ROOT variables.
[2.669s]   Run "cmake --help-policy CMP0074" for policy details.  Use the cmake_policy
[2.669s]   command to set the policy and suppress this warning.
[2.669s] 
[2.669s]   CMake variable PCL_ROOT is set to:
[2.669s] 
[2.669s]     /usr
[2.669s] 
[2.669s]   For compatibility, CMake is ignoring the variable.
[2.669s] Call Stack (most recent call first):
[2.669s]   /ros_ws/install/rtabmap/lib/rtabmap-0.23/RTABMapConfig.cmake:7 (find_dependency)
[2.669s]   /ros_ws/install/rtabmap_conversions/share/rtabmap_conversions/cmake/ament_cmake_export_dependencies-extras.cmake:21 (find_package)
[2.669s]   /ros_ws/install/rtabmap_conversions/share/rtabmap_conversions/cmake/rtabmap_conversionsConfig.cmake:41 (include)
[2.670s]   /ros_ws/install/rtabmap_sync/share/rtabmap_sync/cmake/ament_cmake_export_dependencies-extras.cmake:21 (find_package)
[2.670s]   /ros_ws/install/rtabmap_sync/share/rtabmap_sync/cmake/rtabmap_syncConfig.cmake:41 (include)
[2.670s]   CMakeLists.txt:35 (find_package)
[2.670s] This warning is for project developers.  Use -Wno-dev to suppress it.
[2.670s] [0m
[2.717s] -- Found OpenCV: /usr (found version "4.5.4") found components: core calib3d imgproc highgui stitching photo video aruco objdetect missing components: xfeatures2d nonfree gpu cudafeatures2d
[2.790s] -- Configuring done
[2.885s] -- Generating done
[2.904s] -- Build files have been written to: /ros_ws/build/rtabmap_viz
[2.925s] Invoked command in '/ros_ws/build/rtabmap_viz' returned '0': AMENT_PREFIX_PATH=/ros_ws/install/rtabmap_sync:/ros_ws/install/rtabmap_conversions:/ros_ws/install/rtabmap_msgs:${AMENT_PREFIX_PATH} CMAKE_PREFIX_PATH=/ros_ws/install/rtabmap_sync:/ros_ws/install/rtabmap_conversions:/ros_ws/install/rtabmap_msgs:/ros_ws/install/rtabmap:/ros_ws/install/rtabmap_lidar_custom:/opt/ros/humble LD_LIBRARY_PATH=/ros_ws/install/rtabmap_sync/lib:/ros_ws/install/rtabmap_conversions/lib:/ros_ws/install/rtabmap_msgs/lib:/ros_ws/install/rtabmap/lib:${LD_LIBRARY_PATH} PATH=/ros_ws/install/rtabmap/bin:${PATH} PKG_CONFIG_PATH=/ros_ws/install/rtabmap/lib/x86_64-linux-gnu/pkgconfig:/ros_ws/install/rtabmap/lib/pkgconfig PYTHONPATH=/ros_ws/install/rtabmap_msgs/local/lib/python3.10/dist-packages:${PYTHONPATH} /usr/bin/cmake /ros_ws/src/rtabmap_ros/rtabmap_viz -DCMAKE_BUILD_TYPE=Release -DAMENT_CMAKE_SYMLINK_INSTALL=1 -DCMAKE_INSTALL_PREFIX=/ros_ws/install/rtabmap_viz
[2.925s] Invoking command in '/ros_ws/build/rtabmap_viz': AMENT_PREFIX_PATH=/ros_ws/install/rtabmap_sync:/ros_ws/install/rtabmap_conversions:/ros_ws/install/rtabmap_msgs:${AMENT_PREFIX_PATH} CMAKE_PREFIX_PATH=/ros_ws/install/rtabmap_sync:/ros_ws/install/rtabmap_conversions:/ros_ws/install/rtabmap_msgs:/ros_ws/install/rtabmap:/ros_ws/install/rtabmap_lidar_custom:/opt/ros/humble LD_LIBRARY_PATH=/ros_ws/install/rtabmap_sync/lib:/ros_ws/install/rtabmap_conversions/lib:/ros_ws/install/rtabmap_msgs/lib:/ros_ws/install/rtabmap/lib:${LD_LIBRARY_PATH} PATH=/ros_ws/install/rtabmap/bin:${PATH} PKG_CONFIG_PATH=/ros_ws/install/rtabmap/lib/x86_64-linux-gnu/pkgconfig:/ros_ws/install/rtabmap/lib/pkgconfig PYTHONPATH=/ros_ws/install/rtabmap_msgs/local/lib/python3.10/dist-packages:${PYTHONPATH} /usr/bin/cmake --build /ros_ws/build/rtabmap_viz
[2.964s] [  9%] [34m[1mAutomatic MOC and UIC for target rtabmap_viz[0m
[3.509s] [  9%] Built target rtabmap_viz_autogen
[3.525s] [ 18%] [32mBuilding CXX object CMakeFiles/rtabmap_viz.dir/rtabmap_viz_autogen/mocs_compilation.cpp.o[0m
[9.146s] [ 27%] [32mBuilding CXX object CMakeFiles/rtabmap_viz.dir/src/GuiNode.cpp.o[0m
[20.984s] [ 36%] [32mBuilding CXX object CMakeFiles/rtabmap_viz.dir/src/GuiWrapper.cpp.o[0m
[64.377s] [ 45%] [32mBuilding CXX object CMakeFiles/rtabmap_viz.dir/src/PreferencesDialogROS.cpp.o[0m
[73.952s] [ 54%] [32m[1mLinking CXX executable rtabmap_viz[0m
[76.981s] [ 54%] Built target rtabmap_viz
[76.995s] [ 63%] [34m[1mAutomatic MOC and UIC for target rgbd_image_viewer[0m
[77.505s] [ 63%] Built target rgbd_image_viewer_autogen
[77.524s] [ 72%] [32mBuilding CXX object CMakeFiles/rgbd_image_viewer.dir/rgbd_image_viewer_autogen/mocs_compilation.cpp.o[0m
[83.336s] [ 81%] [32mBuilding CXX object CMakeFiles/rgbd_image_viewer.dir/src/RGBDImageViewerNode.cpp.o[0m
[91.130s] [ 90%] [32mBuilding CXX object CMakeFiles/rgbd_image_viewer.dir/src/rgbd_image_viewer.cpp.o[0m
[108.358s] [100%] [32m[1mLinking CXX executable rgbd_image_viewer[0m
[110.812s] [100%] Built target rgbd_image_viewer
[110.835s] Invoked command in '/ros_ws/build/rtabmap_viz' returned '0': AMENT_PREFIX_PATH=/ros_ws/install/rtabmap_sync:/ros_ws/install/rtabmap_conversions:/ros_ws/install/rtabmap_msgs:${AMENT_PREFIX_PATH} CMAKE_PREFIX_PATH=/ros_ws/install/rtabmap_sync:/ros_ws/install/rtabmap_conversions:/ros_ws/install/rtabmap_msgs:/ros_ws/install/rtabmap:/ros_ws/install/rtabmap_lidar_custom:/opt/ros/humble LD_LIBRARY_PATH=/ros_ws/install/rtabmap_sync/lib:/ros_ws/install/rtabmap_conversions/lib:/ros_ws/install/rtabmap_msgs/lib:/ros_ws/install/rtabmap/lib:${LD_LIBRARY_PATH} PATH=/ros_ws/install/rtabmap/bin:${PATH} PKG_CONFIG_PATH=/ros_ws/install/rtabmap/lib/x86_64-linux-gnu/pkgconfig:/ros_ws/install/rtabmap/lib/pkgconfig PYTHONPATH=/ros_ws/install/rtabmap_msgs/local/lib/python3.10/dist-packages:${PYTHONPATH} /usr/bin/cmake --build /ros_ws/build/rtabmap_viz
[110.839s] Invoking command in '/ros_ws/build/rtabmap_viz': AMENT_PREFIX_PATH=/ros_ws/install/rtabmap_sync:/ros_ws/install/rtabmap_conversions:/ros_ws/install/rtabmap_msgs:${AMENT_PREFIX_PATH} CMAKE_PREFIX_PATH=/ros_ws/install/rtabmap_sync:/ros_ws/install/rtabmap_conversions:/ros_ws/install/rtabmap_msgs:/ros_ws/install/rtabmap:/ros_ws/install/rtabmap_lidar_custom:/opt/ros/humble LD_LIBRARY_PATH=/ros_ws/install/rtabmap_sync/lib:/ros_ws/install/rtabmap_conversions/lib:/ros_ws/install/rtabmap_msgs/lib:/ros_ws/install/rtabmap/lib:${LD_LIBRARY_PATH} PATH=/ros_ws/install/rtabmap/bin:${PATH} PKG_CONFIG_PATH=/ros_ws/install/rtabmap/lib/x86_64-linux-gnu/pkgconfig:/ros_ws/install/rtabmap/lib/pkgconfig PYTHONPATH=/ros_ws/install/rtabmap_msgs/local/lib/python3.10/dist-packages:${PYTHONPATH} /usr/bin/cmake --install /ros_ws/build/rtabmap_viz
[110.844s] -- Install configuration: "Release"
[110.845s] -- Execute custom install script
[110.845s] -- Symlinking: /ros_ws/install/rtabmap_viz/lib/rtabmap_viz/rtabmap_viz
[110.851s] -- Symlinking: /ros_ws/install/rtabmap_viz/lib/rtabmap_viz/rgbd_image_viewer
[110.858s] -- Symlinking: /ros_ws/install/rtabmap_viz/share/ament_index/resource_index/package_run_dependencies/rtabmap_viz
[110.864s] -- Symlinking: /ros_ws/install/rtabmap_viz/share/ament_index/resource_index/parent_prefix_path/rtabmap_viz
[110.872s] -- Symlinking: /ros_ws/install/rtabmap_viz/share/rtabmap_viz/environment/ament_prefix_path.sh
[110.878s] -- Symlinking: /ros_ws/install/rtabmap_viz/share/rtabmap_viz/environment/ament_prefix_path.dsv
[110.887s] -- Symlinking: /ros_ws/install/rtabmap_viz/share/rtabmap_viz/environment/path.sh
[110.893s] -- Symlinking: /ros_ws/install/rtabmap_viz/share/rtabmap_viz/environment/path.dsv
[110.899s] -- Symlinking: /ros_ws/install/rtabmap_viz/share/rtabmap_viz/local_setup.bash
[110.908s] -- Symlinking: /ros_ws/install/rtabmap_viz/share/rtabmap_viz/local_setup.sh
[110.914s] -- Symlinking: /ros_ws/install/rtabmap_viz/share/rtabmap_viz/local_setup.zsh
[110.922s] -- Symlinking: /ros_ws/install/rtabmap_viz/share/rtabmap_viz/local_setup.dsv
[110.928s] -- Symlinking: /ros_ws/install/rtabmap_viz/share/rtabmap_viz/package.dsv
[110.935s] -- Symlinking: /ros_ws/install/rtabmap_viz/share/ament_index/resource_index/packages/rtabmap_viz
[110.941s] -- Symlinking: /ros_ws/install/rtabmap_viz/share/rtabmap_viz/cmake/rtabmap_vizConfig.cmake
[110.947s] -- Symlinking: /ros_ws/install/rtabmap_viz/share/rtabmap_viz/cmake/rtabmap_vizConfig-version.cmake
[110.954s] -- Symlinking: /ros_ws/install/rtabmap_viz/share/rtabmap_viz/package.xml
[110.961s] Invoked command in '/ros_ws/build/rtabmap_viz' returned '0': AMENT_PREFIX_PATH=/ros_ws/install/rtabmap_sync:/ros_ws/install/rtabmap_conversions:/ros_ws/install/rtabmap_msgs:${AMENT_PREFIX_PATH} CMAKE_PREFIX_PATH=/ros_ws/install/rtabmap_sync:/ros_ws/install/rtabmap_conversions:/ros_ws/install/rtabmap_msgs:/ros_ws/install/rtabmap:/ros_ws/install/rtabmap_lidar_custom:/opt/ros/humble LD_LIBRARY_PATH=/ros_ws/install/rtabmap_sync/lib:/ros_ws/install/rtabmap_conversions/lib:/ros_ws/install/rtabmap_msgs/lib:/ros_ws/install/rtabmap/lib:${LD_LIBRARY_PATH} PATH=/ros_ws/install/rtabmap/bin:${PATH} PKG_CONFIG_PATH=/ros_ws/install/rtabmap/lib/x86_64-linux-gnu/pkgconfig:/ros_ws/install/rtabmap/lib/pkgconfig PYTHONPATH=/ros_ws/install/rtabmap_msgs/local/lib/python3.10/dist-packages:${PYTHONPATH} /usr/bin/cmake --install /ros_ws/build/rtabmap_viz
