[0.007s] Invoking command in '/ros_ws/build/synchros2_tutorials_interfaces_example': CMAKE_PREFIX_PATH=/ros_ws/install/rtabmap_lidar_custom:/opt/ros/humble /usr/bin/cmake /ros_ws/src/ros_utilities/synchros2_tutorials_interfaces_example -DCMAKE_BUILD_TYPE=Release -DAMENT_CMAKE_SYMLINK_INSTALL=1 -DCMAKE_INSTALL_PREFIX=/ros_ws/install/synchros2_tutorials_interfaces_example
[0.054s] -- The C compiler identification is GNU 11.4.0
[0.103s] -- The CXX compiler identification is GNU 11.4.0
[0.109s] -- Detecting C compiler ABI info
[0.166s] -- Detecting C compiler ABI info - done
[0.173s] -- Check for working C compiler: /usr/bin/cc - skipped
[0.173s] -- Detecting C compile features
[0.173s] -- Detecting C compile features - done
[0.176s] -- Detecting CXX compiler ABI info
[0.251s] -- Detecting CXX compiler ABI info - done
[0.257s] -- Check for working CXX compiler: /usr/bin/c++ - skipped
[0.257s] -- Detecting CXX compile features
[0.257s] -- Detecting CXX compile features - done
[0.261s] -- Found ament_cmake: 1.3.13 (/opt/ros/humble/share/ament_cmake/cmake)
[0.374s] -- Found Python3: /usr/bin/python3 (found version "3.10.12") found components: Interpreter 
[0.431s] -- Override CMake install command with custom implementation using symlinks instead of copying resources
[0.460s] -- Found rosidl_default_generators: 1.2.0 (/opt/ros/humble/share/rosidl_default_generators/cmake)
[0.463s] -- Using all available rosidl_typesupport_c: rosidl_typesupport_fastrtps_c;rosidl_typesupport_introspection_c
[0.470s] -- Found rosidl_adapter: 3.1.8 (/opt/ros/humble/share/rosidl_adapter/cmake)
[0.507s] -- Using all available rosidl_typesupport_cpp: rosidl_typesupport_fastrtps_cpp;rosidl_typesupport_introspection_cpp
[0.793s] -- Found ament_cmake_ros: 0.10.0 (/opt/ros/humble/share/ament_cmake_ros/cmake)
[0.953s] -- Using all available rosidl_typesupport_c: rosidl_typesupport_fastrtps_c;rosidl_typesupport_introspection_c
[1.161s] -- Using all available rosidl_typesupport_cpp: rosidl_typesupport_fastrtps_cpp;rosidl_typesupport_introspection_cpp
[1.175s] -- Found PythonInterp: /usr/bin/python3 (found suitable version "3.10.12", minimum required is "3.6") 
[1.177s] -- Found python_cmake_module: 0.10.0 (/opt/ros/humble/share/python_cmake_module/cmake)
[1.194s] -- Found PythonLibs: /usr/lib/x86_64-linux-gnu/libpython3.10.so (found suitable version "3.10.12", minimum required is "3.5") 
[1.194s] -- Using PYTHON_EXECUTABLE: /usr/bin/python3
[1.194s] -- Using PYTHON_INCLUDE_DIRS: /usr/include/python3.10
[1.194s] -- Using PYTHON_LIBRARIES: /usr/lib/x86_64-linux-gnu/libpython3.10.so
[1.208s] -- Found PythonExtra: .so  
[1.239s] -- Found ament_lint_auto: 0.12.15 (/opt/ros/humble/share/ament_lint_auto/cmake)
[1.260s] -- Added test 'lint_cmake' to check CMake code style
[1.260s] -- Added test 'xmllint' to check XML markup files
[1.263s] -- Configuring done
[1.300s] -- Generating done
[1.311s] -- Build files have been written to: /ros_ws/build/synchros2_tutorials_interfaces_example
[1.319s] Invoked command in '/ros_ws/build/synchros2_tutorials_interfaces_example' returned '0': CMAKE_PREFIX_PATH=/ros_ws/install/rtabmap_lidar_custom:/opt/ros/humble /usr/bin/cmake /ros_ws/src/ros_utilities/synchros2_tutorials_interfaces_example -DCMAKE_BUILD_TYPE=Release -DAMENT_CMAKE_SYMLINK_INSTALL=1 -DCMAKE_INSTALL_PREFIX=/ros_ws/install/synchros2_tutorials_interfaces_example
[1.319s] Invoking command in '/ros_ws/build/synchros2_tutorials_interfaces_example': CMAKE_PREFIX_PATH=/ros_ws/install/rtabmap_lidar_custom:/opt/ros/humble /usr/bin/cmake --build /ros_ws/build/synchros2_tutorials_interfaces_example
[1.353s] [  2%] [34m[1mGenerating C++ code for ROS interfaces[0m
[1.870s] [  2%] Built target synchros2_tutorials_interfaces_example__cpp
[1.876s] [  5%] [34m[1mGenerating C++ type support dispatch for ROS interfaces[0m
[2.244s] [  7%] [32mBuilding CXX object CMakeFiles/synchros2_tutorials_interfaces_example__rosidl_typesupport_cpp.dir/rosidl_typesupport_cpp/synchros2_tutorials_interfaces_example/action/wait__type_support.cpp.o[0m
[2.606s] [ 10%] [32mBuilding CXX object CMakeFiles/synchros2_tutorials_interfaces_example__rosidl_typesupport_cpp.dir/rosidl_typesupport_cpp/synchros2_tutorials_interfaces_example/msg/string__type_support.cpp.o[0m
[2.816s] [ 12%] [32m[1mLinking CXX shared library libsynchros2_tutorials_interfaces_example__rosidl_typesupport_cpp.so[0m
[2.850s] [ 12%] Built target synchros2_tutorials_interfaces_example__rosidl_typesupport_cpp
[2.857s] [ 15%] [34m[1mGenerating C code for ROS interfaces[0m
[3.375s] [ 17%] [32mBuilding C object CMakeFiles/synchros2_tutorials_interfaces_example__rosidl_generator_c.dir/rosidl_generator_c/synchros2_tutorials_interfaces_example/action/detail/wait__functions.c.o[0m
[3.713s] [ 20%] [32mBuilding C object CMakeFiles/synchros2_tutorials_interfaces_example__rosidl_generator_c.dir/rosidl_generator_c/synchros2_tutorials_interfaces_example/msg/detail/string__functions.c.o[0m
[3.781s] [ 23%] [32m[1mLinking C shared library libsynchros2_tutorials_interfaces_example__rosidl_generator_c.so[0m
[3.807s] [ 23%] Built target synchros2_tutorials_interfaces_example__rosidl_generator_c
[3.814s] [ 25%] [34m[1mGenerating C type support for eProsima Fast-RTPS[0m
[4.251s] [ 28%] [32mBuilding CXX object CMakeFiles/synchros2_tutorials_interfaces_example__rosidl_typesupport_fastrtps_c.dir/rosidl_typesupport_fastrtps_c/synchros2_tutorials_interfaces_example/action/detail/wait__type_support_c.cpp.o[0m
[4.629s] [ 30%] [32mBuilding CXX object CMakeFiles/synchros2_tutorials_interfaces_example__rosidl_typesupport_fastrtps_c.dir/rosidl_typesupport_fastrtps_c/synchros2_tutorials_interfaces_example/msg/detail/string__type_support_c.cpp.o[0m
[4.924s] [ 33%] [32m[1mLinking CXX shared library libsynchros2_tutorials_interfaces_example__rosidl_typesupport_fastrtps_c.so[0m
[4.977s] [ 33%] Built target synchros2_tutorials_interfaces_example__rosidl_typesupport_fastrtps_c
[4.985s] [ 35%] [34m[1mGenerating C introspection for ROS interfaces[0m
[5.393s] [ 38%] [32mBuilding C object CMakeFiles/synchros2_tutorials_interfaces_example__rosidl_typesupport_introspection_c.dir/rosidl_typesupport_introspection_c/synchros2_tutorials_interfaces_example/action/detail/wait__type_support.c.o[0m
[5.442s] [ 41%] [32mBuilding C object CMakeFiles/synchros2_tutorials_interfaces_example__rosidl_typesupport_introspection_c.dir/rosidl_typesupport_introspection_c/synchros2_tutorials_interfaces_example/msg/detail/string__type_support.c.o[0m
[5.469s] [ 43%] [32m[1mLinking C shared library libsynchros2_tutorials_interfaces_example__rosidl_typesupport_introspection_c.so[0m
[5.491s] [ 43%] Built target synchros2_tutorials_interfaces_example__rosidl_typesupport_introspection_c
[5.497s] [ 46%] [34m[1mGenerating C type support dispatch for ROS interfaces[0m
[5.813s] [ 48%] [32mBuilding CXX object CMakeFiles/synchros2_tutorials_interfaces_example__rosidl_typesupport_c.dir/rosidl_typesupport_c/synchros2_tutorials_interfaces_example/action/wait__type_support.cpp.o[0m
[5.855s] [ 51%] [32mBuilding CXX object CMakeFiles/synchros2_tutorials_interfaces_example__rosidl_typesupport_c.dir/rosidl_typesupport_c/synchros2_tutorials_interfaces_example/msg/string__type_support.cpp.o[0m
[5.877s] [ 53%] [32m[1mLinking CXX shared library libsynchros2_tutorials_interfaces_example__rosidl_typesupport_c.so[0m
[5.907s] [ 53%] Built target synchros2_tutorials_interfaces_example__rosidl_typesupport_c
[5.913s] [ 56%] [34m[1mGenerating C++ type support for eProsima Fast-RTPS[0m
[6.400s] [ 58%] [32mBuilding CXX object CMakeFiles/synchros2_tutorials_interfaces_example__rosidl_typesupport_fastrtps_cpp.dir/rosidl_typesupport_fastrtps_cpp/synchros2_tutorials_interfaces_example/action/detail/dds_fastrtps/wait__type_support.cpp.o[0m
[7.084s] [ 61%] [32mBuilding CXX object CMakeFiles/synchros2_tutorials_interfaces_example__rosidl_typesupport_fastrtps_cpp.dir/rosidl_typesupport_fastrtps_cpp/synchros2_tutorials_interfaces_example/msg/detail/dds_fastrtps/string__type_support.cpp.o[0m
[7.431s] [ 64%] [32m[1mLinking CXX shared library libsynchros2_tutorials_interfaces_example__rosidl_typesupport_fastrtps_cpp.so[0m
[7.486s] [ 64%] Built target synchros2_tutorials_interfaces_example__rosidl_typesupport_fastrtps_cpp
[7.492s] [ 66%] [34m[1mGenerating C++ introspection for ROS interfaces[0m
[7.878s] [ 69%] [32mBuilding CXX object CMakeFiles/synchros2_tutorials_interfaces_example__rosidl_typesupport_introspection_cpp.dir/rosidl_typesupport_introspection_cpp/synchros2_tutorials_interfaces_example/action/detail/wait__type_support.cpp.o[0m
[8.355s] [ 71%] [32mBuilding CXX object CMakeFiles/synchros2_tutorials_interfaces_example__rosidl_typesupport_introspection_cpp.dir/rosidl_typesupport_introspection_cpp/synchros2_tutorials_interfaces_example/msg/detail/string__type_support.cpp.o[0m
[8.656s] [ 74%] [32m[1mLinking CXX shared library libsynchros2_tutorials_interfaces_example__rosidl_typesupport_introspection_cpp.so[0m
[8.707s] [ 74%] Built target synchros2_tutorials_interfaces_example__rosidl_typesupport_introspection_cpp
[8.721s] [ 74%] Built target synchros2_tutorials_interfaces_example
[8.741s] [ 74%] Built target ament_cmake_python_symlink_synchros2_tutorials_interfaces_example
[8.971s] running egg_info
[8.971s] creating synchros2_tutorials_interfaces_example.egg-info
[8.972s] writing synchros2_tutorials_interfaces_example.egg-info/PKG-INFO
[8.972s] writing dependency_links to synchros2_tutorials_interfaces_example.egg-info/dependency_links.txt
[8.972s] writing top-level names to synchros2_tutorials_interfaces_example.egg-info/top_level.txt
[8.972s] writing manifest file 'synchros2_tutorials_interfaces_example.egg-info/SOURCES.txt'
[8.974s] reading manifest file 'synchros2_tutorials_interfaces_example.egg-info/SOURCES.txt'
[8.974s] writing manifest file 'synchros2_tutorials_interfaces_example.egg-info/SOURCES.txt'
[8.996s] [ 74%] Built target ament_cmake_python_build_synchros2_tutorials_interfaces_example_egg
[9.011s] [ 76%] [34m[1mGenerating Python code for ROS interfaces[0m
[9.937s] [ 76%] Built target synchros2_tutorials_interfaces_example__py
[9.951s] [ 79%] [32mBuilding C object CMakeFiles/synchros2_tutorials_interfaces_example__rosidl_generator_py.dir/rosidl_generator_py/synchros2_tutorials_interfaces_example/action/_wait_s.c.o[0m
[10.147s] [ 82%] [32mBuilding C object CMakeFiles/synchros2_tutorials_interfaces_example__rosidl_generator_py.dir/rosidl_generator_py/synchros2_tutorials_interfaces_example/msg/_string_s.c.o[0m
[10.238s] [ 84%] [32m[1mLinking C shared library rosidl_generator_py/synchros2_tutorials_interfaces_example/libsynchros2_tutorials_interfaces_example__rosidl_generator_py.so[0m
[10.269s] [ 84%] Built target synchros2_tutorials_interfaces_example__rosidl_generator_py
[10.283s] [ 87%] [32mBuilding C object CMakeFiles/synchros2_tutorials_interfaces_example__rosidl_typesupport_fastrtps_c__pyext.dir/rosidl_generator_py/synchros2_tutorials_interfaces_example/_synchros2_tutorials_interfaces_example_s.ep.rosidl_typesupport_fastrtps_c.c.o[0m
[10.463s] [ 89%] [32m[1mLinking C shared library rosidl_generator_py/synchros2_tutorials_interfaces_example/synchros2_tutorials_interfaces_example_s__rosidl_typesupport_fastrtps_c.cpython-310-x86_64-linux-gnu.so[0m
[10.493s] [ 89%] Built target synchros2_tutorials_interfaces_example__rosidl_typesupport_fastrtps_c__pyext
[10.508s] [ 92%] [32mBuilding C object CMakeFiles/synchros2_tutorials_interfaces_example__rosidl_typesupport_introspection_c__pyext.dir/rosidl_generator_py/synchros2_tutorials_interfaces_example/_synchros2_tutorials_interfaces_example_s.ep.rosidl_typesupport_introspection_c.c.o[0m
[10.685s] [ 94%] [32m[1mLinking C shared library rosidl_generator_py/synchros2_tutorials_interfaces_example/synchros2_tutorials_interfaces_example_s__rosidl_typesupport_introspection_c.cpython-310-x86_64-linux-gnu.so[0m
[10.714s] [ 94%] Built target synchros2_tutorials_interfaces_example__rosidl_typesupport_introspection_c__pyext
[10.729s] [ 97%] [32mBuilding C object CMakeFiles/synchros2_tutorials_interfaces_example__rosidl_typesupport_c__pyext.dir/rosidl_generator_py/synchros2_tutorials_interfaces_example/_synchros2_tutorials_interfaces_example_s.ep.rosidl_typesupport_c.c.o[0m
[10.900s] [100%] [32m[1mLinking C shared library rosidl_generator_py/synchros2_tutorials_interfaces_example/synchros2_tutorials_interfaces_example_s__rosidl_typesupport_c.cpython-310-x86_64-linux-gnu.so[0m
[10.928s] [100%] Built target synchros2_tutorials_interfaces_example__rosidl_typesupport_c__pyext
[10.937s] Invoked command in '/ros_ws/build/synchros2_tutorials_interfaces_example' returned '0': CMAKE_PREFIX_PATH=/ros_ws/install/rtabmap_lidar_custom:/opt/ros/humble /usr/bin/cmake --build /ros_ws/build/synchros2_tutorials_interfaces_example
[10.939s] Invoking command in '/ros_ws/build/synchros2_tutorials_interfaces_example': CMAKE_PREFIX_PATH=/ros_ws/install/rtabmap_lidar_custom:/opt/ros/humble /usr/bin/cmake --install /ros_ws/build/synchros2_tutorials_interfaces_example
[10.944s] -- Install configuration: "Release"
[10.944s] -- Execute custom install script
[10.945s] -- Symlinking: /ros_ws/install/synchros2_tutorials_interfaces_example/share/ament_index/resource_index/rosidl_interfaces/synchros2_tutorials_interfaces_example
[10.952s] -- Symlinking: /ros_ws/install/synchros2_tutorials_interfaces_example/include/synchros2_tutorials_interfaces_example/synchros2_tutorials_interfaces_example/action/detail/wait__functions.h
[10.958s] -- Symlinking: /ros_ws/install/synchros2_tutorials_interfaces_example/include/synchros2_tutorials_interfaces_example/synchros2_tutorials_interfaces_example/action/detail/wait__struct.h
[10.963s] -- Symlinking: /ros_ws/install/synchros2_tutorials_interfaces_example/include/synchros2_tutorials_interfaces_example/synchros2_tutorials_interfaces_example/action/detail/wait__type_support.h
[10.971s] -- Symlinking: /ros_ws/install/synchros2_tutorials_interfaces_example/include/synchros2_tutorials_interfaces_example/synchros2_tutorials_interfaces_example/action/wait.h
[10.976s] -- Symlinking: /ros_ws/install/synchros2_tutorials_interfaces_example/include/synchros2_tutorials_interfaces_example/synchros2_tutorials_interfaces_example/msg/detail/string__functions.h
[10.982s] -- Symlinking: /ros_ws/install/synchros2_tutorials_interfaces_example/include/synchros2_tutorials_interfaces_example/synchros2_tutorials_interfaces_example/msg/detail/string__struct.h
[10.988s] -- Symlinking: /ros_ws/install/synchros2_tutorials_interfaces_example/include/synchros2_tutorials_interfaces_example/synchros2_tutorials_interfaces_example/msg/detail/string__type_support.h
[10.993s] -- Symlinking: /ros_ws/install/synchros2_tutorials_interfaces_example/include/synchros2_tutorials_interfaces_example/synchros2_tutorials_interfaces_example/msg/rosidl_generator_c__visibility_control.h
[10.999s] -- Symlinking: /ros_ws/install/synchros2_tutorials_interfaces_example/include/synchros2_tutorials_interfaces_example/synchros2_tutorials_interfaces_example/msg/string.h
[11.006s] -- Symlinking: /ros_ws/install/synchros2_tutorials_interfaces_example/share/synchros2_tutorials_interfaces_example/environment/library_path.sh
[11.011s] -- Symlinking: /ros_ws/install/synchros2_tutorials_interfaces_example/share/synchros2_tutorials_interfaces_example/environment/library_path.dsv
[11.018s] -- Symlinking: /ros_ws/install/synchros2_tutorials_interfaces_example/include/synchros2_tutorials_interfaces_example/synchros2_tutorials_interfaces_example/action/detail/wait__rosidl_typesupport_fastrtps_c.h
[11.023s] -- Symlinking: /ros_ws/install/synchros2_tutorials_interfaces_example/include/synchros2_tutorials_interfaces_example/synchros2_tutorials_interfaces_example/msg/detail/string__rosidl_typesupport_fastrtps_c.h
[11.029s] -- Symlinking: /ros_ws/install/synchros2_tutorials_interfaces_example/include/synchros2_tutorials_interfaces_example/synchros2_tutorials_interfaces_example/msg/rosidl_typesupport_fastrtps_c__visibility_control.h
[11.036s] -- Symlinking: /ros_ws/install/synchros2_tutorials_interfaces_example/include/synchros2_tutorials_interfaces_example/synchros2_tutorials_interfaces_example/action/detail/wait__rosidl_typesupport_introspection_c.h
[11.042s] -- Symlinking: /ros_ws/install/synchros2_tutorials_interfaces_example/include/synchros2_tutorials_interfaces_example/synchros2_tutorials_interfaces_example/msg/detail/string__rosidl_typesupport_introspection_c.h
[11.047s] -- Symlinking: /ros_ws/install/synchros2_tutorials_interfaces_example/include/synchros2_tutorials_interfaces_example/synchros2_tutorials_interfaces_example/msg/rosidl_typesupport_introspection_c__visibility_control.h
[11.055s] -- Symlinking: /ros_ws/install/synchros2_tutorials_interfaces_example/include/synchros2_tutorials_interfaces_example/synchros2_tutorials_interfaces_example/action/detail/wait__builder.hpp
[11.060s] -- Symlinking: /ros_ws/install/synchros2_tutorials_interfaces_example/include/synchros2_tutorials_interfaces_example/synchros2_tutorials_interfaces_example/action/detail/wait__struct.hpp
[11.066s] -- Symlinking: /ros_ws/install/synchros2_tutorials_interfaces_example/include/synchros2_tutorials_interfaces_example/synchros2_tutorials_interfaces_example/action/detail/wait__traits.hpp
[11.073s] -- Symlinking: /ros_ws/install/synchros2_tutorials_interfaces_example/include/synchros2_tutorials_interfaces_example/synchros2_tutorials_interfaces_example/action/detail/wait__type_support.hpp
[11.079s] -- Symlinking: /ros_ws/install/synchros2_tutorials_interfaces_example/include/synchros2_tutorials_interfaces_example/synchros2_tutorials_interfaces_example/action/wait.hpp
[11.086s] -- Symlinking: /ros_ws/install/synchros2_tutorials_interfaces_example/include/synchros2_tutorials_interfaces_example/synchros2_tutorials_interfaces_example/msg/detail/string__builder.hpp
[11.092s] -- Symlinking: /ros_ws/install/synchros2_tutorials_interfaces_example/include/synchros2_tutorials_interfaces_example/synchros2_tutorials_interfaces_example/msg/detail/string__struct.hpp
[11.097s] -- Symlinking: /ros_ws/install/synchros2_tutorials_interfaces_example/include/synchros2_tutorials_interfaces_example/synchros2_tutorials_interfaces_example/msg/detail/string__traits.hpp
[11.104s] -- Symlinking: /ros_ws/install/synchros2_tutorials_interfaces_example/include/synchros2_tutorials_interfaces_example/synchros2_tutorials_interfaces_example/msg/detail/string__type_support.hpp
[11.110s] -- Symlinking: /ros_ws/install/synchros2_tutorials_interfaces_example/include/synchros2_tutorials_interfaces_example/synchros2_tutorials_interfaces_example/msg/rosidl_generator_cpp__visibility_control.hpp
[11.117s] -- Symlinking: /ros_ws/install/synchros2_tutorials_interfaces_example/include/synchros2_tutorials_interfaces_example/synchros2_tutorials_interfaces_example/msg/string.hpp
[11.123s] -- Symlinking: /ros_ws/install/synchros2_tutorials_interfaces_example/include/synchros2_tutorials_interfaces_example/synchros2_tutorials_interfaces_example/action/detail/wait__rosidl_typesupport_fastrtps_cpp.hpp
[11.130s] -- Symlinking: /ros_ws/install/synchros2_tutorials_interfaces_example/include/synchros2_tutorials_interfaces_example/synchros2_tutorials_interfaces_example/msg/detail/string__rosidl_typesupport_fastrtps_cpp.hpp
[11.137s] -- Symlinking: /ros_ws/install/synchros2_tutorials_interfaces_example/include/synchros2_tutorials_interfaces_example/synchros2_tutorials_interfaces_example/msg/rosidl_typesupport_fastrtps_cpp__visibility_control.h
[11.143s] -- Symlinking: /ros_ws/install/synchros2_tutorials_interfaces_example/include/synchros2_tutorials_interfaces_example/synchros2_tutorials_interfaces_example/action/detail/wait__rosidl_typesupport_introspection_cpp.hpp
[11.148s] -- Symlinking: /ros_ws/install/synchros2_tutorials_interfaces_example/include/synchros2_tutorials_interfaces_example/synchros2_tutorials_interfaces_example/msg/detail/string__rosidl_typesupport_introspection_cpp.hpp
[11.155s] -- Symlinking: /ros_ws/install/synchros2_tutorials_interfaces_example/share/synchros2_tutorials_interfaces_example/environment/pythonpath.sh
[11.161s] -- Symlinking: /ros_ws/install/synchros2_tutorials_interfaces_example/share/synchros2_tutorials_interfaces_example/environment/pythonpath.dsv
[11.169s] -- Symlinking: /ros_ws/install/synchros2_tutorials_interfaces_example/local/lib/python3.10/dist-packages/synchros2_tutorials_interfaces_example-1.0.4-py3.10.egg-info/PKG-INFO
[11.174s] -- Symlinking: /ros_ws/install/synchros2_tutorials_interfaces_example/local/lib/python3.10/dist-packages/synchros2_tutorials_interfaces_example-1.0.4-py3.10.egg-info/SOURCES.txt
[11.180s] -- Symlinking: /ros_ws/install/synchros2_tutorials_interfaces_example/local/lib/python3.10/dist-packages/synchros2_tutorials_interfaces_example-1.0.4-py3.10.egg-info/dependency_links.txt
[11.187s] -- Symlinking: /ros_ws/install/synchros2_tutorials_interfaces_example/local/lib/python3.10/dist-packages/synchros2_tutorials_interfaces_example-1.0.4-py3.10.egg-info/top_level.txt
[11.193s] -- Symlinking: /ros_ws/install/synchros2_tutorials_interfaces_example/local/lib/python3.10/dist-packages/synchros2_tutorials_interfaces_example/__init__.py
[11.199s] -- Symlinking: /ros_ws/install/synchros2_tutorials_interfaces_example/local/lib/python3.10/dist-packages/synchros2_tutorials_interfaces_example/_synchros2_tutorials_interfaces_example_s.ep.rosidl_typesupport_c.c
[11.205s] -- Symlinking: /ros_ws/install/synchros2_tutorials_interfaces_example/local/lib/python3.10/dist-packages/synchros2_tutorials_interfaces_example/_synchros2_tutorials_interfaces_example_s.ep.rosidl_typesupport_fastrtps_c.c
[11.210s] -- Symlinking: /ros_ws/install/synchros2_tutorials_interfaces_example/local/lib/python3.10/dist-packages/synchros2_tutorials_interfaces_example/_synchros2_tutorials_interfaces_example_s.ep.rosidl_typesupport_introspection_c.c
[11.217s] -- Symlinking: /ros_ws/install/synchros2_tutorials_interfaces_example/local/lib/python3.10/dist-packages/synchros2_tutorials_interfaces_example/action/__init__.py
[11.222s] -- Symlinking: /ros_ws/install/synchros2_tutorials_interfaces_example/local/lib/python3.10/dist-packages/synchros2_tutorials_interfaces_example/action/_wait.py
[11.228s] -- Symlinking: /ros_ws/install/synchros2_tutorials_interfaces_example/local/lib/python3.10/dist-packages/synchros2_tutorials_interfaces_example/action/_wait_s.c
[11.235s] -- Symlinking: /ros_ws/install/synchros2_tutorials_interfaces_example/local/lib/python3.10/dist-packages/synchros2_tutorials_interfaces_example/libsynchros2_tutorials_interfaces_example__rosidl_generator_py.so
[11.241s] -- Symlinking: /ros_ws/install/synchros2_tutorials_interfaces_example/local/lib/python3.10/dist-packages/synchros2_tutorials_interfaces_example/msg/__init__.py
[11.247s] -- Symlinking: /ros_ws/install/synchros2_tutorials_interfaces_example/local/lib/python3.10/dist-packages/synchros2_tutorials_interfaces_example/msg/_string.py
[11.254s] -- Symlinking: /ros_ws/install/synchros2_tutorials_interfaces_example/local/lib/python3.10/dist-packages/synchros2_tutorials_interfaces_example/msg/_string_s.c
[11.260s] -- Symlinking: /ros_ws/install/synchros2_tutorials_interfaces_example/local/lib/python3.10/dist-packages/synchros2_tutorials_interfaces_example/synchros2_tutorials_interfaces_example_s__rosidl_typesupport_c.cpython-310-x86_64-linux-gnu.so
[11.265s] -- Symlinking: /ros_ws/install/synchros2_tutorials_interfaces_example/local/lib/python3.10/dist-packages/synchros2_tutorials_interfaces_example/synchros2_tutorials_interfaces_example_s__rosidl_typesupport_fastrtps_c.cpython-310-x86_64-linux-gnu.so
[11.272s] -- Symlinking: /ros_ws/install/synchros2_tutorials_interfaces_example/local/lib/python3.10/dist-packages/synchros2_tutorials_interfaces_example/synchros2_tutorials_interfaces_example_s__rosidl_typesupport_introspection_c.cpython-310-x86_64-linux-gnu.so
[11.277s] -- Up-to-date symlink: /ros_ws/install/synchros2_tutorials_interfaces_example/local/lib/python3.10/dist-packages/synchros2_tutorials_interfaces_example/synchros2_tutorials_interfaces_example_s__rosidl_typesupport_fastrtps_c.cpython-310-x86_64-linux-gnu.so
[11.278s] -- Up-to-date symlink: /ros_ws/install/synchros2_tutorials_interfaces_example/local/lib/python3.10/dist-packages/synchros2_tutorials_interfaces_example/synchros2_tutorials_interfaces_example_s__rosidl_typesupport_introspection_c.cpython-310-x86_64-linux-gnu.so
[11.278s] -- Up-to-date symlink: /ros_ws/install/synchros2_tutorials_interfaces_example/local/lib/python3.10/dist-packages/synchros2_tutorials_interfaces_example/synchros2_tutorials_interfaces_example_s__rosidl_typesupport_c.cpython-310-x86_64-linux-gnu.so
[11.278s] -- Symlinking: /ros_ws/install/synchros2_tutorials_interfaces_example/share/synchros2_tutorials_interfaces_example/action/Wait.idl
[11.285s] -- Symlinking: /ros_ws/install/synchros2_tutorials_interfaces_example/share/synchros2_tutorials_interfaces_example/msg/String.idl
[11.290s] -- Symlinking: /ros_ws/install/synchros2_tutorials_interfaces_example/share/synchros2_tutorials_interfaces_example/action/Wait.action
[11.295s] -- Symlinking: /ros_ws/install/synchros2_tutorials_interfaces_example/share/synchros2_tutorials_interfaces_example/msg/String.msg
[11.302s] -- Symlinking: /ros_ws/install/synchros2_tutorials_interfaces_example/share/ament_index/resource_index/package_run_dependencies/synchros2_tutorials_interfaces_example
[11.308s] -- Symlinking: /ros_ws/install/synchros2_tutorials_interfaces_example/share/ament_index/resource_index/parent_prefix_path/synchros2_tutorials_interfaces_example
[11.314s] -- Symlinking: /ros_ws/install/synchros2_tutorials_interfaces_example/share/synchros2_tutorials_interfaces_example/environment/ament_prefix_path.sh
[11.321s] -- Symlinking: /ros_ws/install/synchros2_tutorials_interfaces_example/share/synchros2_tutorials_interfaces_example/environment/ament_prefix_path.dsv
[11.327s] -- Symlinking: /ros_ws/install/synchros2_tutorials_interfaces_example/share/synchros2_tutorials_interfaces_example/environment/path.sh
[11.334s] -- Symlinking: /ros_ws/install/synchros2_tutorials_interfaces_example/share/synchros2_tutorials_interfaces_example/environment/path.dsv
[11.340s] -- Symlinking: /ros_ws/install/synchros2_tutorials_interfaces_example/share/synchros2_tutorials_interfaces_example/local_setup.bash
[11.346s] -- Symlinking: /ros_ws/install/synchros2_tutorials_interfaces_example/share/synchros2_tutorials_interfaces_example/local_setup.sh
[11.353s] -- Symlinking: /ros_ws/install/synchros2_tutorials_interfaces_example/share/synchros2_tutorials_interfaces_example/local_setup.zsh
[11.358s] -- Symlinking: /ros_ws/install/synchros2_tutorials_interfaces_example/share/synchros2_tutorials_interfaces_example/local_setup.dsv
[11.364s] -- Symlinking: /ros_ws/install/synchros2_tutorials_interfaces_example/share/synchros2_tutorials_interfaces_example/package.dsv
[11.371s] -- Symlinking: /ros_ws/install/synchros2_tutorials_interfaces_example/share/ament_index/resource_index/packages/synchros2_tutorials_interfaces_example
[11.376s] -- Symlinking: /ros_ws/install/synchros2_tutorials_interfaces_example/share/synchros2_tutorials_interfaces_example/cmake/rosidl_cmake-extras.cmake
[11.382s] -- Symlinking: /ros_ws/install/synchros2_tutorials_interfaces_example/share/synchros2_tutorials_interfaces_example/cmake/ament_cmake_export_dependencies-extras.cmake
[11.388s] -- Symlinking: /ros_ws/install/synchros2_tutorials_interfaces_example/share/synchros2_tutorials_interfaces_example/cmake/ament_cmake_export_include_directories-extras.cmake
[11.394s] -- Symlinking: /ros_ws/install/synchros2_tutorials_interfaces_example/share/synchros2_tutorials_interfaces_example/cmake/ament_cmake_export_libraries-extras.cmake
[11.400s] -- Symlinking: /ros_ws/install/synchros2_tutorials_interfaces_example/share/synchros2_tutorials_interfaces_example/cmake/ament_cmake_export_targets-extras.cmake
[11.406s] -- Symlinking: /ros_ws/install/synchros2_tutorials_interfaces_example/share/synchros2_tutorials_interfaces_example/cmake/rosidl_cmake_export_typesupport_targets-extras.cmake
[11.411s] -- Symlinking: /ros_ws/install/synchros2_tutorials_interfaces_example/share/synchros2_tutorials_interfaces_example/cmake/rosidl_cmake_export_typesupport_libraries-extras.cmake
[11.417s] -- Symlinking: /ros_ws/install/synchros2_tutorials_interfaces_example/share/synchros2_tutorials_interfaces_example/cmake/synchros2_tutorials_interfaces_exampleConfig.cmake
[11.423s] -- Symlinking: /ros_ws/install/synchros2_tutorials_interfaces_example/share/synchros2_tutorials_interfaces_example/cmake/synchros2_tutorials_interfaces_exampleConfig-version.cmake
[11.429s] -- Symlinking: /ros_ws/install/synchros2_tutorials_interfaces_example/share/synchros2_tutorials_interfaces_example/package.xml
[11.436s] -- Installing: /ros_ws/install/synchros2_tutorials_interfaces_example/lib/libsynchros2_tutorials_interfaces_example__rosidl_generator_c.so
[11.436s] -- Set runtime path of "/ros_ws/install/synchros2_tutorials_interfaces_example/lib/libsynchros2_tutorials_interfaces_example__rosidl_generator_c.so" to ""
[11.436s] -- Installing: /ros_ws/install/synchros2_tutorials_interfaces_example/lib/libsynchros2_tutorials_interfaces_example__rosidl_typesupport_fastrtps_c.so
[11.436s] -- Set runtime path of "/ros_ws/install/synchros2_tutorials_interfaces_example/lib/libsynchros2_tutorials_interfaces_example__rosidl_typesupport_fastrtps_c.so" to ""
[11.437s] -- Installing: /ros_ws/install/synchros2_tutorials_interfaces_example/lib/libsynchros2_tutorials_interfaces_example__rosidl_typesupport_introspection_c.so
[11.437s] -- Set runtime path of "/ros_ws/install/synchros2_tutorials_interfaces_example/lib/libsynchros2_tutorials_interfaces_example__rosidl_typesupport_introspection_c.so" to ""
[11.437s] -- Installing: /ros_ws/install/synchros2_tutorials_interfaces_example/lib/libsynchros2_tutorials_interfaces_example__rosidl_typesupport_c.so
[11.437s] -- Set runtime path of "/ros_ws/install/synchros2_tutorials_interfaces_example/lib/libsynchros2_tutorials_interfaces_example__rosidl_typesupport_c.so" to ""
[11.437s] -- Installing: /ros_ws/install/synchros2_tutorials_interfaces_example/lib/libsynchros2_tutorials_interfaces_example__rosidl_typesupport_fastrtps_cpp.so
[11.437s] -- Set runtime path of "/ros_ws/install/synchros2_tutorials_interfaces_example/lib/libsynchros2_tutorials_interfaces_example__rosidl_typesupport_fastrtps_cpp.so" to ""
[11.438s] -- Installing: /ros_ws/install/synchros2_tutorials_interfaces_example/lib/libsynchros2_tutorials_interfaces_example__rosidl_typesupport_introspection_cpp.so
[11.438s] -- Set runtime path of "/ros_ws/install/synchros2_tutorials_interfaces_example/lib/libsynchros2_tutorials_interfaces_example__rosidl_typesupport_introspection_cpp.so" to ""
[11.438s] -- Installing: /ros_ws/install/synchros2_tutorials_interfaces_example/lib/libsynchros2_tutorials_interfaces_example__rosidl_typesupport_cpp.so
[11.438s] -- Set runtime path of "/ros_ws/install/synchros2_tutorials_interfaces_example/lib/libsynchros2_tutorials_interfaces_example__rosidl_typesupport_cpp.so" to ""
[11.473s] Listing '/ros_ws/install/synchros2_tutorials_interfaces_example/local/lib/python3.10/dist-packages/synchros2_tutorials_interfaces_example'...
[11.473s] Compiling '/ros_ws/install/synchros2_tutorials_interfaces_example/local/lib/python3.10/dist-packages/synchros2_tutorials_interfaces_example/__init__.py'...
[11.473s] Listing '/ros_ws/install/synchros2_tutorials_interfaces_example/local/lib/python3.10/dist-packages/synchros2_tutorials_interfaces_example/action'...
[11.473s] Compiling '/ros_ws/install/synchros2_tutorials_interfaces_example/local/lib/python3.10/dist-packages/synchros2_tutorials_interfaces_example/action/__init__.py'...
[11.473s] Compiling '/ros_ws/install/synchros2_tutorials_interfaces_example/local/lib/python3.10/dist-packages/synchros2_tutorials_interfaces_example/action/_wait.py'...
[11.473s] Listing '/ros_ws/install/synchros2_tutorials_interfaces_example/local/lib/python3.10/dist-packages/synchros2_tutorials_interfaces_example/msg'...
[11.473s] Compiling '/ros_ws/install/synchros2_tutorials_interfaces_example/local/lib/python3.10/dist-packages/synchros2_tutorials_interfaces_example/msg/__init__.py'...
[11.473s] Compiling '/ros_ws/install/synchros2_tutorials_interfaces_example/local/lib/python3.10/dist-packages/synchros2_tutorials_interfaces_example/msg/_string.py'...
[11.477s] -- Installing: /ros_ws/install/synchros2_tutorials_interfaces_example/lib/libsynchros2_tutorials_interfaces_example__rosidl_generator_py.so
[11.477s] -- Set runtime path of "/ros_ws/install/synchros2_tutorials_interfaces_example/lib/libsynchros2_tutorials_interfaces_example__rosidl_generator_py.so" to ""
[11.477s] -- Installing: /ros_ws/install/synchros2_tutorials_interfaces_example/share/synchros2_tutorials_interfaces_example/cmake/export_synchros2_tutorials_interfaces_example__rosidl_generator_cExport.cmake
[11.477s] -- Installing: /ros_ws/install/synchros2_tutorials_interfaces_example/share/synchros2_tutorials_interfaces_example/cmake/export_synchros2_tutorials_interfaces_example__rosidl_generator_cExport-release.cmake
[11.478s] -- Installing: /ros_ws/install/synchros2_tutorials_interfaces_example/share/synchros2_tutorials_interfaces_example/cmake/export_synchros2_tutorials_interfaces_example__rosidl_typesupport_fastrtps_cExport.cmake
[11.478s] -- Installing: /ros_ws/install/synchros2_tutorials_interfaces_example/share/synchros2_tutorials_interfaces_example/cmake/export_synchros2_tutorials_interfaces_example__rosidl_typesupport_fastrtps_cExport-release.cmake
[11.478s] -- Installing: /ros_ws/install/synchros2_tutorials_interfaces_example/share/synchros2_tutorials_interfaces_example/cmake/synchros2_tutorials_interfaces_example__rosidl_typesupport_introspection_cExport.cmake
[11.478s] -- Installing: /ros_ws/install/synchros2_tutorials_interfaces_example/share/synchros2_tutorials_interfaces_example/cmake/synchros2_tutorials_interfaces_example__rosidl_typesupport_introspection_cExport-release.cmake
[11.478s] -- Installing: /ros_ws/install/synchros2_tutorials_interfaces_example/share/synchros2_tutorials_interfaces_example/cmake/synchros2_tutorials_interfaces_example__rosidl_typesupport_cExport.cmake
[11.478s] -- Installing: /ros_ws/install/synchros2_tutorials_interfaces_example/share/synchros2_tutorials_interfaces_example/cmake/synchros2_tutorials_interfaces_example__rosidl_typesupport_cExport-release.cmake
[11.479s] -- Installing: /ros_ws/install/synchros2_tutorials_interfaces_example/share/synchros2_tutorials_interfaces_example/cmake/export_synchros2_tutorials_interfaces_example__rosidl_generator_cppExport.cmake
[11.479s] -- Installing: /ros_ws/install/synchros2_tutorials_interfaces_example/share/synchros2_tutorials_interfaces_example/cmake/export_synchros2_tutorials_interfaces_example__rosidl_typesupport_fastrtps_cppExport.cmake
[11.479s] -- Installing: /ros_ws/install/synchros2_tutorials_interfaces_example/share/synchros2_tutorials_interfaces_example/cmake/export_synchros2_tutorials_interfaces_example__rosidl_typesupport_fastrtps_cppExport-release.cmake
[11.479s] -- Installing: /ros_ws/install/synchros2_tutorials_interfaces_example/share/synchros2_tutorials_interfaces_example/cmake/synchros2_tutorials_interfaces_example__rosidl_typesupport_introspection_cppExport.cmake
[11.479s] -- Installing: /ros_ws/install/synchros2_tutorials_interfaces_example/share/synchros2_tutorials_interfaces_example/cmake/synchros2_tutorials_interfaces_example__rosidl_typesupport_introspection_cppExport-release.cmake
[11.479s] -- Installing: /ros_ws/install/synchros2_tutorials_interfaces_example/share/synchros2_tutorials_interfaces_example/cmake/synchros2_tutorials_interfaces_example__rosidl_typesupport_cppExport.cmake
[11.480s] -- Installing: /ros_ws/install/synchros2_tutorials_interfaces_example/share/synchros2_tutorials_interfaces_example/cmake/synchros2_tutorials_interfaces_example__rosidl_typesupport_cppExport-release.cmake
[11.480s] -- Installing: /ros_ws/install/synchros2_tutorials_interfaces_example/share/synchros2_tutorials_interfaces_example/cmake/export_synchros2_tutorials_interfaces_example__rosidl_generator_pyExport.cmake
[11.480s] -- Installing: /ros_ws/install/synchros2_tutorials_interfaces_example/share/synchros2_tutorials_interfaces_example/cmake/export_synchros2_tutorials_interfaces_example__rosidl_generator_pyExport-release.cmake
[11.482s] Invoked command in '/ros_ws/build/synchros2_tutorials_interfaces_example' returned '0': CMAKE_PREFIX_PATH=/ros_ws/install/rtabmap_lidar_custom:/opt/ros/humble /usr/bin/cmake --install /ros_ws/build/synchros2_tutorials_interfaces_example
