[0.700s] Invoking command in '/ros_ws/build/synchros2': PYTHONPATH=/ros_ws/build/synchros2/prefix_override:/usr/lib/python3/dist-packages/colcon_core/task/python/colcon_distutils_commands:/ros_ws/install/synchros2/lib/python3.10/site-packages:${PYTHONPATH} /usr/bin/python3 -W ignore:setup.py install is deprecated -W ignore:easy_install command is deprecated setup.py develop --editable --build-directory /ros_ws/build/synchros2/build --no-deps symlink_data
[0.940s] running develop
[1.091s] running egg_info
[1.091s] creating synchros2.egg-info
[1.092s] writing synchros2.egg-info/PKG-INFO
[1.092s] writing dependency_links to synchros2.egg-info/dependency_links.txt
[1.093s] writing requirements to synchros2.egg-info/requires.txt
[1.093s] writing top-level names to synchros2.egg-info/top_level.txt
[1.093s] writing manifest file 'synchros2.egg-info/SOURCES.txt'
[1.095s] reading manifest file 'synchros2.egg-info/SOURCES.txt'
[1.096s] writing manifest file 'synchros2.egg-info/SOURCES.txt'
[1.098s] running build_ext
[1.098s] Creating /ros_ws/install/synchros2/lib/python3.10/site-packages/synchros2.egg-link (link to .)
[1.099s] 
[1.099s] Installed /ros_ws/build/synchros2
[1.099s] running symlink_data
[1.099s] creating /ros_ws/install/synchros2/share/ament_index
[1.099s] creating /ros_ws/install/synchros2/share/ament_index/resource_index
[1.099s] creating /ros_ws/install/synchros2/share/ament_index/resource_index/packages
[1.099s] symbolically linking /ros_ws/build/synchros2/resource/synchros2 -> /ros_ws/install/synchros2/share/ament_index/resource_index/packages
[1.100s] symbolically linking /ros_ws/build/synchros2/package.xml -> /ros_ws/install/synchros2/share/synchros2
[1.125s] Invoked command in '/ros_ws/build/synchros2' returned '0': PYTHONPATH=/ros_ws/build/synchros2/prefix_override:/usr/lib/python3/dist-packages/colcon_core/task/python/colcon_distutils_commands:/ros_ws/install/synchros2/lib/python3.10/site-packages:${PYTHONPATH} /usr/bin/python3 -W ignore:setup.py install is deprecated -W ignore:easy_install command is deprecated setup.py develop --editable --build-directory /ros_ws/build/synchros2/build --no-deps symlink_data
