[0.629s] Invoking command in '/ros_ws/build/rtabmap_lidar_custom': PYTHONPATH=/ros_ws/build/rtabmap_lidar_custom/prefix_override:/usr/lib/python3/dist-packages/colcon_core/task/python/colcon_distutils_commands:/ros_ws/install/rtabmap_lidar_custom/lib/python3.10/site-packages:${PYTHONPATH} /usr/bin/python3 -W ignore:setup.py install is deprecated -W ignore:easy_install command is deprecated setup.py develop --editable --build-directory /ros_ws/build/rtabmap_lidar_custom/build --no-deps symlink_data
[0.850s] running develop
[0.975s] running egg_info
[0.975s] creating rtabmap_lidar_custom.egg-info
[0.975s] writing rtabmap_lidar_custom.egg-info/PKG-INFO
[0.975s] writing dependency_links to rtabmap_lidar_custom.egg-info/dependency_links.txt
[0.975s] writing entry points to rtabmap_lidar_custom.egg-info/entry_points.txt
[0.976s] writing requirements to rtabmap_lidar_custom.egg-info/requires.txt
[0.976s] writing top-level names to rtabmap_lidar_custom.egg-info/top_level.txt
[0.976s] writing manifest file 'rtabmap_lidar_custom.egg-info/SOURCES.txt'
[0.977s] reading manifest file 'rtabmap_lidar_custom.egg-info/SOURCES.txt'
[0.978s] writing manifest file 'rtabmap_lidar_custom.egg-info/SOURCES.txt'
[0.979s] running build_ext
[0.980s] Creating /ros_ws/install/rtabmap_lidar_custom/lib/python3.10/site-packages/rtabmap-lidar-custom.egg-link (link to .)
[0.981s] 
[0.981s] Installed /ros_ws/build/rtabmap_lidar_custom
[0.981s] running symlink_data
[0.981s] creating /ros_ws/install/rtabmap_lidar_custom/share/ament_index
[0.981s] creating /ros_ws/install/rtabmap_lidar_custom/share/ament_index/resource_index
[0.982s] creating /ros_ws/install/rtabmap_lidar_custom/share/ament_index/resource_index/packages
[0.982s] symbolically linking /ros_ws/build/rtabmap_lidar_custom/resource/rtabmap_lidar_custom -> /ros_ws/install/rtabmap_lidar_custom/share/ament_index/resource_index/packages
[0.982s] symbolically linking /ros_ws/build/rtabmap_lidar_custom/package.xml -> /ros_ws/install/rtabmap_lidar_custom/share/rtabmap_lidar_custom
[0.982s] creating /ros_ws/install/rtabmap_lidar_custom/share/rtabmap_lidar_custom/launch
[0.982s] symbolically linking /ros_ws/build/rtabmap_lidar_custom/launch/lidar_slam.launch.py -> /ros_ws/install/rtabmap_lidar_custom/share/rtabmap_lidar_custom/launch
[1.003s] Invoked command in '/ros_ws/build/rtabmap_lidar_custom' returned '0': PYTHONPATH=/ros_ws/build/rtabmap_lidar_custom/prefix_override:/usr/lib/python3/dist-packages/colcon_core/task/python/colcon_distutils_commands:/ros_ws/install/rtabmap_lidar_custom/lib/python3.10/site-packages:${PYTHONPATH} /usr/bin/python3 -W ignore:setup.py install is deprecated -W ignore:easy_install command is deprecated setup.py develop --editable --build-directory /ros_ws/build/rtabmap_lidar_custom/build --no-deps symlink_data
