[0.645s] Invoking command in '/ros_ws/build/spot_common': AMENT_PREFIX_PATH=/ros_ws/install/synchros2:${AMENT_PREFIX_PATH} PYTHONPATH=/ros_ws/build/spot_common/prefix_override:/usr/lib/python3/dist-packages/colcon_core/task/python/colcon_distutils_commands:/ros_ws/install/spot_common/lib/python3.10/site-packages:/ros_ws/build/synchros2:/ros_ws/install/synchros2/lib/python3.10/site-packages:/ros_ws/build/spot_wrapper:/ros_ws/install/spot_wrapper/lib/python3.10/site-packages:${PYTHONPATH} /usr/bin/python3 -W ignore:setup.py install is deprecated -W ignore:easy_install command is deprecated setup.py develop --editable --build-directory /ros_ws/build/spot_common/build --no-deps symlink_data
[0.886s] running develop
[1.030s] running egg_info
[1.030s] creating spot_common.egg-info
[1.030s] writing spot_common.egg-info/PKG-INFO
[1.030s] writing dependency_links to spot_common.egg-info/dependency_links.txt
[1.030s] writing requirements to spot_common.egg-info/requires.txt
[1.030s] writing top-level names to spot_common.egg-info/top_level.txt
[1.031s] writing manifest file 'spot_common.egg-info/SOURCES.txt'
[1.033s] reading manifest file 'spot_common.egg-info/SOURCES.txt'
[1.033s] writing manifest file 'spot_common.egg-info/SOURCES.txt'
[1.035s] running build_ext
[1.035s] Creating /ros_ws/install/spot_common/lib/python3.10/site-packages/spot-common.egg-link (link to .)
[1.035s] 
[1.036s] Installed /ros_ws/build/spot_common
[1.036s] running symlink_data
[1.036s] creating /ros_ws/install/spot_common/share/ament_index
[1.036s] creating /ros_ws/install/spot_common/share/ament_index/resource_index
[1.036s] creating /ros_ws/install/spot_common/share/ament_index/resource_index/packages
[1.036s] symbolically linking /ros_ws/build/spot_common/resource/spot_common -> /ros_ws/install/spot_common/share/ament_index/resource_index/packages
[1.036s] symbolically linking /ros_ws/build/spot_common/package.xml -> /ros_ws/install/spot_common/share/spot_common
[1.061s] Invoked command in '/ros_ws/build/spot_common' returned '0': AMENT_PREFIX_PATH=/ros_ws/install/synchros2:${AMENT_PREFIX_PATH} PYTHONPATH=/ros_ws/build/spot_common/prefix_override:/usr/lib/python3/dist-packages/colcon_core/task/python/colcon_distutils_commands:/ros_ws/install/spot_common/lib/python3.10/site-packages:/ros_ws/build/synchros2:/ros_ws/install/synchros2/lib/python3.10/site-packages:/ros_ws/build/spot_wrapper:/ros_ws/install/spot_wrapper/lib/python3.10/site-packages:${PYTHONPATH} /usr/bin/python3 -W ignore:setup.py install is deprecated -W ignore:easy_install command is deprecated setup.py develop --editable --build-directory /ros_ws/build/spot_common/build --no-deps symlink_data
