[0.016s] Invoking command in '/ros_ws/build/spot_ros2_control': AMENT_PREFIX_PATH=/ros_ws/install/spot_hardware_interface:/ros_ws/install/spot_controllers:/ros_ws/install/spot_common:/ros_ws/install/synchros2:/ros_ws/install/spot_msgs:/ros_ws/install/spot_description:${AMENT_PREFIX_PATH} CMAKE_PREFIX_PATH=/ros_ws/install/spot_hardware_interface:/ros_ws/install/spot_controllers:/ros_ws/install/spot_msgs:/ros_ws/install/spot_description:/ros_ws/install/rtabmap_lidar_custom:/opt/ros/humble LD_LIBRARY_PATH=/ros_ws/install/spot_hardware_interface/lib:/ros_ws/install/spot_controllers/lib:/ros_ws/install/spot_msgs/lib:${LD_LIBRARY_PATH} PYTHONPATH=/ros_ws/build/spot_common:/ros_ws/install/spot_common/lib/python3.10/site-packages:/ros_ws/build/synchros2:/ros_ws/install/synchros2/lib/python3.10/site-packages:/ros_ws/build/spot_wrapper:/ros_ws/install/spot_wrapper/lib/python3.10/site-packages:/ros_ws/install/spot_msgs/local/lib/python3.10/dist-packages:${PYTHONPATH} /usr/bin/cmake /ros_ws/src/spot_ros2_control -DCMAKE_BUILD_TYPE=Release -DAMENT_CMAKE_SYMLINK_INSTALL=1 -DCMAKE_INSTALL_PREFIX=/ros_ws/install/spot_ros2_control
[0.057s] -- The C compiler identification is GNU 11.4.0
[0.102s] -- The CXX compiler identification is GNU 11.4.0
[0.108s] -- Detecting C compiler ABI info
[0.160s] -- Detecting C compiler ABI info - done
[0.165s] -- Check for working C compiler: /usr/bin/cc - skipped
[0.165s] -- Detecting C compile features
[0.165s] -- Detecting C compile features - done
[0.168s] -- Detecting CXX compiler ABI info
[0.229s] -- Detecting CXX compiler ABI info - done
[0.235s] -- Check for working CXX compiler: /usr/bin/c++ - skipped
[0.235s] -- Detecting CXX compile features
[0.235s] -- Detecting CXX compile features - done
[0.238s] -- Found ament_cmake: 1.3.13 (/opt/ros/humble/share/ament_cmake/cmake)
[0.360s] -- Found Python3: /usr/bin/python3 (found version "3.10.12") found components: Interpreter 
[0.420s] -- Override CMake install command with custom implementation using symlinks instead of copying resources
[0.456s] -- Found rclcpp: 16.0.18 (/opt/ros/humble/share/rclcpp/cmake)
[0.525s] -- Found rosidl_generator_c: 3.1.8 (/opt/ros/humble/share/rosidl_generator_c/cmake)
[0.532s] -- Found rosidl_adapter: 3.1.8 (/opt/ros/humble/share/rosidl_adapter/cmake)
[0.544s] -- Found rosidl_generator_cpp: 3.1.8 (/opt/ros/humble/share/rosidl_generator_cpp/cmake)
[0.561s] -- Using all available rosidl_typesupport_c: rosidl_typesupport_fastrtps_c;rosidl_typesupport_introspection_c
[0.585s] -- Using all available rosidl_typesupport_cpp: rosidl_typesupport_fastrtps_cpp;rosidl_typesupport_introspection_cpp
[0.635s] -- Found rmw_implementation_cmake: 6.1.2 (/opt/ros/humble/share/rmw_implementation_cmake/cmake)
[0.638s] -- Found rmw_fastrtps_cpp: 6.2.10 (/opt/ros/humble/share/rmw_fastrtps_cpp/cmake)
[0.717s] -- Found OpenSSL: /usr/lib/x86_64-linux-gnu/libcrypto.so (found version "3.0.2")  
[0.742s] -- Found FastRTPS: /opt/ros/humble/include  
[0.782s] -- Using RMW implementation 'rmw_fastrtps_cpp' as default
[0.791s] -- Looking for pthread.h
[0.844s] -- Looking for pthread.h - found
[0.844s] -- Performing Test CMAKE_HAVE_LIBC_PTHREAD
[0.898s] -- Performing Test CMAKE_HAVE_LIBC_PTHREAD - Success
[0.899s] -- Found Threads: TRUE  
[0.949s] -- Found rclcpp_lifecycle: 16.0.18 (/opt/ros/humble/share/rclcpp_lifecycle/cmake)
[0.971s] -- Found sensor_msgs: 4.9.1 (/opt/ros/humble/share/sensor_msgs/cmake)
[0.996s] -- Found spot_hardware_interface: 0.0.0 (/ros_ws/install/spot_hardware_interface/share/spot_hardware_interface/cmake)
[1.193s] -- Found PythonInterp: /usr/bin/python (found version "3.10.12") 
[1.203s] -- Found Protobuf: /usr/lib/x86_64-linux-gnu/libprotobuf.so (found version "3.12.4") 
[1.208s] -- Found rosidl_default_generators: 1.2.0 (/opt/ros/humble/share/rosidl_default_generators/cmake)
[1.305s] -- Checking for module 'grpc'
[1.314s] --   Found grpc, version 10.0.0
[1.337s] -- Checking for module 'grpc++'
[1.347s] --   Found grpc++, version 1.30.2
[1.374s] -- CMake is running /opt/spot-cpp-sdk/lib/cmake/bosdyn/UseInstallbosdyn.cmake
[1.486s] -- Found ament_cmake_pytest: 1.3.13 (/opt/ros/humble/share/ament_cmake_pytest/cmake)
[3.168s] -- Configuring done
[3.231s] -- Generating done
[3.247s] -- Build files have been written to: /ros_ws/build/spot_ros2_control
[3.263s] Invoked command in '/ros_ws/build/spot_ros2_control' returned '0': AMENT_PREFIX_PATH=/ros_ws/install/spot_hardware_interface:/ros_ws/install/spot_controllers:/ros_ws/install/spot_common:/ros_ws/install/synchros2:/ros_ws/install/spot_msgs:/ros_ws/install/spot_description:${AMENT_PREFIX_PATH} CMAKE_PREFIX_PATH=/ros_ws/install/spot_hardware_interface:/ros_ws/install/spot_controllers:/ros_ws/install/spot_msgs:/ros_ws/install/spot_description:/ros_ws/install/rtabmap_lidar_custom:/opt/ros/humble LD_LIBRARY_PATH=/ros_ws/install/spot_hardware_interface/lib:/ros_ws/install/spot_controllers/lib:/ros_ws/install/spot_msgs/lib:${LD_LIBRARY_PATH} PYTHONPATH=/ros_ws/build/spot_common:/ros_ws/install/spot_common/lib/python3.10/site-packages:/ros_ws/build/synchros2:/ros_ws/install/synchros2/lib/python3.10/site-packages:/ros_ws/build/spot_wrapper:/ros_ws/install/spot_wrapper/lib/python3.10/site-packages:/ros_ws/install/spot_msgs/local/lib/python3.10/dist-packages:${PYTHONPATH} /usr/bin/cmake /ros_ws/src/spot_ros2_control -DCMAKE_BUILD_TYPE=Release -DAMENT_CMAKE_SYMLINK_INSTALL=1 -DCMAKE_INSTALL_PREFIX=/ros_ws/install/spot_ros2_control
[3.264s] Invoking command in '/ros_ws/build/spot_ros2_control': AMENT_PREFIX_PATH=/ros_ws/install/spot_hardware_interface:/ros_ws/install/spot_controllers:/ros_ws/install/spot_common:/ros_ws/install/synchros2:/ros_ws/install/spot_msgs:/ros_ws/install/spot_description:${AMENT_PREFIX_PATH} CMAKE_PREFIX_PATH=/ros_ws/install/spot_hardware_interface:/ros_ws/install/spot_controllers:/ros_ws/install/spot_msgs:/ros_ws/install/spot_description:/ros_ws/install/rtabmap_lidar_custom:/opt/ros/humble LD_LIBRARY_PATH=/ros_ws/install/spot_hardware_interface/lib:/ros_ws/install/spot_controllers/lib:/ros_ws/install/spot_msgs/lib:${LD_LIBRARY_PATH} PYTHONPATH=/ros_ws/build/spot_common:/ros_ws/install/spot_common/lib/python3.10/site-packages:/ros_ws/build/synchros2:/ros_ws/install/synchros2/lib/python3.10/site-packages:/ros_ws/build/spot_wrapper:/ros_ws/install/spot_wrapper/lib/python3.10/site-packages:/ros_ws/install/spot_msgs/local/lib/python3.10/dist-packages:${PYTHONPATH} /usr/bin/cmake --build /ros_ws/build/spot_ros2_control
[3.305s] [ 12%] [32mBuilding CXX object CMakeFiles/spot_ros2_control.dir/src/spot_joint_map.cpp.o[0m
[6.368s] [ 25%] [32m[1mLinking CXX shared library libspot_ros2_control.so[0m
[6.556s] [ 25%] Built target spot_ros2_control
[6.571s] [ 37%] [32mBuilding CXX object CMakeFiles/noarm_squat.dir/examples/noarm_squat.cpp.o[0m
[17.211s] [ 50%] [32m[1mLinking CXX executable noarm_squat[0m
[17.442s] [ 50%] Built target noarm_squat
[17.456s] [ 62%] [32mBuilding CXX object CMakeFiles/wiggle_arm.dir/examples/wiggle_arm.cpp.o[0m
[28.050s] [ 75%] [32m[1mLinking CXX executable wiggle_arm[0m
[28.280s] [ 75%] Built target wiggle_arm
[28.295s] [ 87%] [32mBuilding CXX object CMakeFiles/joint_command_passthrough.dir/examples/joint_command_passthrough.cpp.o[0m
[38.702s] [100%] [32m[1mLinking CXX executable joint_command_passthrough[0m
[38.928s] [100%] Built target joint_command_passthrough
[38.936s] Invoked command in '/ros_ws/build/spot_ros2_control' returned '0': AMENT_PREFIX_PATH=/ros_ws/install/spot_hardware_interface:/ros_ws/install/spot_controllers:/ros_ws/install/spot_common:/ros_ws/install/synchros2:/ros_ws/install/spot_msgs:/ros_ws/install/spot_description:${AMENT_PREFIX_PATH} CMAKE_PREFIX_PATH=/ros_ws/install/spot_hardware_interface:/ros_ws/install/spot_controllers:/ros_ws/install/spot_msgs:/ros_ws/install/spot_description:/ros_ws/install/rtabmap_lidar_custom:/opt/ros/humble LD_LIBRARY_PATH=/ros_ws/install/spot_hardware_interface/lib:/ros_ws/install/spot_controllers/lib:/ros_ws/install/spot_msgs/lib:${LD_LIBRARY_PATH} PYTHONPATH=/ros_ws/build/spot_common:/ros_ws/install/spot_common/lib/python3.10/site-packages:/ros_ws/build/synchros2:/ros_ws/install/synchros2/lib/python3.10/site-packages:/ros_ws/build/spot_wrapper:/ros_ws/install/spot_wrapper/lib/python3.10/site-packages:/ros_ws/install/spot_msgs/local/lib/python3.10/dist-packages:${PYTHONPATH} /usr/bin/cmake --build /ros_ws/build/spot_ros2_control
[38.938s] Invoking command in '/ros_ws/build/spot_ros2_control': AMENT_PREFIX_PATH=/ros_ws/install/spot_hardware_interface:/ros_ws/install/spot_controllers:/ros_ws/install/spot_common:/ros_ws/install/synchros2:/ros_ws/install/spot_msgs:/ros_ws/install/spot_description:${AMENT_PREFIX_PATH} CMAKE_PREFIX_PATH=/ros_ws/install/spot_hardware_interface:/ros_ws/install/spot_controllers:/ros_ws/install/spot_msgs:/ros_ws/install/spot_description:/ros_ws/install/rtabmap_lidar_custom:/opt/ros/humble LD_LIBRARY_PATH=/ros_ws/install/spot_hardware_interface/lib:/ros_ws/install/spot_controllers/lib:/ros_ws/install/spot_msgs/lib:${LD_LIBRARY_PATH} PYTHONPATH=/ros_ws/build/spot_common:/ros_ws/install/spot_common/lib/python3.10/site-packages:/ros_ws/build/synchros2:/ros_ws/install/synchros2/lib/python3.10/site-packages:/ros_ws/build/spot_wrapper:/ros_ws/install/spot_wrapper/lib/python3.10/site-packages:/ros_ws/install/spot_msgs/local/lib/python3.10/dist-packages:${PYTHONPATH} /usr/bin/cmake --install /ros_ws/build/spot_ros2_control
[38.944s] -- Install configuration: "Release"
[38.944s] -- Execute custom install script
[38.944s] -- Symlinking: /ros_ws/install/spot_ros2_control/lib/spot_ros2_control/noarm_squat
[38.950s] -- Symlinking: /ros_ws/install/spot_ros2_control/lib/spot_ros2_control/wiggle_arm
[38.957s] -- Symlinking: /ros_ws/install/spot_ros2_control/lib/spot_ros2_control/joint_command_passthrough
[38.963s] -- Symlinking: /ros_ws/install/spot_ros2_control/include/spot_ros2_control/spot_joint_map.hpp
[38.969s] -- Symlinking: /ros_ws/install/spot_ros2_control/share/spot_ros2_control/launch/noarm_squat.launch.py
[38.975s] -- Symlinking: /ros_ws/install/spot_ros2_control/share/spot_ros2_control/launch/spot_ros2_control.launch.py
[38.981s] -- Symlinking: /ros_ws/install/spot_ros2_control/share/spot_ros2_control/launch/wiggle_arm.launch.py
[38.987s] -- Symlinking: /ros_ws/install/spot_ros2_control/share/spot_ros2_control/config/spot_default_controllers_with_arm.yaml
[38.994s] -- Symlinking: /ros_ws/install/spot_ros2_control/share/spot_ros2_control/config/spot_default_controllers_without_arm.yaml
[39.000s] -- Symlinking: /ros_ws/install/spot_ros2_control/share/spot_ros2_control/rviz/template.rviz
[39.006s] -- Symlinking: /ros_ws/install/spot_ros2_control/share/spot_ros2_control/environment/library_path.sh
[39.012s] -- Symlinking: /ros_ws/install/spot_ros2_control/share/spot_ros2_control/environment/library_path.dsv
[39.018s] -- Symlinking: /ros_ws/install/spot_ros2_control/share/ament_index/resource_index/package_run_dependencies/spot_ros2_control
[39.025s] -- Symlinking: /ros_ws/install/spot_ros2_control/share/ament_index/resource_index/parent_prefix_path/spot_ros2_control
[39.030s] -- Symlinking: /ros_ws/install/spot_ros2_control/share/spot_ros2_control/environment/ament_prefix_path.sh
[39.036s] -- Symlinking: /ros_ws/install/spot_ros2_control/share/spot_ros2_control/environment/ament_prefix_path.dsv
[39.043s] -- Symlinking: /ros_ws/install/spot_ros2_control/share/spot_ros2_control/environment/path.sh
[39.049s] -- Symlinking: /ros_ws/install/spot_ros2_control/share/spot_ros2_control/environment/path.dsv
[39.054s] -- Symlinking: /ros_ws/install/spot_ros2_control/share/spot_ros2_control/local_setup.bash
[39.061s] -- Symlinking: /ros_ws/install/spot_ros2_control/share/spot_ros2_control/local_setup.sh
[39.067s] -- Symlinking: /ros_ws/install/spot_ros2_control/share/spot_ros2_control/local_setup.zsh
[39.074s] -- Symlinking: /ros_ws/install/spot_ros2_control/share/spot_ros2_control/local_setup.dsv
[39.079s] -- Symlinking: /ros_ws/install/spot_ros2_control/share/spot_ros2_control/package.dsv
[39.085s] -- Symlinking: /ros_ws/install/spot_ros2_control/share/ament_index/resource_index/packages/spot_ros2_control
[39.092s] -- Symlinking: /ros_ws/install/spot_ros2_control/share/spot_ros2_control/cmake/ament_cmake_export_targets-extras.cmake
[39.097s] -- Symlinking: /ros_ws/install/spot_ros2_control/share/spot_ros2_control/cmake/spot_ros2_controlConfig.cmake
[39.103s] -- Symlinking: /ros_ws/install/spot_ros2_control/share/spot_ros2_control/cmake/spot_ros2_controlConfig-version.cmake
[39.109s] -- Symlinking: /ros_ws/install/spot_ros2_control/share/spot_ros2_control/package.xml
[39.115s] -- Installing: /ros_ws/install/spot_ros2_control/lib/spot_ros2_control/set_gripper_gains
[39.116s] -- Installing: /ros_ws/install/spot_ros2_control/lib/spot_ros2_control/mixed_level_example
[39.117s] -- Installing: /ros_ws/install/spot_ros2_control/lib/libspot_ros2_control.so
[39.117s] -- Set runtime path of "/ros_ws/install/spot_ros2_control/lib/libspot_ros2_control.so" to ""
[39.118s] -- Installing: /ros_ws/install/spot_ros2_control/share/spot_ros2_control/cmake/export_spot_ros2_controlExport.cmake
[39.118s] -- Installing: /ros_ws/install/spot_ros2_control/share/spot_ros2_control/cmake/export_spot_ros2_controlExport-release.cmake
[39.120s] Invoked command in '/ros_ws/build/spot_ros2_control' returned '0': AMENT_PREFIX_PATH=/ros_ws/install/spot_hardware_interface:/ros_ws/install/spot_controllers:/ros_ws/install/spot_common:/ros_ws/install/synchros2:/ros_ws/install/spot_msgs:/ros_ws/install/spot_description:${AMENT_PREFIX_PATH} CMAKE_PREFIX_PATH=/ros_ws/install/spot_hardware_interface:/ros_ws/install/spot_controllers:/ros_ws/install/spot_msgs:/ros_ws/install/spot_description:/ros_ws/install/rtabmap_lidar_custom:/opt/ros/humble LD_LIBRARY_PATH=/ros_ws/install/spot_hardware_interface/lib:/ros_ws/install/spot_controllers/lib:/ros_ws/install/spot_msgs/lib:${LD_LIBRARY_PATH} PYTHONPATH=/ros_ws/build/spot_common:/ros_ws/install/spot_common/lib/python3.10/site-packages:/ros_ws/build/synchros2:/ros_ws/install/synchros2/lib/python3.10/site-packages:/ros_ws/build/spot_wrapper:/ros_ws/install/spot_wrapper/lib/python3.10/site-packages:/ros_ws/install/spot_msgs/local/lib/python3.10/dist-packages:${PYTHONPATH} /usr/bin/cmake --install /ros_ws/build/spot_ros2_control
