[0.013s] Invoking command in '/ros_ws/build/rtabmap_rviz_plugins': AMENT_PREFIX_PATH=/ros_ws/install/rtabmap_conversions:/ros_ws/install/rtabmap_msgs:${AMENT_PREFIX_PATH} CMAKE_PREFIX_PATH=/ros_ws/install/rtabmap_conversions:/ros_ws/install/rtabmap_msgs:/ros_ws/install/rtabmap:/ros_ws/install/rtabmap_lidar_custom:/opt/ros/humble LD_LIBRARY_PATH=/ros_ws/install/rtabmap_conversions/lib:/ros_ws/install/rtabmap_msgs/lib:/ros_ws/install/rtabmap/lib:${LD_LIBRARY_PATH} PATH=/ros_ws/install/rtabmap/bin:${PATH} PKG_CONFIG_PATH=/ros_ws/install/rtabmap/lib/x86_64-linux-gnu/pkgconfig:/ros_ws/install/rtabmap/lib/pkgconfig PYTHONPATH=/ros_ws/install/rtabmap_msgs/local/lib/python3.10/dist-packages:${PYTHONPATH} /usr/bin/cmake /ros_ws/src/rtabmap_ros/rtabmap_rviz_plugins -DCMAKE_BUILD_TYPE=Release -DAMENT_CMAKE_SYMLINK_INSTALL=1 -DCMAKE_INSTALL_PREFIX=/ros_ws/install/rtabmap_rviz_plugins
[0.053s] -- The C compiler identification is GNU 11.4.0
[0.095s] -- The CXX compiler identification is GNU 11.4.0
[0.101s] -- Detecting C compiler ABI info
[0.152s] -- Detecting C compiler ABI info - done
[0.158s] -- Check for working C compiler: /usr/bin/cc - skipped
[0.158s] -- Detecting C compile features
[0.158s] -- Detecting C compile features - done
[0.161s] -- Detecting CXX compiler ABI info
[0.221s] -- Detecting CXX compiler ABI info - done
[0.227s] -- Check for working CXX compiler: /usr/bin/c++ - skipped
[0.227s] -- Detecting CXX compile features
[0.227s] -- Detecting CXX compile features - done
[0.230s] -- Found ament_cmake_ros: 0.10.0 (/opt/ros/humble/share/ament_cmake_ros/cmake)
[0.352s] -- Found Python3: /usr/bin/python3 (found version "3.10.12") found components: Interpreter 
[0.408s] -- Override CMake install command with custom implementation using symlinks instead of copying resources
[0.442s] -- Found pcl_conversions: 2.4.5 (/opt/ros/humble/share/pcl_conversions/cmake)
[0.491s] -- Found rosidl_generator_c: 3.1.8 (/opt/ros/humble/share/rosidl_generator_c/cmake)
[0.497s] -- Found rosidl_adapter: 3.1.8 (/opt/ros/humble/share/rosidl_adapter/cmake)
[0.506s] -- Found rosidl_generator_cpp: 3.1.8 (/opt/ros/humble/share/rosidl_generator_cpp/cmake)
[0.518s] -- Using all available rosidl_typesupport_c: rosidl_typesupport_fastrtps_c;rosidl_typesupport_introspection_c
[0.535s] -- Using all available rosidl_typesupport_cpp: rosidl_typesupport_fastrtps_cpp;rosidl_typesupport_introspection_cpp
[0.579s] -- Found rmw_implementation_cmake: 6.1.2 (/opt/ros/humble/share/rmw_implementation_cmake/cmake)
[0.582s] -- Found rmw_fastrtps_cpp: 6.2.10 (/opt/ros/humble/share/rmw_fastrtps_cpp/cmake)
[0.661s] -- Found OpenSSL: /usr/lib/x86_64-linux-gnu/libcrypto.so (found version "3.0.2")  
[0.686s] -- Found FastRTPS: /opt/ros/humble/include  
[0.728s] -- Using RMW implementation 'rmw_fastrtps_cpp' as default
[0.738s] -- Looking for pthread.h
[0.792s] -- Looking for pthread.h - found
[0.792s] -- Performing Test CMAKE_HAVE_LIBC_PTHREAD
[0.846s] -- Performing Test CMAKE_HAVE_LIBC_PTHREAD - Success
[0.847s] -- Found Threads: TRUE  
[0.953s] -- Checking for module 'eigen3'
[0.962s] --   Found eigen3, version 3.4.0
[0.985s] -- Found Eigen: /usr/include/eigen3 (Required is at least version "3.1") 
[0.985s] -- Eigen found (include: /usr/include/eigen3, version: 3.4.0)
[1.023s] -- Checking for module 'flann'
[1.033s] --   Found flann, version 1.9.1
[1.059s] -- Found FLANN: /usr/lib/x86_64-linux-gnu/libflann_cpp.so  
[1.059s] -- FLANN found (include: /usr/include, lib: /usr/lib/x86_64-linux-gnu/libflann_cpp.so)
[1.747s] -- Checking for module 'libusb-1.0'
[1.757s] --   Found libusb-1.0, version 1.0.25
[1.782s] -- Found libusb: /usr/lib/x86_64-linux-gnu/libusb-1.0.so  
[1.783s] -- OpenNI found (version: 1.5.4.0, include: /usr/include/ni, lib: /usr/lib/libOpenNI.so;libusb::libusb)
[1.832s] -- OpenNI2 found (version: 2.2.0.33, include: /usr/include/openni2, lib: /usr/lib/x86_64-linux-gnu/libOpenNI2.so;libusb::libusb)
[1.970s] -- Eigen found (include: /usr/include/eigen3, version: 3.4.0)
[1.976s] -- OpenNI found (version: 1.5.4.0, include: /usr/include/ni, lib: /usr/lib/libOpenNI.so;libusb::libusb)
[1.982s] -- OpenNI2 found (version: 2.2.0.33, include: /usr/include/openni2, lib: /usr/lib/x86_64-linux-gnu/libOpenNI2.so;libusb::libusb)
[2.117s] -- Found Qhull version 8.0.2
[2.246s] -- OpenNI found (version: 1.5.4.0, include: /usr/include/ni, lib: /usr/lib/libOpenNI.so;libusb::libusb)
[2.372s] -- Found PCL_COMMON: /usr/lib/x86_64-linux-gnu/libpcl_common.so  
[2.372s] -- Found PCL_KDTREE: /usr/lib/x86_64-linux-gnu/libpcl_kdtree.so  
[2.373s] -- Found PCL_OCTREE: /usr/lib/x86_64-linux-gnu/libpcl_octree.so  
[2.374s] -- Found PCL_SEARCH: /usr/lib/x86_64-linux-gnu/libpcl_search.so  
[2.374s] -- Found PCL_SAMPLE_CONSENSUS: /usr/lib/x86_64-linux-gnu/libpcl_sample_consensus.so  
[2.375s] -- Found PCL_FILTERS: /usr/lib/x86_64-linux-gnu/libpcl_filters.so  
[2.375s] -- Found PCL_2D: /usr/include/pcl-1.12  
[2.376s] -- Found PCL_GEOMETRY: /usr/include/pcl-1.12  
[2.377s] -- Found PCL_IO: /usr/lib/x86_64-linux-gnu/libpcl_io.so  
[2.378s] -- Found PCL_FEATURES: /usr/lib/x86_64-linux-gnu/libpcl_features.so  
[2.378s] -- Found PCL_ML: /usr/lib/x86_64-linux-gnu/libpcl_ml.so  
[2.379s] -- Found PCL_SEGMENTATION: /usr/lib/x86_64-linux-gnu/libpcl_segmentation.so  
[2.380s] -- Found PCL_VISUALIZATION: /usr/lib/x86_64-linux-gnu/libpcl_visualization.so  
[2.381s] -- Found PCL_SURFACE: /usr/lib/x86_64-linux-gnu/libpcl_surface.so  
[2.382s] -- Found PCL_REGISTRATION: /usr/lib/x86_64-linux-gnu/libpcl_registration.so  
[2.382s] -- Found PCL_KEYPOINTS: /usr/lib/x86_64-linux-gnu/libpcl_keypoints.so  
[2.383s] -- Found PCL_TRACKING: /usr/lib/x86_64-linux-gnu/libpcl_tracking.so  
[2.384s] -- Found PCL_RECOGNITION: /usr/lib/x86_64-linux-gnu/libpcl_recognition.so  
[2.385s] -- Found PCL_STEREO: /usr/lib/x86_64-linux-gnu/libpcl_stereo.so  
[2.385s] -- Found PCL_APPS: /usr/lib/x86_64-linux-gnu/libpcl_apps.so  
[2.386s] -- Found PCL_IN_HAND_SCANNER: /usr/include/pcl-1.12  
[2.386s] -- Found PCL_MODELER: /usr/include/pcl-1.12  
[2.387s] -- Found PCL_POINT_CLOUD_EDITOR: /usr/include/pcl-1.12  
[2.387s] -- Found PCL_OUTOFCORE: /usr/lib/x86_64-linux-gnu/libpcl_outofcore.so  
[2.388s] -- Found PCL_PEOPLE: /usr/lib/x86_64-linux-gnu/libpcl_people.so  
[2.392s] -- Found pluginlib: 5.1.3 (/opt/ros/humble/share/pluginlib/cmake)
[2.433s] -- Found rviz_common: 11.2.25 (/opt/ros/humble/share/rviz_common/cmake)
[2.447s] -- Setting assimp_DIR to: '/opt/ros/humble/share/rviz_assimp_vendor/cmake/../../../opt/rviz_assimp_vendor/lib/cmake/assimp-4.1'
[2.459s] -- Setting OGRE_DIR to: '/opt/ros/humble/share/rviz_ogre_vendor/cmake/../../../opt/rviz_ogre_vendor/lib/OGRE/cmake'
[2.462s] -- Found OGRE
[2.462s] --   static     : OFF
[2.463s] --   components : HLMS;MeshLodGenerator;Overlay;Paging;Property;RTShaderSystem;Terrain;Volume
[2.463s] --   plugins    : Plugin_BSPSceneManager;Plugin_OctreeSceneManager;Plugin_PCZSceneManager;Plugin_ParticleFX;RenderSystem_GL;RenderSystem_GL3Plus;Codec_STBI
[2.463s] --   media      : /opt/ros/humble/opt/rviz_ogre_vendor/share/OGRE/Media
[2.463s] -- OGRE_LIBRARIES: OgreHLMS;OgreMeshLodGenerator;OgreOverlay;OgrePaging;OgreProperty;OgreRTShaderSystem;OgreTerrain;OgreVolume;OgreMain
[2.463s] -- OGRE_LIBRARY_DIRS: /opt/ros/humble/opt/rviz_ogre_vendor/lib
[2.463s] -- OGRE_PLUGINS: Plugin_BSPSceneManager;Plugin_OctreeSceneManager;Plugin_PCZSceneManager;Plugin_ParticleFX;RenderSystem_GL;RenderSystem_GL3Plus;Codec_STBI
[2.463s] -- OGRE_PLUGIN_DIR: /opt/ros/humble/opt/rviz_ogre_vendor/lib/OGRE
[2.463s] -- rviz_ogre_vendor::OgreOverlay for IMPORTED_LOCATION_RELEASE: /opt/ros/humble/opt/rviz_ogre_vendor/lib/libOgreOverlay.so
[2.463s] -- rviz_ogre_vendor::OgreOverlay for IMPORTED_LOCATION_DEBUG: /opt/ros/humble/opt/rviz_ogre_vendor/lib/libOgreOverlay.so
[2.463s] -- rviz_ogre_vendor::OgreMain for IMPORTED_LOCATION_RELEASE: /opt/ros/humble/opt/rviz_ogre_vendor/lib/libOgreMain.so
[2.464s] -- rviz_ogre_vendor::OgreMain for IMPORTED_LOCATION_DEBUG: /opt/ros/humble/opt/rviz_ogre_vendor/lib/libOgreMain.so
[2.464s] -- Could not find freeimage library
[2.470s] -- Found ZLIB: /usr/lib/x86_64-linux-gnu/libz.so (found version "1.2.11") 
[2.471s] -- Found OpenGL: /usr/lib/x86_64-linux-gnu/libOpenGL.so   
[2.492s] -- Found X11: /usr/include   
[2.568s] -- library: /usr/lib/x86_64-linux-gnu/libcurl.so
[2.600s] -- Found Eigen3: TRUE (found version "3.4.0") 
[2.600s] -- Ensuring Eigen3 include directory is part of orocos-kdl CMake target
[2.726s] -- Found rviz_default_plugins: 11.2.25 (/opt/ros/humble/share/rviz_default_plugins/cmake)
[2.831s] -- Found rtabmap_conversions: 0.22.1 (/ros_ws/install/rtabmap_conversions/share/rtabmap_conversions/cmake)
[2.885s] [33mCMake Warning (dev) at /usr/share/cmake-3.22/Modules/CMakeFindDependencyMacro.cmake:47 (find_package):
[2.885s]   Policy CMP0074 is not set: find_package uses <PackageName>_ROOT variables.
[2.885s]   Run "cmake --help-policy CMP0074" for policy details.  Use the cmake_policy
[2.885s]   command to set the policy and suppress this warning.
[2.885s] 
[2.885s]   CMake variable PCL_ROOT is set to:
[2.885s] 
[2.885s]     /usr
[2.885s] 
[2.885s]   For compatibility, CMake is ignoring the variable.
[2.885s] Call Stack (most recent call first):
[2.885s]   /ros_ws/install/rtabmap/lib/rtabmap-0.23/RTABMapConfig.cmake:7 (find_dependency)
[2.885s]   /ros_ws/install/rtabmap_conversions/share/rtabmap_conversions/cmake/ament_cmake_export_dependencies-extras.cmake:21 (find_package)
[2.885s]   /ros_ws/install/rtabmap_conversions/share/rtabmap_conversions/cmake/rtabmap_conversionsConfig.cmake:41 (include)
[2.885s]   CMakeLists.txt:28 (find_package)
[2.886s] This warning is for project developers.  Use -Wno-dev to suppress it.
[2.886s] [0m
[2.973s] -- Configuring done
[3.045s] -- Generating done
[3.057s] -- Build files have been written to: /ros_ws/build/rtabmap_rviz_plugins
[3.078s] Invoked command in '/ros_ws/build/rtabmap_rviz_plugins' returned '0': AMENT_PREFIX_PATH=/ros_ws/install/rtabmap_conversions:/ros_ws/install/rtabmap_msgs:${AMENT_PREFIX_PATH} CMAKE_PREFIX_PATH=/ros_ws/install/rtabmap_conversions:/ros_ws/install/rtabmap_msgs:/ros_ws/install/rtabmap:/ros_ws/install/rtabmap_lidar_custom:/opt/ros/humble LD_LIBRARY_PATH=/ros_ws/install/rtabmap_conversions/lib:/ros_ws/install/rtabmap_msgs/lib:/ros_ws/install/rtabmap/lib:${LD_LIBRARY_PATH} PATH=/ros_ws/install/rtabmap/bin:${PATH} PKG_CONFIG_PATH=/ros_ws/install/rtabmap/lib/x86_64-linux-gnu/pkgconfig:/ros_ws/install/rtabmap/lib/pkgconfig PYTHONPATH=/ros_ws/install/rtabmap_msgs/local/lib/python3.10/dist-packages:${PYTHONPATH} /usr/bin/cmake /ros_ws/src/rtabmap_ros/rtabmap_rviz_plugins -DCMAKE_BUILD_TYPE=Release -DAMENT_CMAKE_SYMLINK_INSTALL=1 -DCMAKE_INSTALL_PREFIX=/ros_ws/install/rtabmap_rviz_plugins
[3.080s] Invoking command in '/ros_ws/build/rtabmap_rviz_plugins': AMENT_PREFIX_PATH=/ros_ws/install/rtabmap_conversions:/ros_ws/install/rtabmap_msgs:${AMENT_PREFIX_PATH} CMAKE_PREFIX_PATH=/ros_ws/install/rtabmap_conversions:/ros_ws/install/rtabmap_msgs:/ros_ws/install/rtabmap:/ros_ws/install/rtabmap_lidar_custom:/opt/ros/humble LD_LIBRARY_PATH=/ros_ws/install/rtabmap_conversions/lib:/ros_ws/install/rtabmap_msgs/lib:/ros_ws/install/rtabmap/lib:${LD_LIBRARY_PATH} PATH=/ros_ws/install/rtabmap/bin:${PATH} PKG_CONFIG_PATH=/ros_ws/install/rtabmap/lib/x86_64-linux-gnu/pkgconfig:/ros_ws/install/rtabmap/lib/pkgconfig PYTHONPATH=/ros_ws/install/rtabmap_msgs/local/lib/python3.10/dist-packages:${PYTHONPATH} /usr/bin/cmake --build /ros_ws/build/rtabmap_rviz_plugins
[3.118s] [ 16%] [34m[1mAutomatic MOC for target rtabmap_rviz_plugins[0m
[3.655s] [ 16%] Built target rtabmap_rviz_plugins_autogen
[3.671s] [ 33%] [32mBuilding CXX object CMakeFiles/rtabmap_rviz_plugins.dir/rtabmap_rviz_plugins_autogen/mocs_compilation.cpp.o[0m
[28.715s] [ 50%] [32mBuilding CXX object CMakeFiles/rtabmap_rviz_plugins.dir/src/MapCloudDisplay.cpp.o[0m
[55.308s] [ 66%] [32mBuilding CXX object CMakeFiles/rtabmap_rviz_plugins.dir/src/MapGraphDisplay.cpp.o[0m
[72.424s] [ 83%] [32mBuilding CXX object CMakeFiles/rtabmap_rviz_plugins.dir/src/InfoDisplay.cpp.o[0m
[89.358s] [100%] [32m[1mLinking CXX shared library librtabmap_rviz_plugins.so[0m
[90.966s] [100%] Built target rtabmap_rviz_plugins
[90.980s] Invoked command in '/ros_ws/build/rtabmap_rviz_plugins' returned '0': AMENT_PREFIX_PATH=/ros_ws/install/rtabmap_conversions:/ros_ws/install/rtabmap_msgs:${AMENT_PREFIX_PATH} CMAKE_PREFIX_PATH=/ros_ws/install/rtabmap_conversions:/ros_ws/install/rtabmap_msgs:/ros_ws/install/rtabmap:/ros_ws/install/rtabmap_lidar_custom:/opt/ros/humble LD_LIBRARY_PATH=/ros_ws/install/rtabmap_conversions/lib:/ros_ws/install/rtabmap_msgs/lib:/ros_ws/install/rtabmap/lib:${LD_LIBRARY_PATH} PATH=/ros_ws/install/rtabmap/bin:${PATH} PKG_CONFIG_PATH=/ros_ws/install/rtabmap/lib/x86_64-linux-gnu/pkgconfig:/ros_ws/install/rtabmap/lib/pkgconfig PYTHONPATH=/ros_ws/install/rtabmap_msgs/local/lib/python3.10/dist-packages:${PYTHONPATH} /usr/bin/cmake --build /ros_ws/build/rtabmap_rviz_plugins
[90.983s] Invoking command in '/ros_ws/build/rtabmap_rviz_plugins': AMENT_PREFIX_PATH=/ros_ws/install/rtabmap_conversions:/ros_ws/install/rtabmap_msgs:${AMENT_PREFIX_PATH} CMAKE_PREFIX_PATH=/ros_ws/install/rtabmap_conversions:/ros_ws/install/rtabmap_msgs:/ros_ws/install/rtabmap:/ros_ws/install/rtabmap_lidar_custom:/opt/ros/humble LD_LIBRARY_PATH=/ros_ws/install/rtabmap_conversions/lib:/ros_ws/install/rtabmap_msgs/lib:/ros_ws/install/rtabmap/lib:${LD_LIBRARY_PATH} PATH=/ros_ws/install/rtabmap/bin:${PATH} PKG_CONFIG_PATH=/ros_ws/install/rtabmap/lib/x86_64-linux-gnu/pkgconfig:/ros_ws/install/rtabmap/lib/pkgconfig PYTHONPATH=/ros_ws/install/rtabmap_msgs/local/lib/python3.10/dist-packages:${PYTHONPATH} /usr/bin/cmake --install /ros_ws/build/rtabmap_rviz_plugins
[90.990s] -- Install configuration: "Release"
[90.990s] -- Execute custom install script
[90.991s] -- Symlinking: /ros_ws/install/rtabmap_rviz_plugins/share/rtabmap_rviz_plugins//rviz_plugins.xml
[91.000s] -- Symlinking: /ros_ws/install/rtabmap_rviz_plugins/share/ament_index/resource_index/package_run_dependencies/rtabmap_rviz_plugins
[91.011s] -- Symlinking: /ros_ws/install/rtabmap_rviz_plugins/share/ament_index/resource_index/parent_prefix_path/rtabmap_rviz_plugins
[91.021s] -- Symlinking: /ros_ws/install/rtabmap_rviz_plugins/share/rtabmap_rviz_plugins/environment/ament_prefix_path.sh
[91.028s] -- Symlinking: /ros_ws/install/rtabmap_rviz_plugins/share/rtabmap_rviz_plugins/environment/ament_prefix_path.dsv
[91.035s] -- Symlinking: /ros_ws/install/rtabmap_rviz_plugins/share/rtabmap_rviz_plugins/environment/path.sh
[91.043s] -- Symlinking: /ros_ws/install/rtabmap_rviz_plugins/share/rtabmap_rviz_plugins/environment/path.dsv
[91.049s] -- Symlinking: /ros_ws/install/rtabmap_rviz_plugins/share/rtabmap_rviz_plugins/local_setup.bash
[91.056s] -- Symlinking: /ros_ws/install/rtabmap_rviz_plugins/share/rtabmap_rviz_plugins/local_setup.sh
[91.062s] -- Symlinking: /ros_ws/install/rtabmap_rviz_plugins/share/rtabmap_rviz_plugins/local_setup.zsh
[91.067s] -- Symlinking: /ros_ws/install/rtabmap_rviz_plugins/share/rtabmap_rviz_plugins/local_setup.dsv
[91.074s] -- Symlinking: /ros_ws/install/rtabmap_rviz_plugins/share/rtabmap_rviz_plugins/package.dsv
[91.080s] -- Symlinking: /ros_ws/install/rtabmap_rviz_plugins/share/ament_index/resource_index/packages/rtabmap_rviz_plugins
[91.086s] -- Symlinking: /ros_ws/install/rtabmap_rviz_plugins/share/ament_index/resource_index/rviz_common__pluginlib__plugin/rtabmap_rviz_plugins
[91.093s] -- Symlinking: /ros_ws/install/rtabmap_rviz_plugins/share/rtabmap_rviz_plugins/cmake/rtabmap_rviz_pluginsConfig.cmake
[91.098s] -- Symlinking: /ros_ws/install/rtabmap_rviz_plugins/share/rtabmap_rviz_plugins/cmake/rtabmap_rviz_pluginsConfig-version.cmake
[91.106s] -- Symlinking: /ros_ws/install/rtabmap_rviz_plugins/share/rtabmap_rviz_plugins/package.xml
[91.112s] -- Installing: /ros_ws/install/rtabmap_rviz_plugins/include
[91.112s] -- Installing: /ros_ws/install/rtabmap_rviz_plugins/include/rtabmap_rviz_plugins
[91.112s] -- Installing: /ros_ws/install/rtabmap_rviz_plugins/include/rtabmap_rviz_plugins/visibility.h
[91.112s] -- Installing: /ros_ws/install/rtabmap_rviz_plugins/include/rtabmap_rviz_plugins/MapCloudDisplay.h
[91.112s] -- Installing: /ros_ws/install/rtabmap_rviz_plugins/include/rtabmap_rviz_plugins/MapGraphDisplay.h
[91.112s] -- Installing: /ros_ws/install/rtabmap_rviz_plugins/include/rtabmap_rviz_plugins/InfoDisplay.h
[91.112s] -- Installing: /ros_ws/install/rtabmap_rviz_plugins/lib/librtabmap_rviz_plugins.so
[91.114s] -- Set runtime path of "/ros_ws/install/rtabmap_rviz_plugins/lib/librtabmap_rviz_plugins.so" to ""
[91.116s] Invoked command in '/ros_ws/build/rtabmap_rviz_plugins' returned '0': AMENT_PREFIX_PATH=/ros_ws/install/rtabmap_conversions:/ros_ws/install/rtabmap_msgs:${AMENT_PREFIX_PATH} CMAKE_PREFIX_PATH=/ros_ws/install/rtabmap_conversions:/ros_ws/install/rtabmap_msgs:/ros_ws/install/rtabmap:/ros_ws/install/rtabmap_lidar_custom:/opt/ros/humble LD_LIBRARY_PATH=/ros_ws/install/rtabmap_conversions/lib:/ros_ws/install/rtabmap_msgs/lib:/ros_ws/install/rtabmap/lib:${LD_LIBRARY_PATH} PATH=/ros_ws/install/rtabmap/bin:${PATH} PKG_CONFIG_PATH=/ros_ws/install/rtabmap/lib/x86_64-linux-gnu/pkgconfig:/ros_ws/install/rtabmap/lib/pkgconfig PYTHONPATH=/ros_ws/install/rtabmap_msgs/local/lib/python3.10/dist-packages:${PYTHONPATH} /usr/bin/cmake --install /ros_ws/build/rtabmap_rviz_plugins
