[0.014s] Invoking command in '/ros_ws/build/rtabmap_util': AMENT_PREFIX_PATH=/ros_ws/install/rtabmap_sync:/ros_ws/install/rtabmap_conversions:/ros_ws/install/rtabmap_msgs:${AMENT_PREFIX_PATH} CMAKE_PREFIX_PATH=/ros_ws/install/rtabmap_sync:/ros_ws/install/rtabmap_conversions:/ros_ws/install/rtabmap_msgs:/ros_ws/install/rtabmap:/ros_ws/install/rtabmap_lidar_custom:/opt/ros/humble LD_LIBRARY_PATH=/ros_ws/install/rtabmap_sync/lib:/ros_ws/install/rtabmap_conversions/lib:/ros_ws/install/rtabmap_msgs/lib:/ros_ws/install/rtabmap/lib:${LD_LIBRARY_PATH} PATH=/ros_ws/install/rtabmap/bin:${PATH} PKG_CONFIG_PATH=/ros_ws/install/rtabmap/lib/x86_64-linux-gnu/pkgconfig:/ros_ws/install/rtabmap/lib/pkgconfig PYTHONPATH=/ros_ws/install/rtabmap_msgs/local/lib/python3.10/dist-packages:${PYTHONPATH} /usr/bin/cmake /ros_ws/src/rtabmap_ros/rtabmap_util -DCMAKE_BUILD_TYPE=Release -DAMENT_CMAKE_SYMLINK_INSTALL=1 -DCMAKE_INSTALL_PREFIX=/ros_ws/install/rtabmap_util
[0.057s] -- The C compiler identification is GNU 11.4.0
[0.099s] -- The CXX compiler identification is GNU 11.4.0
[0.104s] -- Detecting C compiler ABI info
[0.155s] -- Detecting C compiler ABI info - done
[0.160s] -- Check for working C compiler: /usr/bin/cc - skipped
[0.161s] -- Detecting C compile features
[0.161s] -- Detecting C compile features - done
[0.164s] -- Detecting CXX compiler ABI info
[0.223s] -- Detecting CXX compiler ABI info - done
[0.229s] -- Check for working CXX compiler: /usr/bin/c++ - skipped
[0.229s] -- Detecting CXX compile features
[0.230s] -- Detecting CXX compile features - done
[0.237s] -- Found OpenCV: /usr (found version "4.5.4") found components: core calib3d imgproc highgui stitching photo video aruco objdetect missing components: xfeatures2d nonfree gpu cudafeatures2d
[0.249s] -- Checking for module 'eigen3'
[0.258s] --   Found eigen3, version 3.4.0
[0.278s] -- Found Eigen: /usr/include/eigen3 (Required is at least version "3.1") 
[0.279s] -- Eigen found (include: /usr/include/eigen3, version: 3.4.0)
[0.299s] -- Found Boost: /usr/lib/x86_64-linux-gnu/cmake/Boost-1.74.0/BoostConfig.cmake (found suitable version "1.74.0", minimum required is "1.65.0") found components: system filesystem date_time iostreams serialization 
[0.342s] -- Checking for module 'libusb-1.0'
[0.353s] --   Found libusb-1.0, version 1.0.25
[0.383s] -- Found libusb: /usr/lib/x86_64-linux-gnu/libusb-1.0.so  
[0.384s] -- Found OpenNI: /usr/lib/libOpenNI.so;libusb::libusb (found version "1.5.4.0") 
[0.384s] -- OpenNI found (version: 1.5.4.0, include: /usr/include/ni, lib: /usr/lib/libOpenNI.so;libusb::libusb)
[0.423s] -- Found OpenNI2: /usr/lib/x86_64-linux-gnu/libOpenNI2.so;libusb::libusb (found version "2.2.0.33") 
[0.423s] -- OpenNI2 found (version: 2.2.0.33, include: /usr/include/openni2, lib: /usr/lib/x86_64-linux-gnu/libOpenNI2.so;libusb::libusb)
[0.423s] [0m** WARNING ** io features related to pcap will be disabled[0m
[0.423s] [0m** WARNING ** io features related to png will be disabled[0m
[0.451s] -- Looking for pthread.h
[0.505s] -- Looking for pthread.h - found
[0.505s] -- Performing Test CMAKE_HAVE_LIBC_PTHREAD
[0.563s] -- Performing Test CMAKE_HAVE_LIBC_PTHREAD - Success
[0.564s] -- Found Threads: TRUE  
[0.565s] -- Found GLEW: /usr/lib/x86_64-linux-gnu/libGLEW.so  
[0.571s] -- Found OpenGL: /usr/lib/x86_64-linux-gnu/libOpenGL.so  found components: OpenGL GLX 
[0.675s] -- Found MPI_C: /usr/lib/x86_64-linux-gnu/libmpi.so (found version "3.1") 
[0.675s] -- Found MPI: TRUE (found version "3.1") found components: C 
[0.677s] -- Found JsonCpp: /usr/lib/x86_64-linux-gnu/libjsoncpp.so (found suitable version "1.9.5", minimum required is "0.7.0") 
[0.684s] -- Found ZLIB: /usr/lib/x86_64-linux-gnu/libz.so (found version "1.2.11") 
[0.697s] -- Found PNG: /usr/lib/x86_64-linux-gnu/libpng.so (found version "1.6.37") 
[0.707s] -- Found Eigen3: /usr/include/eigen3 (found version "3.4.0") 
[0.770s] -- Found X11: /usr/include   
[0.770s] -- Looking for XOpenDisplay in /usr/lib/x86_64-linux-gnu/libX11.so;/usr/lib/x86_64-linux-gnu/libXext.so
[0.822s] -- Looking for XOpenDisplay in /usr/lib/x86_64-linux-gnu/libX11.so;/usr/lib/x86_64-linux-gnu/libXext.so - found
[0.822s] -- Looking for gethostbyname
[0.874s] -- Looking for gethostbyname - found
[0.874s] -- Looking for connect
[0.925s] -- Looking for connect - found
[0.925s] -- Looking for remove
[0.979s] -- Looking for remove - found
[0.979s] -- Looking for shmat
[1.034s] -- Looking for shmat - found
[1.034s] -- Looking for IceConnectionNumber in ICE
[1.100s] -- Looking for IceConnectionNumber in ICE - found
[1.164s] -- Found EXPAT: /usr/lib/x86_64-linux-gnu/libexpat.so (found version "2.4.7") 
[1.165s] -- Found double-conversion: /usr/lib/x86_64-linux-gnu/libdouble-conversion.so  
[1.167s] -- Found LZ4: /usr/lib/x86_64-linux-gnu/liblz4.so (found version "1.9.3") 
[1.168s] -- Found LZMA: /usr/lib/x86_64-linux-gnu/liblzma.so (found version "5.2.5") 
[1.177s] -- Found JPEG: /usr/lib/x86_64-linux-gnu/libjpeg.so (found version "80") 
[1.181s] -- Found TIFF: /usr/lib/x86_64-linux-gnu/libtiff.so (found version "4.3.0")  
[1.185s] -- Found Freetype: /usr/lib/x86_64-linux-gnu/libfreetype.so (found version "2.11.1") 
[1.189s] -- Found utf8cpp: /usr/include/utf8cpp  
[1.218s] -- Eigen found (include: /usr/include/eigen3, version: 3.4.0)
[1.233s] -- Checking for module 'flann'
[1.242s] --   Found flann, version 1.9.1
[1.268s] -- Found FLANN: /usr/lib/x86_64-linux-gnu/libflann_cpp.so  
[1.268s] -- FLANN found (include: /usr/include, lib: /usr/lib/x86_64-linux-gnu/libflann_cpp.so)
[1.271s] -- Found Qhull version 8.0.2
[1.646s] -- OpenNI found (version: 1.5.4.0, include: /usr/include/ni, lib: /usr/lib/libOpenNI.so;libusb::libusb)
[1.651s] -- OpenNI2 found (version: 2.2.0.33, include: /usr/include/openni2, lib: /usr/lib/x86_64-linux-gnu/libOpenNI2.so;libusb::libusb)
[1.780s] -- looking for PCL_COMMON
[1.781s] -- Found PCL_COMMON: /usr/lib/x86_64-linux-gnu/libpcl_common.so  
[1.781s] -- looking for PCL_OCTREE
[1.781s] -- Found PCL_OCTREE: /usr/lib/x86_64-linux-gnu/libpcl_octree.so  
[1.781s] -- looking for PCL_IO
[1.782s] -- Found PCL_IO: /usr/lib/x86_64-linux-gnu/libpcl_io.so  
[1.782s] -- looking for PCL_KDTREE
[1.782s] -- Found PCL_KDTREE: /usr/lib/x86_64-linux-gnu/libpcl_kdtree.so  
[1.783s] -- looking for PCL_SEARCH
[1.783s] -- Found PCL_SEARCH: /usr/lib/x86_64-linux-gnu/libpcl_search.so  
[1.783s] -- looking for PCL_SURFACE
[1.784s] -- Found PCL_SURFACE: /usr/lib/x86_64-linux-gnu/libpcl_surface.so  
[1.784s] -- looking for PCL_FILTERS
[1.784s] -- Found PCL_FILTERS: /usr/lib/x86_64-linux-gnu/libpcl_filters.so  
[1.784s] -- looking for PCL_2D
[1.785s] -- Found PCL_2D: /usr/include/pcl-1.12  
[1.785s] -- looking for PCL_FEATURES
[1.785s] -- Found PCL_FEATURES: /usr/lib/x86_64-linux-gnu/libpcl_features.so  
[1.786s] -- looking for PCL_REGISTRATION
[1.786s] -- Found PCL_REGISTRATION: /usr/lib/x86_64-linux-gnu/libpcl_registration.so  
[1.786s] -- looking for PCL_SAMPLE_CONSENSUS
[1.787s] -- Found PCL_SAMPLE_CONSENSUS: /usr/lib/x86_64-linux-gnu/libpcl_sample_consensus.so  
[1.787s] -- looking for PCL_GEOMETRY
[1.787s] -- Found PCL_GEOMETRY: /usr/include/pcl-1.12  
[1.787s] -- looking for PCL_ML
[1.787s] -- Found PCL_ML: /usr/lib/x86_64-linux-gnu/libpcl_ml.so  
[1.788s] -- looking for PCL_SEGMENTATION
[1.788s] -- Found PCL_SEGMENTATION: /usr/lib/x86_64-linux-gnu/libpcl_segmentation.so  
[1.788s] -- looking for PCL_VISUALIZATION
[1.789s] -- Found PCL_VISUALIZATION: /usr/lib/x86_64-linux-gnu/libpcl_visualization.so  
[1.789s] -- Found PCL: pcl_common;pcl_octree;pcl_io;pcl_kdtree;pcl_search;pcl_surface;pcl_filters;pcl_features;pcl_registration;pcl_sample_consensus;pcl_ml;pcl_segmentation;pcl_visualization;Boost::system;Boost::filesystem;Boost::date_time;Boost::iostreams;Boost::serialization;/usr/lib/libOpenNI.so;libusb::libusb;/usr/lib/x86_64-linux-gnu/libOpenNI2.so;libusb::libusb;VTK::ChartsCore;VTK::CommonColor;VTK::CommonComputationalGeometry;VTK::CommonCore;VTK::CommonDataModel;VTK::CommonExecutionModel;VTK::CommonMath;VTK::CommonMisc;VTK::CommonTransforms;VTK::FiltersCore;VTK::FiltersExtraction;VTK::FiltersGeneral;VTK::FiltersGeometry;VTK::FiltersModeling;VTK::FiltersSources;VTK::ImagingCore;VTK::ImagingSources;VTK::InteractionImage;VTK::InteractionStyle;VTK::InteractionWidgets;VTK::IOCore;VTK::IOGeometry;VTK::IOImage;VTK::IOLegacy;VTK::IOPLY;VTK::RenderingAnnotation;VTK::RenderingCore;VTK::RenderingContext2D;VTK::RenderingLOD;VTK::RenderingFreeType;VTK::ViewsCore;VTK::ViewsContext2D;VTK::RenderingOpenGL2;VTK::GUISupportQt;FLANN::FLANN;QHULL::QHULL (Required is at least version "1.7") 
[1.799s] -- RTABMap=rtabmap::utilite;rtabmap::core;rtabmap::gui
[1.801s] -- Found ament_cmake: 1.3.13 (/opt/ros/humble/share/ament_cmake/cmake)
[1.916s] -- Found Python3: /usr/bin/python3 (found version "3.10.12") found components: Interpreter 
[1.971s] -- Override CMake install command with custom implementation using symlinks instead of copying resources
[2.005s] -- Found cv_bridge: 3.2.1 (/opt/ros/humble/share/cv_bridge/cmake)
[2.039s] -- Found rosidl_generator_c: 3.1.8 (/opt/ros/humble/share/rosidl_generator_c/cmake)
[2.044s] -- Found rosidl_adapter: 3.1.8 (/opt/ros/humble/share/rosidl_adapter/cmake)
[2.053s] -- Found rosidl_generator_cpp: 3.1.8 (/opt/ros/humble/share/rosidl_generator_cpp/cmake)
[2.065s] -- Using all available rosidl_typesupport_c: rosidl_typesupport_fastrtps_c;rosidl_typesupport_introspection_c
[2.081s] -- Using all available rosidl_typesupport_cpp: rosidl_typesupport_fastrtps_cpp;rosidl_typesupport_introspection_cpp
[2.140s] -- Found image_transport: 3.1.12 (/opt/ros/humble/share/image_transport/cmake)
[2.185s] -- Found rmw_implementation_cmake: 6.1.2 (/opt/ros/humble/share/rmw_implementation_cmake/cmake)
[2.188s] -- Found rmw_fastrtps_cpp: 6.2.10 (/opt/ros/humble/share/rmw_fastrtps_cpp/cmake)
[2.285s] -- Found OpenSSL: /usr/lib/x86_64-linux-gnu/libcrypto.so (found version "3.0.2")  
[2.311s] -- Found FastRTPS: /opt/ros/humble/include  
[2.357s] -- Using RMW implementation 'rmw_fastrtps_cpp' as default
[2.447s] -- Found rclcpp_components: 16.0.18 (/opt/ros/humble/share/rclcpp_components/cmake)
[2.470s] -- Found stereo_msgs: 4.9.1 (/opt/ros/humble/share/stereo_msgs/cmake)
[2.497s] -- Found nav_msgs: 4.9.1 (/opt/ros/humble/share/nav_msgs/cmake)
[2.514s] -- Found tf2: 0.25.19 (/opt/ros/humble/share/tf2/cmake)
[2.519s] -- Found tf2_geometry_msgs: 0.25.19 (/opt/ros/humble/share/tf2_geometry_msgs/cmake)
[2.535s] -- Found eigen3_cmake_module: 0.1.1 (/opt/ros/humble/share/eigen3_cmake_module/cmake)
[2.536s] -- Found Eigen3: TRUE (found version "3.4.0") 
[2.536s] -- Ensuring Eigen3 include directory is part of orocos-kdl CMake target
[2.604s] -- Found laser_geometry: 2.4.1 (/opt/ros/humble/share/laser_geometry/cmake)
[2.610s] -- Found pcl_conversions: 2.4.5 (/opt/ros/humble/share/pcl_conversions/cmake)
[2.635s] -- Found pcl_ros: 2.4.5 (/opt/ros/humble/share/pcl_ros/cmake)
[2.648s] -- Found rtabmap_msgs: 0.22.1 (/ros_ws/install/rtabmap_msgs/share/rtabmap_msgs/cmake)
[2.669s] -- Found rtabmap_conversions: 0.22.1 (/ros_ws/install/rtabmap_conversions/share/rtabmap_conversions/cmake)
[2.688s] -- Found rtabmap_sync: 0.22.1 (/ros_ws/install/rtabmap_sync/share/rtabmap_sync/cmake)
[2.722s] -- Found octomap_msgs: 2.0.1 (/opt/ros/humble/share/octomap_msgs/cmake)
[2.749s] -- Found grid_map_ros: 2.0.1 (/opt/ros/humble/share/grid_map_ros/cmake)
[2.902s] -- WITH octomap_msgs
[2.903s] -- WITH grid_map_ros
[3.281s] -- Configuring done
[3.895s] -- Generating done
[3.994s] -- Build files have been written to: /ros_ws/build/rtabmap_util
[4.022s] Invoked command in '/ros_ws/build/rtabmap_util' returned '0': AMENT_PREFIX_PATH=/ros_ws/install/rtabmap_sync:/ros_ws/install/rtabmap_conversions:/ros_ws/install/rtabmap_msgs:${AMENT_PREFIX_PATH} CMAKE_PREFIX_PATH=/ros_ws/install/rtabmap_sync:/ros_ws/install/rtabmap_conversions:/ros_ws/install/rtabmap_msgs:/ros_ws/install/rtabmap:/ros_ws/install/rtabmap_lidar_custom:/opt/ros/humble LD_LIBRARY_PATH=/ros_ws/install/rtabmap_sync/lib:/ros_ws/install/rtabmap_conversions/lib:/ros_ws/install/rtabmap_msgs/lib:/ros_ws/install/rtabmap/lib:${LD_LIBRARY_PATH} PATH=/ros_ws/install/rtabmap/bin:${PATH} PKG_CONFIG_PATH=/ros_ws/install/rtabmap/lib/x86_64-linux-gnu/pkgconfig:/ros_ws/install/rtabmap/lib/pkgconfig PYTHONPATH=/ros_ws/install/rtabmap_msgs/local/lib/python3.10/dist-packages:${PYTHONPATH} /usr/bin/cmake /ros_ws/src/rtabmap_ros/rtabmap_util -DCMAKE_BUILD_TYPE=Release -DAMENT_CMAKE_SYMLINK_INSTALL=1 -DCMAKE_INSTALL_PREFIX=/ros_ws/install/rtabmap_util
[4.022s] Invoking command in '/ros_ws/build/rtabmap_util': AMENT_PREFIX_PATH=/ros_ws/install/rtabmap_sync:/ros_ws/install/rtabmap_conversions:/ros_ws/install/rtabmap_msgs:${AMENT_PREFIX_PATH} CMAKE_PREFIX_PATH=/ros_ws/install/rtabmap_sync:/ros_ws/install/rtabmap_conversions:/ros_ws/install/rtabmap_msgs:/ros_ws/install/rtabmap:/ros_ws/install/rtabmap_lidar_custom:/opt/ros/humble LD_LIBRARY_PATH=/ros_ws/install/rtabmap_sync/lib:/ros_ws/install/rtabmap_conversions/lib:/ros_ws/install/rtabmap_msgs/lib:/ros_ws/install/rtabmap/lib:${LD_LIBRARY_PATH} PATH=/ros_ws/install/rtabmap/bin:${PATH} PKG_CONFIG_PATH=/ros_ws/install/rtabmap/lib/x86_64-linux-gnu/pkgconfig:/ros_ws/install/rtabmap/lib/pkgconfig PYTHONPATH=/ros_ws/install/rtabmap_msgs/local/lib/python3.10/dist-packages:${PYTHONPATH} /usr/bin/cmake --build /ros_ws/build/rtabmap_util
[4.064s] [  2%] [32mBuilding CXX object CMakeFiles/rtabmap_util_plugins.dir/src/MapsManager.cpp.o[0m
[19.535s] [  4%] [32mBuilding CXX object CMakeFiles/rtabmap_util_plugins.dir/src/nodelets/point_cloud_xyzrgb.cpp.o[0m
[53.227s] [  7%] [32mBuilding CXX object CMakeFiles/rtabmap_util_plugins.dir/src/nodelets/point_cloud_xyz.cpp.o[0m
[82.272s] [  9%] [32mBuilding CXX object CMakeFiles/rtabmap_util_plugins.dir/src/nodelets/disparity_to_depth.cpp.o[0m
[92.044s] [ 12%] [32mBuilding CXX object CMakeFiles/rtabmap_util_plugins.dir/src/nodelets/pointcloud_to_depthimage.cpp.o[0m
[117.947s] [ 14%] [32mBuilding CXX object CMakeFiles/rtabmap_util_plugins.dir/src/nodelets/obstacles_detection.cpp.o[0m
[136.175s] [ 17%] [32mBuilding CXX object CMakeFiles/rtabmap_util_plugins.dir/src/nodelets/point_cloud_aggregator.cpp.o[0m
[159.744s] [ 19%] [32mBuilding CXX object CMakeFiles/rtabmap_util_plugins.dir/src/nodelets/point_cloud_assembler.cpp.o[0m
[187.570s] [ 21%] [32mBuilding CXX object CMakeFiles/rtabmap_util_plugins.dir/src/nodelets/imu_to_tf.cpp.o[0m
[201.878s] [ 24%] [32mBuilding CXX object CMakeFiles/rtabmap_util_plugins.dir/src/nodelets/db_player.cpp.o[0m
[223.174s] [ 26%] [32mBuilding CXX object CMakeFiles/rtabmap_util_plugins.dir/src/nodelets/lidar_deskewing.cpp.o[0m
[241.788s] [ 29%] [32mBuilding CXX object CMakeFiles/rtabmap_util_plugins.dir/src/nodelets/rgbd_relay.cpp.o[0m
[255.299s] [ 31%] [32mBuilding CXX object CMakeFiles/rtabmap_util_plugins.dir/src/nodelets/rgbd_split.cpp.o[0m
[265.132s] [ 34%] [32mBuilding CXX object CMakeFiles/rtabmap_util_plugins.dir/src/nodelets/map_assembler.cpp.o[0m
[286.055s] [ 36%] [32m[1mLinking CXX shared library librtabmap_util_plugins.so[0m
[288.416s] [ 36%] Built target rtabmap_util_plugins
[288.435s] [ 39%] [32mBuilding CXX object CMakeFiles/rtabmap_rgbd_relay.dir/src/RGBDRelayNode.cpp.o[0m
[291.120s] [ 41%] [32m[1mLinking CXX executable rgbd_relay[0m
[292.566s] [ 41%] Built target rtabmap_rgbd_relay
[292.583s] [ 43%] [32mBuilding CXX object CMakeFiles/rtabmap_rgbd_split.dir/src/RGBDSplitNode.cpp.o[0m
[295.257s] [ 46%] [32m[1mLinking CXX executable rgbd_split[0m
[296.657s] [ 46%] Built target rtabmap_rgbd_split
[296.673s] [ 48%] [32mBuilding CXX object CMakeFiles/rtabmap_map_assembler.dir/src/MapAssemblerNode.cpp.o[0m
[304.961s] [ 51%] [32m[1mLinking CXX executable map_assembler[0m
[306.943s] [ 51%] Built target rtabmap_map_assembler
[306.964s] [ 53%] [32mBuilding CXX object CMakeFiles/rtabmap_imu_to_tf.dir/src/ImuToTFNode.cpp.o[0m
[309.868s] [ 56%] [32m[1mLinking CXX executable imu_to_tf[0m
[311.296s] [ 56%] Built target rtabmap_imu_to_tf
[311.322s] [ 58%] [32mBuilding CXX object CMakeFiles/rtabmap_disparity_to_depth.dir/src/DisparityToDepthNode.cpp.o[0m
[313.951s] [ 60%] [32m[1mLinking CXX executable disparity_to_depth[0m
[315.364s] [ 60%] Built target rtabmap_disparity_to_depth
[315.385s] [ 63%] [32mBuilding CXX object CMakeFiles/rtabmap_lidar_deskewing.dir/src/LidarDeskewingNode.cpp.o[0m
[323.135s] [ 65%] [32m[1mLinking CXX executable lidar_deskewing[0m
[324.524s] [ 65%] Built target rtabmap_lidar_deskewing
[324.540s] [ 68%] [32mBuilding CXX object CMakeFiles/rtabmap_point_cloud_xyz.dir/src/PointCloudXYZNode.cpp.o[0m
[329.356s] [ 70%] [32m[1mLinking CXX executable point_cloud_xyz[0m
[330.773s] [ 70%] Built target rtabmap_point_cloud_xyz
[330.790s] [ 73%] [32mBuilding CXX object CMakeFiles/rtabmap_point_cloud_xyzrgb.dir/src/PointCloudXYZRGBNode.cpp.o[0m
[338.015s] [ 75%] [32m[1mLinking CXX executable point_cloud_xyzrgb[0m
[339.493s] [ 75%] Built target rtabmap_point_cloud_xyzrgb
[339.509s] [ 78%] [32mBuilding CXX object CMakeFiles/rtabmap_data_player.dir/src/DbPlayerNode.cpp.o[0m
[344.461s] [ 80%] [32m[1mLinking CXX executable data_player[0m
[345.841s] [ 80%] Built target rtabmap_data_player
[345.860s] [ 82%] [32mBuilding CXX object CMakeFiles/rtabmap_pointcloud_to_depthimage.dir/src/PointCloudToDepthImageNode.cpp.o[0m
[348.861s] [ 85%] [32m[1mLinking CXX executable pointcloud_to_depthimage[0m
[350.278s] [ 85%] Built target rtabmap_pointcloud_to_depthimage
[350.294s] [ 87%] [32mBuilding CXX object CMakeFiles/rtabmap_obstacles_detection.dir/src/ObstaclesDetectionNode.cpp.o[0m
[359.025s] [ 90%] [32m[1mLinking CXX executable obstacles_detection[0m
[360.922s] [ 90%] Built target rtabmap_obstacles_detection
[360.940s] [ 92%] [32mBuilding CXX object CMakeFiles/rtabmap_point_cloud_aggregator.dir/src/PointCloudAggregatorNode.cpp.o[0m
[363.738s] [ 95%] [32m[1mLinking CXX executable point_cloud_aggregator[0m
[365.143s] [ 95%] Built target rtabmap_point_cloud_aggregator
[365.160s] [ 97%] [32mBuilding CXX object CMakeFiles/rtabmap_point_cloud_assembler.dir/src/PointCloudAssemblerNode.cpp.o[0m
[374.078s] [100%] [32m[1mLinking CXX executable point_cloud_assembler[0m
[375.481s] [100%] Built target rtabmap_point_cloud_assembler
[375.493s] Invoked command in '/ros_ws/build/rtabmap_util' returned '0': AMENT_PREFIX_PATH=/ros_ws/install/rtabmap_sync:/ros_ws/install/rtabmap_conversions:/ros_ws/install/rtabmap_msgs:${AMENT_PREFIX_PATH} CMAKE_PREFIX_PATH=/ros_ws/install/rtabmap_sync:/ros_ws/install/rtabmap_conversions:/ros_ws/install/rtabmap_msgs:/ros_ws/install/rtabmap:/ros_ws/install/rtabmap_lidar_custom:/opt/ros/humble LD_LIBRARY_PATH=/ros_ws/install/rtabmap_sync/lib:/ros_ws/install/rtabmap_conversions/lib:/ros_ws/install/rtabmap_msgs/lib:/ros_ws/install/rtabmap/lib:${LD_LIBRARY_PATH} PATH=/ros_ws/install/rtabmap/bin:${PATH} PKG_CONFIG_PATH=/ros_ws/install/rtabmap/lib/x86_64-linux-gnu/pkgconfig:/ros_ws/install/rtabmap/lib/pkgconfig PYTHONPATH=/ros_ws/install/rtabmap_msgs/local/lib/python3.10/dist-packages:${PYTHONPATH} /usr/bin/cmake --build /ros_ws/build/rtabmap_util
[375.495s] Invoking command in '/ros_ws/build/rtabmap_util': AMENT_PREFIX_PATH=/ros_ws/install/rtabmap_sync:/ros_ws/install/rtabmap_conversions:/ros_ws/install/rtabmap_msgs:${AMENT_PREFIX_PATH} CMAKE_PREFIX_PATH=/ros_ws/install/rtabmap_sync:/ros_ws/install/rtabmap_conversions:/ros_ws/install/rtabmap_msgs:/ros_ws/install/rtabmap:/ros_ws/install/rtabmap_lidar_custom:/opt/ros/humble LD_LIBRARY_PATH=/ros_ws/install/rtabmap_sync/lib:/ros_ws/install/rtabmap_conversions/lib:/ros_ws/install/rtabmap_msgs/lib:/ros_ws/install/rtabmap/lib:${LD_LIBRARY_PATH} PATH=/ros_ws/install/rtabmap/bin:${PATH} PKG_CONFIG_PATH=/ros_ws/install/rtabmap/lib/x86_64-linux-gnu/pkgconfig:/ros_ws/install/rtabmap/lib/pkgconfig PYTHONPATH=/ros_ws/install/rtabmap_msgs/local/lib/python3.10/dist-packages:${PYTHONPATH} /usr/bin/cmake --install /ros_ws/build/rtabmap_util
[375.501s] -- Install configuration: "Release"
[375.501s] -- Execute custom install script
[375.501s] -- Symlinking: /ros_ws/install/rtabmap_util/share/rtabmap_util/environment/library_path.sh
[375.507s] -- Symlinking: /ros_ws/install/rtabmap_util/share/rtabmap_util/environment/library_path.dsv
[375.514s] -- Symlinking: /ros_ws/install/rtabmap_util/lib/rtabmap_util/patrol.py
[375.521s] -- Symlinking: /ros_ws/install/rtabmap_util/lib/rtabmap_util/transform_to_tf.py
[375.527s] -- Symlinking: /ros_ws/install/rtabmap_util/lib/rtabmap_util/yaml_to_camera_info.py
[375.533s] -- Symlinking: /ros_ws/install/rtabmap_util/lib/rtabmap_util/republish_tf_static.py
[375.540s] -- Symlinking: /ros_ws/install/rtabmap_util/lib/rtabmap_util/data_player
[375.545s] -- Symlinking: /ros_ws/install/rtabmap_util/lib/rtabmap_util/imu_to_tf
[375.552s] -- Symlinking: /ros_ws/install/rtabmap_util/lib/rtabmap_util/disparity_to_depth
[375.557s] -- Symlinking: /ros_ws/install/rtabmap_util/lib/rtabmap_util/rgbd_relay
[375.563s] -- Symlinking: /ros_ws/install/rtabmap_util/lib/rtabmap_util/rgbd_split
[375.570s] -- Symlinking: /ros_ws/install/rtabmap_util/lib/rtabmap_util/lidar_deskewing
[375.576s] -- Symlinking: /ros_ws/install/rtabmap_util/lib/rtabmap_util/point_cloud_xyz
[375.582s] -- Symlinking: /ros_ws/install/rtabmap_util/lib/rtabmap_util/point_cloud_xyzrgb
[375.588s] -- Symlinking: /ros_ws/install/rtabmap_util/lib/rtabmap_util/pointcloud_to_depthimage
[375.594s] -- Symlinking: /ros_ws/install/rtabmap_util/lib/rtabmap_util/obstacles_detection
[375.600s] -- Symlinking: /ros_ws/install/rtabmap_util/lib/rtabmap_util/point_cloud_aggregator
[375.606s] -- Symlinking: /ros_ws/install/rtabmap_util/lib/rtabmap_util/point_cloud_assembler
[375.612s] -- Symlinking: /ros_ws/install/rtabmap_util/lib/rtabmap_util/map_assembler
[375.620s] -- Symlinking: /ros_ws/install/rtabmap_util/share/ament_index/resource_index/package_run_dependencies/rtabmap_util
[375.626s] -- Symlinking: /ros_ws/install/rtabmap_util/share/ament_index/resource_index/parent_prefix_path/rtabmap_util
[375.633s] -- Symlinking: /ros_ws/install/rtabmap_util/share/rtabmap_util/environment/ament_prefix_path.sh
[375.641s] -- Symlinking: /ros_ws/install/rtabmap_util/share/rtabmap_util/environment/ament_prefix_path.dsv
[375.647s] -- Symlinking: /ros_ws/install/rtabmap_util/share/rtabmap_util/environment/path.sh
[375.654s] -- Symlinking: /ros_ws/install/rtabmap_util/share/rtabmap_util/environment/path.dsv
[375.660s] -- Symlinking: /ros_ws/install/rtabmap_util/share/rtabmap_util/local_setup.bash
[375.667s] -- Symlinking: /ros_ws/install/rtabmap_util/share/rtabmap_util/local_setup.sh
[375.673s] -- Symlinking: /ros_ws/install/rtabmap_util/share/rtabmap_util/local_setup.zsh
[375.680s] -- Symlinking: /ros_ws/install/rtabmap_util/share/rtabmap_util/local_setup.dsv
[375.686s] -- Symlinking: /ros_ws/install/rtabmap_util/share/rtabmap_util/package.dsv
[375.693s] -- Symlinking: /ros_ws/install/rtabmap_util/share/ament_index/resource_index/packages/rtabmap_util
[375.700s] -- Symlinking: /ros_ws/install/rtabmap_util/share/ament_index/resource_index/rclcpp_components/rtabmap_util
[375.706s] -- Symlinking: /ros_ws/install/rtabmap_util/share/rtabmap_util/cmake/ament_cmake_export_dependencies-extras.cmake
[375.712s] -- Symlinking: /ros_ws/install/rtabmap_util/share/rtabmap_util/cmake/ament_cmake_export_include_directories-extras.cmake
[375.720s] -- Symlinking: /ros_ws/install/rtabmap_util/share/rtabmap_util/cmake/ament_cmake_export_targets-extras.cmake
[375.725s] -- Symlinking: /ros_ws/install/rtabmap_util/share/rtabmap_util/cmake/ament_cmake_export_libraries-extras.cmake
[375.731s] -- Symlinking: /ros_ws/install/rtabmap_util/share/rtabmap_util/cmake/rtabmap_utilConfig.cmake
[375.739s] -- Symlinking: /ros_ws/install/rtabmap_util/share/rtabmap_util/cmake/rtabmap_utilConfig-version.cmake
[375.745s] -- Symlinking: /ros_ws/install/rtabmap_util/share/rtabmap_util/package.xml
[375.751s] -- Installing: /ros_ws/install/rtabmap_util/lib/librtabmap_util_plugins.so
[375.757s] -- Set runtime path of "/ros_ws/install/rtabmap_util/lib/librtabmap_util_plugins.so" to ""
[375.758s] -- Installing: /ros_ws/install/rtabmap_util/include
[375.758s] -- Installing: /ros_ws/install/rtabmap_util/include/rtabmap_util
[375.758s] -- Installing: /ros_ws/install/rtabmap_util/include/rtabmap_util/MapsManager.h
[375.758s] -- Installing: /ros_ws/install/rtabmap_util/include/rtabmap_util/visibility.h
[375.758s] -- Installing: /ros_ws/install/rtabmap_util/include/rtabmap_util/ULogToRosout.h
[375.759s] -- Installing: /ros_ws/install/rtabmap_util/share/rtabmap_util/cmake/rtabmap_utilExport.cmake
[375.759s] -- Installing: /ros_ws/install/rtabmap_util/share/rtabmap_util/cmake/rtabmap_utilExport-release.cmake
[375.761s] Invoked command in '/ros_ws/build/rtabmap_util' returned '0': AMENT_PREFIX_PATH=/ros_ws/install/rtabmap_sync:/ros_ws/install/rtabmap_conversions:/ros_ws/install/rtabmap_msgs:${AMENT_PREFIX_PATH} CMAKE_PREFIX_PATH=/ros_ws/install/rtabmap_sync:/ros_ws/install/rtabmap_conversions:/ros_ws/install/rtabmap_msgs:/ros_ws/install/rtabmap:/ros_ws/install/rtabmap_lidar_custom:/opt/ros/humble LD_LIBRARY_PATH=/ros_ws/install/rtabmap_sync/lib:/ros_ws/install/rtabmap_conversions/lib:/ros_ws/install/rtabmap_msgs/lib:/ros_ws/install/rtabmap/lib:${LD_LIBRARY_PATH} PATH=/ros_ws/install/rtabmap/bin:${PATH} PKG_CONFIG_PATH=/ros_ws/install/rtabmap/lib/x86_64-linux-gnu/pkgconfig:/ros_ws/install/rtabmap/lib/pkgconfig PYTHONPATH=/ros_ws/install/rtabmap_msgs/local/lib/python3.10/dist-packages:${PYTHONPATH} /usr/bin/cmake --install /ros_ws/build/rtabmap_util
