[0.023s] Invoking command in '/ros_ws/build/rtabmap_examples': AMENT_PREFIX_PATH=/ros_ws/install/rtabmap_slam:/ros_ws/install/rtabmap_odom:/ros_ws/install/rtabmap_viz:/ros_ws/install/rtabmap_util:/ros_ws/install/rtabmap_sync:/ros_ws/install/rtabmap_rviz_plugins:/ros_ws/install/rtabmap_conversions:/ros_ws/install/rtabmap_msgs:${AMENT_PREFIX_PATH} CMAKE_PREFIX_PATH=/ros_ws/install/rtabmap_slam:/ros_ws/install/rtabmap_odom:/ros_ws/install/rtabmap_viz:/ros_ws/install/rtabmap_util:/ros_ws/install/rtabmap_sync:/ros_ws/install/rtabmap_rviz_plugins:/ros_ws/install/rtabmap_conversions:/ros_ws/install/rtabmap_msgs:/ros_ws/install/rtabmap:/ros_ws/install/rtabmap_lidar_custom:/opt/ros/humble LD_LIBRARY_PATH=/ros_ws/install/rtabmap_slam/lib:/ros_ws/install/rtabmap_odom/lib:/ros_ws/install/rtabmap_util/lib:/ros_ws/install/rtabmap_sync/lib:/ros_ws/install/rtabmap_rviz_plugins/lib:/ros_ws/install/rtabmap_conversions/lib:/ros_ws/install/rtabmap_msgs/lib:/ros_ws/install/rtabmap/lib:${LD_LIBRARY_PATH} PATH=/ros_ws/install/rtabmap/bin:${PATH} PKG_CONFIG_PATH=/ros_ws/install/rtabmap/lib/x86_64-linux-gnu/pkgconfig:/ros_ws/install/rtabmap/lib/pkgconfig PYTHONPATH=/ros_ws/install/rtabmap_msgs/local/lib/python3.10/dist-packages:${PYTHONPATH} /usr/bin/cmake /ros_ws/src/rtabmap_ros/rtabmap_examples -DCMAKE_BUILD_TYPE=Release -DAMENT_CMAKE_SYMLINK_INSTALL=1 -DCMAKE_INSTALL_PREFIX=/ros_ws/install/rtabmap_examples
[0.064s] -- The C compiler identification is GNU 11.4.0
[0.107s] -- The CXX compiler identification is GNU 11.4.0
[0.113s] -- Detecting C compiler ABI info
[0.168s] -- Detecting C compiler ABI info - done
[0.173s] -- Check for working C compiler: /usr/bin/cc - skipped
[0.173s] -- Detecting C compile features
[0.173s] -- Detecting C compile features - done
[0.176s] -- Detecting CXX compiler ABI info
[0.236s] -- Detecting CXX compiler ABI info - done
[0.242s] -- Check for working CXX compiler: /usr/bin/c++ - skipped
[0.242s] -- Detecting CXX compile features
[0.243s] -- Detecting CXX compile features - done
[0.246s] -- Found ament_cmake: 1.3.13 (/opt/ros/humble/share/ament_cmake/cmake)
[0.371s] -- Found Python3: /usr/bin/python3 (found version "3.10.12") found components: Interpreter 
[0.439s] -- Override CMake install command with custom implementation using symlinks instead of copying resources
[0.573s] -- Configuring done
[0.577s] -- Generating done
[0.578s] -- Build files have been written to: /ros_ws/build/rtabmap_examples
[0.583s] Invoked command in '/ros_ws/build/rtabmap_examples' returned '0': AMENT_PREFIX_PATH=/ros_ws/install/rtabmap_slam:/ros_ws/install/rtabmap_odom:/ros_ws/install/rtabmap_viz:/ros_ws/install/rtabmap_util:/ros_ws/install/rtabmap_sync:/ros_ws/install/rtabmap_rviz_plugins:/ros_ws/install/rtabmap_conversions:/ros_ws/install/rtabmap_msgs:${AMENT_PREFIX_PATH} CMAKE_PREFIX_PATH=/ros_ws/install/rtabmap_slam:/ros_ws/install/rtabmap_odom:/ros_ws/install/rtabmap_viz:/ros_ws/install/rtabmap_util:/ros_ws/install/rtabmap_sync:/ros_ws/install/rtabmap_rviz_plugins:/ros_ws/install/rtabmap_conversions:/ros_ws/install/rtabmap_msgs:/ros_ws/install/rtabmap:/ros_ws/install/rtabmap_lidar_custom:/opt/ros/humble LD_LIBRARY_PATH=/ros_ws/install/rtabmap_slam/lib:/ros_ws/install/rtabmap_odom/lib:/ros_ws/install/rtabmap_util/lib:/ros_ws/install/rtabmap_sync/lib:/ros_ws/install/rtabmap_rviz_plugins/lib:/ros_ws/install/rtabmap_conversions/lib:/ros_ws/install/rtabmap_msgs/lib:/ros_ws/install/rtabmap/lib:${LD_LIBRARY_PATH} PATH=/ros_ws/install/rtabmap/bin:${PATH} PKG_CONFIG_PATH=/ros_ws/install/rtabmap/lib/x86_64-linux-gnu/pkgconfig:/ros_ws/install/rtabmap/lib/pkgconfig PYTHONPATH=/ros_ws/install/rtabmap_msgs/local/lib/python3.10/dist-packages:${PYTHONPATH} /usr/bin/cmake /ros_ws/src/rtabmap_ros/rtabmap_examples -DCMAKE_BUILD_TYPE=Release -DAMENT_CMAKE_SYMLINK_INSTALL=1 -DCMAKE_INSTALL_PREFIX=/ros_ws/install/rtabmap_examples
[0.584s] Invoking command in '/ros_ws/build/rtabmap_examples': AMENT_PREFIX_PATH=/ros_ws/install/rtabmap_slam:/ros_ws/install/rtabmap_odom:/ros_ws/install/rtabmap_viz:/ros_ws/install/rtabmap_util:/ros_ws/install/rtabmap_sync:/ros_ws/install/rtabmap_rviz_plugins:/ros_ws/install/rtabmap_conversions:/ros_ws/install/rtabmap_msgs:${AMENT_PREFIX_PATH} CMAKE_PREFIX_PATH=/ros_ws/install/rtabmap_slam:/ros_ws/install/rtabmap_odom:/ros_ws/install/rtabmap_viz:/ros_ws/install/rtabmap_util:/ros_ws/install/rtabmap_sync:/ros_ws/install/rtabmap_rviz_plugins:/ros_ws/install/rtabmap_conversions:/ros_ws/install/rtabmap_msgs:/ros_ws/install/rtabmap:/ros_ws/install/rtabmap_lidar_custom:/opt/ros/humble LD_LIBRARY_PATH=/ros_ws/install/rtabmap_slam/lib:/ros_ws/install/rtabmap_odom/lib:/ros_ws/install/rtabmap_util/lib:/ros_ws/install/rtabmap_sync/lib:/ros_ws/install/rtabmap_rviz_plugins/lib:/ros_ws/install/rtabmap_conversions/lib:/ros_ws/install/rtabmap_msgs/lib:/ros_ws/install/rtabmap/lib:${LD_LIBRARY_PATH} PATH=/ros_ws/install/rtabmap/bin:${PATH} PKG_CONFIG_PATH=/ros_ws/install/rtabmap/lib/x86_64-linux-gnu/pkgconfig:/ros_ws/install/rtabmap/lib/pkgconfig PYTHONPATH=/ros_ws/install/rtabmap_msgs/local/lib/python3.10/dist-packages:${PYTHONPATH} /usr/bin/cmake --build /ros_ws/build/rtabmap_examples
[0.612s] Invoked command in '/ros_ws/build/rtabmap_examples' returned '0': AMENT_PREFIX_PATH=/ros_ws/install/rtabmap_slam:/ros_ws/install/rtabmap_odom:/ros_ws/install/rtabmap_viz:/ros_ws/install/rtabmap_util:/ros_ws/install/rtabmap_sync:/ros_ws/install/rtabmap_rviz_plugins:/ros_ws/install/rtabmap_conversions:/ros_ws/install/rtabmap_msgs:${AMENT_PREFIX_PATH} CMAKE_PREFIX_PATH=/ros_ws/install/rtabmap_slam:/ros_ws/install/rtabmap_odom:/ros_ws/install/rtabmap_viz:/ros_ws/install/rtabmap_util:/ros_ws/install/rtabmap_sync:/ros_ws/install/rtabmap_rviz_plugins:/ros_ws/install/rtabmap_conversions:/ros_ws/install/rtabmap_msgs:/ros_ws/install/rtabmap:/ros_ws/install/rtabmap_lidar_custom:/opt/ros/humble LD_LIBRARY_PATH=/ros_ws/install/rtabmap_slam/lib:/ros_ws/install/rtabmap_odom/lib:/ros_ws/install/rtabmap_util/lib:/ros_ws/install/rtabmap_sync/lib:/ros_ws/install/rtabmap_rviz_plugins/lib:/ros_ws/install/rtabmap_conversions/lib:/ros_ws/install/rtabmap_msgs/lib:/ros_ws/install/rtabmap/lib:${LD_LIBRARY_PATH} PATH=/ros_ws/install/rtabmap/bin:${PATH} PKG_CONFIG_PATH=/ros_ws/install/rtabmap/lib/x86_64-linux-gnu/pkgconfig:/ros_ws/install/rtabmap/lib/pkgconfig PYTHONPATH=/ros_ws/install/rtabmap_msgs/local/lib/python3.10/dist-packages:${PYTHONPATH} /usr/bin/cmake --build /ros_ws/build/rtabmap_examples
[0.614s] Invoking command in '/ros_ws/build/rtabmap_examples': AMENT_PREFIX_PATH=/ros_ws/install/rtabmap_slam:/ros_ws/install/rtabmap_odom:/ros_ws/install/rtabmap_viz:/ros_ws/install/rtabmap_util:/ros_ws/install/rtabmap_sync:/ros_ws/install/rtabmap_rviz_plugins:/ros_ws/install/rtabmap_conversions:/ros_ws/install/rtabmap_msgs:${AMENT_PREFIX_PATH} CMAKE_PREFIX_PATH=/ros_ws/install/rtabmap_slam:/ros_ws/install/rtabmap_odom:/ros_ws/install/rtabmap_viz:/ros_ws/install/rtabmap_util:/ros_ws/install/rtabmap_sync:/ros_ws/install/rtabmap_rviz_plugins:/ros_ws/install/rtabmap_conversions:/ros_ws/install/rtabmap_msgs:/ros_ws/install/rtabmap:/ros_ws/install/rtabmap_lidar_custom:/opt/ros/humble LD_LIBRARY_PATH=/ros_ws/install/rtabmap_slam/lib:/ros_ws/install/rtabmap_odom/lib:/ros_ws/install/rtabmap_util/lib:/ros_ws/install/rtabmap_sync/lib:/ros_ws/install/rtabmap_rviz_plugins/lib:/ros_ws/install/rtabmap_conversions/lib:/ros_ws/install/rtabmap_msgs/lib:/ros_ws/install/rtabmap/lib:${LD_LIBRARY_PATH} PATH=/ros_ws/install/rtabmap/bin:${PATH} PKG_CONFIG_PATH=/ros_ws/install/rtabmap/lib/x86_64-linux-gnu/pkgconfig:/ros_ws/install/rtabmap/lib/pkgconfig PYTHONPATH=/ros_ws/install/rtabmap_msgs/local/lib/python3.10/dist-packages:${PYTHONPATH} /usr/bin/cmake --install /ros_ws/build/rtabmap_examples
[0.619s] -- Install configuration: "Release"
[0.619s] -- Execute custom install script
[0.621s] -- Symlinking: /ros_ws/install/rtabmap_examples/share/rtabmap_examples/launch/__pycache__/lidar3d.launch.cpython-310.pyc
[0.627s] -- Symlinking: /ros_ws/install/rtabmap_examples/share/rtabmap_examples/launch/depthai.launch.py
[0.634s] -- Symlinking: /ros_ws/install/rtabmap_examples/share/rtabmap_examples/launch/depthai_color.launch.py
[0.640s] -- Symlinking: /ros_ws/install/rtabmap_examples/share/rtabmap_examples/launch/depthai_stereo.launch.py
[0.647s] -- Symlinking: /ros_ws/install/rtabmap_examples/share/rtabmap_examples/launch/euroc_datasets.launch.py
[0.653s] -- Symlinking: /ros_ws/install/rtabmap_examples/share/rtabmap_examples/launch/k4a.launch.py
[0.660s] -- Symlinking: /ros_ws/install/rtabmap_examples/share/rtabmap_examples/launch/kinect_xbox_360.launch.py
[0.666s] -- Symlinking: /ros_ws/install/rtabmap_examples/share/rtabmap_examples/launch/lidar3d.launch.py
[0.672s] -- Symlinking: /ros_ws/install/rtabmap_examples/share/rtabmap_examples/launch/lidar3d_assemble.launch.py
[0.679s] -- Symlinking: /ros_ws/install/rtabmap_examples/share/rtabmap_examples/launch/lidar3d_assemble_x2.launch.py
[0.685s] -- Symlinking: /ros_ws/install/rtabmap_examples/share/rtabmap_examples/launch/multi_rgbd_inertial_dataset.launch.py
[0.692s] -- Symlinking: /ros_ws/install/rtabmap_examples/share/rtabmap_examples/launch/realsense_d400.launch.py
[0.698s] -- Symlinking: /ros_ws/install/rtabmap_examples/share/rtabmap_examples/launch/realsense_d435i_color.launch.py
[0.704s] -- Symlinking: /ros_ws/install/rtabmap_examples/share/rtabmap_examples/launch/realsense_d435i_combined.launch.py
[0.711s] -- Symlinking: /ros_ws/install/rtabmap_examples/share/rtabmap_examples/launch/realsense_d435i_infra.launch.py
[0.717s] -- Symlinking: /ros_ws/install/rtabmap_examples/share/rtabmap_examples/launch/realsense_d435i_stereo.launch.py
[0.723s] -- Symlinking: /ros_ws/install/rtabmap_examples/share/rtabmap_examples/launch/rgbdslam_datasets.launch.py
[0.730s] -- Symlinking: /ros_ws/install/rtabmap_examples/share/rtabmap_examples/launch/rtabmap_D405x2.launch.py
[0.737s] -- Symlinking: /ros_ws/install/rtabmap_examples/share/rtabmap_examples/launch/rtabmap_D405x3.launch.py
[0.744s] -- Symlinking: /ros_ws/install/rtabmap_examples/share/rtabmap_examples/launch/vlp16_zed.launch.py
[0.749s] -- Symlinking: /ros_ws/install/rtabmap_examples/share/rtabmap_examples/launch/zed.launch.py
[0.758s] -- Symlinking: /ros_ws/install/rtabmap_examples/share/rtabmap_examples/config/euroc_left.yaml
[0.765s] -- Symlinking: /ros_ws/install/rtabmap_examples/share/rtabmap_examples/config/euroc_right.yaml
[0.771s] -- Symlinking: /ros_ws/install/rtabmap_examples/share/rtabmap_examples/config/multi_rgbd_inertial_dataset.ini
[0.778s] -- Symlinking: /ros_ws/install/rtabmap_examples/share/rtabmap_examples/config/multi_rgbd_inertial_dataset_front.yaml
[0.784s] -- Symlinking: /ros_ws/install/rtabmap_examples/share/rtabmap_examples/config/multi_rgbd_inertial_dataset_left.yaml
[0.789s] -- Symlinking: /ros_ws/install/rtabmap_examples/share/rtabmap_examples/config/multi_rgbd_inertial_dataset_rear.yaml
[0.796s] -- Symlinking: /ros_ws/install/rtabmap_examples/share/rtabmap_examples/config/multi_rgbd_inertial_dataset_right.yaml
[0.802s] -- Symlinking: /ros_ws/install/rtabmap_examples/share/rtabmap_examples/config/slam_D405x2_config.rviz
[0.809s] -- Symlinking: /ros_ws/install/rtabmap_examples/share/rtabmap_examples/config/slam_D405x3_config.rviz
[0.815s] -- Symlinking: /ros_ws/install/rtabmap_examples/share/ament_index/resource_index/package_run_dependencies/rtabmap_examples
[0.821s] -- Symlinking: /ros_ws/install/rtabmap_examples/share/ament_index/resource_index/parent_prefix_path/rtabmap_examples
[0.828s] -- Symlinking: /ros_ws/install/rtabmap_examples/share/rtabmap_examples/environment/ament_prefix_path.sh
[0.834s] -- Symlinking: /ros_ws/install/rtabmap_examples/share/rtabmap_examples/environment/ament_prefix_path.dsv
[0.840s] -- Symlinking: /ros_ws/install/rtabmap_examples/share/rtabmap_examples/environment/path.sh
[0.847s] -- Symlinking: /ros_ws/install/rtabmap_examples/share/rtabmap_examples/environment/path.dsv
[0.853s] -- Symlinking: /ros_ws/install/rtabmap_examples/share/rtabmap_examples/local_setup.bash
[0.860s] -- Symlinking: /ros_ws/install/rtabmap_examples/share/rtabmap_examples/local_setup.sh
[0.866s] -- Symlinking: /ros_ws/install/rtabmap_examples/share/rtabmap_examples/local_setup.zsh
[0.872s] -- Symlinking: /ros_ws/install/rtabmap_examples/share/rtabmap_examples/local_setup.dsv
[0.880s] -- Symlinking: /ros_ws/install/rtabmap_examples/share/rtabmap_examples/package.dsv
[0.886s] -- Symlinking: /ros_ws/install/rtabmap_examples/share/ament_index/resource_index/packages/rtabmap_examples
[0.893s] -- Symlinking: /ros_ws/install/rtabmap_examples/share/rtabmap_examples/cmake/rtabmap_examplesConfig.cmake
[0.900s] -- Symlinking: /ros_ws/install/rtabmap_examples/share/rtabmap_examples/cmake/rtabmap_examplesConfig-version.cmake
[0.906s] -- Symlinking: /ros_ws/install/rtabmap_examples/share/rtabmap_examples/package.xml
[0.915s] Invoked command in '/ros_ws/build/rtabmap_examples' returned '0': AMENT_PREFIX_PATH=/ros_ws/install/rtabmap_slam:/ros_ws/install/rtabmap_odom:/ros_ws/install/rtabmap_viz:/ros_ws/install/rtabmap_util:/ros_ws/install/rtabmap_sync:/ros_ws/install/rtabmap_rviz_plugins:/ros_ws/install/rtabmap_conversions:/ros_ws/install/rtabmap_msgs:${AMENT_PREFIX_PATH} CMAKE_PREFIX_PATH=/ros_ws/install/rtabmap_slam:/ros_ws/install/rtabmap_odom:/ros_ws/install/rtabmap_viz:/ros_ws/install/rtabmap_util:/ros_ws/install/rtabmap_sync:/ros_ws/install/rtabmap_rviz_plugins:/ros_ws/install/rtabmap_conversions:/ros_ws/install/rtabmap_msgs:/ros_ws/install/rtabmap:/ros_ws/install/rtabmap_lidar_custom:/opt/ros/humble LD_LIBRARY_PATH=/ros_ws/install/rtabmap_slam/lib:/ros_ws/install/rtabmap_odom/lib:/ros_ws/install/rtabmap_util/lib:/ros_ws/install/rtabmap_sync/lib:/ros_ws/install/rtabmap_rviz_plugins/lib:/ros_ws/install/rtabmap_conversions/lib:/ros_ws/install/rtabmap_msgs/lib:/ros_ws/install/rtabmap/lib:${LD_LIBRARY_PATH} PATH=/ros_ws/install/rtabmap/bin:${PATH} PKG_CONFIG_PATH=/ros_ws/install/rtabmap/lib/x86_64-linux-gnu/pkgconfig:/ros_ws/install/rtabmap/lib/pkgconfig PYTHONPATH=/ros_ws/install/rtabmap_msgs/local/lib/python3.10/dist-packages:${PYTHONPATH} /usr/bin/cmake --install /ros_ws/build/rtabmap_examples
