[0.017s] Invoking command in '/ros_ws/build/spot_driver': AMENT_PREFIX_PATH=/ros_ws/install/spot_ros2_control:/ros_ws/install/spot_hardware_interface:/ros_ws/install/spot_controllers:/ros_ws/install/spot_common:/ros_ws/install/synchros2:/ros_ws/install/spot_msgs:/ros_ws/install/spot_description:${AMENT_PREFIX_PATH} CMAKE_PREFIX_PATH=/ros_ws/install/spot_ros2_control:/ros_ws/install/spot_hardware_interface:/ros_ws/install/spot_controllers:/ros_ws/install/spot_msgs:/ros_ws/install/spot_description:/ros_ws/install/rtabmap_lidar_custom:/opt/ros/humble LD_LIBRARY_PATH=/ros_ws/install/spot_ros2_control/lib:/ros_ws/install/spot_hardware_interface/lib:/ros_ws/install/spot_controllers/lib:/ros_ws/install/spot_msgs/lib:${LD_LIBRARY_PATH} PYTHONPATH=/ros_ws/build/spot_common:/ros_ws/install/spot_common/lib/python3.10/site-packages:/ros_ws/build/synchros2:/ros_ws/install/synchros2/lib/python3.10/site-packages:/ros_ws/build/spot_wrapper:/ros_ws/install/spot_wrapper/lib/python3.10/site-packages:/ros_ws/install/spot_msgs/local/lib/python3.10/dist-packages:${PYTHONPATH} /usr/bin/cmake /ros_ws/src/spot_driver -DCMAKE_BUILD_TYPE=Release -DAMENT_CMAKE_SYMLINK_INSTALL=1 -DCMAKE_INSTALL_PREFIX=/ros_ws/install/spot_driver
[0.057s] -- The C compiler identification is GNU 11.4.0
[0.100s] -- The CXX compiler identification is GNU 11.4.0
[0.106s] -- Detecting C compiler ABI info
[0.160s] -- Detecting C compiler ABI info - done
[0.165s] -- Check for working C compiler: /usr/bin/cc - skipped
[0.165s] -- Detecting C compile features
[0.166s] -- Detecting C compile features - done
[0.168s] -- Detecting CXX compiler ABI info
[0.228s] -- Detecting CXX compiler ABI info - done
[0.234s] -- Check for working CXX compiler: /usr/bin/c++ - skipped
[0.234s] -- Detecting CXX compile features
[0.234s] -- Detecting CXX compile features - done
[0.238s] -- Found ament_cmake: 1.3.13 (/opt/ros/humble/share/ament_cmake/cmake)
[0.357s] -- Found Python3: /usr/bin/python3 (found version "3.10.12") found components: Interpreter 
[0.418s] -- Override CMake install command with custom implementation using symlinks instead of copying resources
[0.452s] -- Found bondcpp: 4.1.2 (/opt/ros/humble/share/bondcpp/cmake)
[0.490s] -- Found rosidl_generator_c: 3.1.8 (/opt/ros/humble/share/rosidl_generator_c/cmake)
[0.496s] -- Found rosidl_adapter: 3.1.8 (/opt/ros/humble/share/rosidl_adapter/cmake)
[0.504s] -- Found rosidl_generator_cpp: 3.1.8 (/opt/ros/humble/share/rosidl_generator_cpp/cmake)
[0.516s] -- Using all available rosidl_typesupport_c: rosidl_typesupport_fastrtps_c;rosidl_typesupport_introspection_c
[0.532s] -- Using all available rosidl_typesupport_cpp: rosidl_typesupport_fastrtps_cpp;rosidl_typesupport_introspection_cpp
[0.608s] -- Found rmw_implementation_cmake: 6.1.2 (/opt/ros/humble/share/rmw_implementation_cmake/cmake)
[0.611s] -- Found rmw_fastrtps_cpp: 6.2.10 (/opt/ros/humble/share/rmw_fastrtps_cpp/cmake)
[0.686s] -- Found OpenSSL: /usr/lib/x86_64-linux-gnu/libcrypto.so (found version "3.0.2")  
[0.709s] -- Found FastRTPS: /opt/ros/humble/include  
[0.750s] -- Using RMW implementation 'rmw_fastrtps_cpp' as default
[0.759s] -- Looking for pthread.h
[0.812s] -- Looking for pthread.h - found
[0.812s] -- Performing Test CMAKE_HAVE_LIBC_PTHREAD
[0.870s] -- Performing Test CMAKE_HAVE_LIBC_PTHREAD - Success
[0.871s] -- Found Threads: TRUE  
[0.940s] -- Found bosdyn_api_msgs: 5.0.1 (/opt/ros/humble/share/bosdyn_api_msgs/cmake)
[1.032s] -- Found PythonInterp: /usr/bin/python (found version "3.10.12") 
[1.043s] -- Found Protobuf: /usr/lib/x86_64-linux-gnu/libprotobuf.so (found version "3.12.4") 
[1.049s] -- Found rosidl_default_generators: 1.2.0 (/opt/ros/humble/share/rosidl_default_generators/cmake)
[1.152s] -- Checking for module 'grpc'
[1.163s] --   Found grpc, version 10.0.0
[1.188s] -- Checking for module 'grpc++'
[1.200s] --   Found grpc++, version 1.30.2
[1.231s] -- CMake is running /opt/spot-cpp-sdk/lib/cmake/bosdyn/UseInstallbosdyn.cmake
[1.241s] -- Found bosdyn_spot_api_msgs: 5.0.1 (/opt/ros/humble/share/bosdyn_spot_api_msgs/cmake)
[1.265s] -- Found cv_bridge: 3.2.1 (/opt/ros/humble/share/cv_bridge/cmake)
[1.295s] -- Found image_transport: 3.1.12 (/opt/ros/humble/share/image_transport/cmake)
[1.338s] -- Found OpenCV: /usr (found version "4.5.4") 
[1.341s] -- Found rclcpp_components: 16.0.18 (/opt/ros/humble/share/rclcpp_components/cmake)
[1.362s] -- Found tf2_eigen: 0.25.19 (/opt/ros/humble/share/tf2_eigen/cmake)
[1.434s] -- Found tl_expected: 1.2.0 (/opt/ros/humble/share/tl_expected/cmake)
[1.434s] -- Found spot_msgs: 0.0.0 (/ros_ws/install/spot_msgs/share/spot_msgs/cmake)
[1.496s] -- Found std_srvs: 4.9.1 (/opt/ros/humble/share/std_srvs/cmake)
[1.505s] -- Found nav_msgs: 4.9.1 (/opt/ros/humble/share/nav_msgs/cmake)
[1.532s] -- Found PkgConfig: /usr/bin/pkg-config (found version "0.29.2") 
[1.535s] -- CMake is running /opt/spot-cpp-sdk/lib/cmake/bosdyn/UseInstallbosdyn.cmake
[1.538s] -- Found OpenCV: /usr (found suitable version "4.5.4", minimum required is "4") 
[1.652s] -- Found ament_cmake_gmock: 1.3.13 (/opt/ros/humble/share/ament_cmake_gmock/cmake)
[1.654s] -- Found ament_cmake_pytest: 1.3.13 (/opt/ros/humble/share/ament_cmake_pytest/cmake)
[1.661s] -- Found gmock sources under '/opt/ros/humble/src/gmock_vendor': C++ tests using 'Google Mock' will be built
[1.669s] -- Found ament_cmake_gtest: 1.3.13 (/opt/ros/humble/share/ament_cmake_gtest/cmake)
[1.671s] -- Found gtest sources under '/opt/ros/humble/src/gtest_vendor': C++ tests using 'Google Test' will be built
[2.653s] -- Configuring done
[2.916s] -- Generating done
[3.010s] -- Build files have been written to: /ros_ws/build/spot_driver
[3.033s] Invoked command in '/ros_ws/build/spot_driver' returned '0': AMENT_PREFIX_PATH=/ros_ws/install/spot_ros2_control:/ros_ws/install/spot_hardware_interface:/ros_ws/install/spot_controllers:/ros_ws/install/spot_common:/ros_ws/install/synchros2:/ros_ws/install/spot_msgs:/ros_ws/install/spot_description:${AMENT_PREFIX_PATH} CMAKE_PREFIX_PATH=/ros_ws/install/spot_ros2_control:/ros_ws/install/spot_hardware_interface:/ros_ws/install/spot_controllers:/ros_ws/install/spot_msgs:/ros_ws/install/spot_description:/ros_ws/install/rtabmap_lidar_custom:/opt/ros/humble LD_LIBRARY_PATH=/ros_ws/install/spot_ros2_control/lib:/ros_ws/install/spot_hardware_interface/lib:/ros_ws/install/spot_controllers/lib:/ros_ws/install/spot_msgs/lib:${LD_LIBRARY_PATH} PYTHONPATH=/ros_ws/build/spot_common:/ros_ws/install/spot_common/lib/python3.10/site-packages:/ros_ws/build/synchros2:/ros_ws/install/synchros2/lib/python3.10/site-packages:/ros_ws/build/spot_wrapper:/ros_ws/install/spot_wrapper/lib/python3.10/site-packages:/ros_ws/install/spot_msgs/local/lib/python3.10/dist-packages:${PYTHONPATH} /usr/bin/cmake /ros_ws/src/spot_driver -DCMAKE_BUILD_TYPE=Release -DAMENT_CMAKE_SYMLINK_INSTALL=1 -DCMAKE_INSTALL_PREFIX=/ros_ws/install/spot_driver
[3.034s] Invoking command in '/ros_ws/build/spot_driver': AMENT_PREFIX_PATH=/ros_ws/install/spot_ros2_control:/ros_ws/install/spot_hardware_interface:/ros_ws/install/spot_controllers:/ros_ws/install/spot_common:/ros_ws/install/synchros2:/ros_ws/install/spot_msgs:/ros_ws/install/spot_description:${AMENT_PREFIX_PATH} CMAKE_PREFIX_PATH=/ros_ws/install/spot_ros2_control:/ros_ws/install/spot_hardware_interface:/ros_ws/install/spot_controllers:/ros_ws/install/spot_msgs:/ros_ws/install/spot_description:/ros_ws/install/rtabmap_lidar_custom:/opt/ros/humble LD_LIBRARY_PATH=/ros_ws/install/spot_ros2_control/lib:/ros_ws/install/spot_hardware_interface/lib:/ros_ws/install/spot_controllers/lib:/ros_ws/install/spot_msgs/lib:${LD_LIBRARY_PATH} PYTHONPATH=/ros_ws/build/spot_common:/ros_ws/install/spot_common/lib/python3.10/site-packages:/ros_ws/build/synchros2:/ros_ws/install/synchros2/lib/python3.10/site-packages:/ros_ws/build/spot_wrapper:/ros_ws/install/spot_wrapper/lib/python3.10/site-packages:/ros_ws/install/spot_msgs/local/lib/python3.10/dist-packages:${PYTHONPATH} /usr/bin/cmake --build /ros_ws/build/spot_driver
[3.099s] [  1%] [32mBuilding CXX object CMakeFiles/spot_api.dir/src/api/default_kinematic_api.cpp.o[0m
[5.697s] [  2%] [32mBuilding CXX object CMakeFiles/spot_api.dir/src/api/default_image_client.cpp.o[0m
[10.408s] [  3%] [32mBuilding CXX object CMakeFiles/spot_api.dir/src/api/default_lease_client.cpp.o[0m
[13.219s] [  4%] [32mBuilding CXX object CMakeFiles/spot_api.dir/src/api/default_spot_api.cpp.o[0m
[19.525s] [  5%] [32mBuilding CXX object CMakeFiles/spot_api.dir/src/api/default_state_client.cpp.o[0m
[22.288s] [  6%] [32mBuilding CXX object CMakeFiles/spot_api.dir/src/api/default_time_sync_api.cpp.o[0m
[24.240s] [  6%] [32mBuilding CXX object CMakeFiles/spot_api.dir/src/api/default_world_object_client.cpp.o[0m
[26.809s] [  7%] [32mBuilding CXX object CMakeFiles/spot_api.dir/src/api/spot_clock_sources.cpp.o[0m
[27.745s] [  8%] [32mBuilding CXX object CMakeFiles/spot_api.dir/src/api/spot_image_sources.cpp.o[0m
[30.972s] [  9%] [32mBuilding CXX object CMakeFiles/spot_api.dir/src/conversions/common_conversions.cpp.o[0m
[32.249s] [ 10%] [32mBuilding CXX object CMakeFiles/spot_api.dir/src/conversions/decompress_images.cpp.o[0m
[35.683s] [ 11%] [32mBuilding CXX object CMakeFiles/spot_api.dir/src/conversions/geometry.cpp.o[0m
[36.942s] [ 12%] [32mBuilding CXX object CMakeFiles/spot_api.dir/src/conversions/kinematic_conversions.cpp.o[0m
[38.859s] [ 13%] [32mBuilding CXX object CMakeFiles/spot_api.dir/src/conversions/robot_state.cpp.o[0m
[41.142s] [01m[K/ros_ws/src/spot_driver/src/conversions/robot_state.cpp:[m[K In function ‘[01m[Kstd::optional<bosdyn_api_msgs::msg::ManipulatorState_<std::allocator<void> > > spot_ros2::getManipulatorState(const bosdyn::api::RobotState&)[m[K’:
[41.142s] [01m[K/ros_ws/src/spot_driver/src/conversions/robot_state.cpp:315:65:[m[K [01;35m[Kwarning: [m[K‘[01m[Kbool bosdyn::api::ManipulatorState::has_estimated_end_effector_force_in_hand() const[m[K’ is deprecated [[01;35m[K-Wdeprecated-declarations[m[K]
[41.142s]   315 |   if ([01;35m[Kmanipulator_state.has_estimated_end_effector_force_in_hand()[m[K) {
[41.142s]       |       [01;35m[K~~~~~~~~~~~~~~~~~~~~~~~~~~~~~~~~~~~~~~~~~~~~~~~~~~~~~~~~~~^~[m[K
[41.142s] In file included from [01m[K/ros_ws/src/spot_driver/include/spot_driver/conversions/robot_state.hpp:5[m[K,
[41.142s]                  from [01m[K/ros_ws/src/spot_driver/src/conversions/robot_state.cpp:13[m[K:
[41.142s] [01m[K/opt/spot-cpp-sdk/include/bosdyn/api/robot_state.pb.h:14893:13:[m[K [01;36m[Knote: [m[Kdeclared here
[41.142s] 14893 | inline bool [01;36m[KManipulatorState[m[K::has_estimated_end_effector_force_in_hand() const {
[41.142s]       |             [01;36m[K^~~~~~~~~~~~~~~~[m[K
[41.142s] [01m[K/ros_ws/src/spot_driver/src/conversions/robot_state.cpp:316:72:[m[K [01;35m[Kwarning: [m[K‘[01m[Kconst bosdyn::api::Vec3& bosdyn::api::ManipulatorState::estimated_end_effector_force_in_hand() const[m[K’ is deprecated [[01;35m[K-Wdeprecated-declarations[m[K]
[41.142s]   316 | convertToRos([01;35m[Kmanipulator_state.estimated_end_effector_force_in_hand()[m[K,
[41.142s]       |              [01;35m[K~~~~~~~~~~~~~~~~~~~~~~~~~~~~~~~~~~~~~~~~~~~~~~~~~~~~~~^~[m[K
[41.142s] 
[41.142s] In file included from [01m[K/ros_ws/src/spot_driver/include/spot_driver/conversions/robot_state.hpp:5[m[K,
[41.142s]                  from [01m[K/ros_ws/src/spot_driver/src/conversions/robot_state.cpp:13[m[K:
[41.142s] [01m[K/opt/spot-cpp-sdk/include/bosdyn/api/robot_state.pb.h:14901:35:[m[K [01;36m[Knote: [m[Kdeclared here
[41.142s] 14901 | inline const ::bosdyn::api::Vec3& [01;36m[KManipulatorState[m[K::estimated_end_effector_force_in_hand() const {
[41.142s]       |                                   [01;36m[K^~~~~~~~~~~~~~~~[m[K
[41.146s] [01m[K/ros_ws/src/spot_driver/src/conversions/robot_state.cpp:[m[K In function ‘[01m[Kstd::optional<geometry_msgs::msg::Vector3Stamped_<std::allocator<void> > > spot_ros2::getEndEffectorForce(const bosdyn::api::RobotState&, const google::protobuf::Duration&, const string&)[m[K’:
[41.146s] [01m[K/ros_ws/src/spot_driver/src/conversions/robot_state.cpp:346:84:[m[K [01;35m[Kwarning: [m[K‘[01m[Kconst bosdyn::api::Vec3& bosdyn::api::ManipulatorState::estimated_end_effector_force_in_hand() const[m[K’ is deprecated [[01;35m[K-Wdeprecated-declarations[m[K]
[41.146s]   346 | [01;35m[Kte.manipulator_state().estimated_end_effector_force_in_hand()[m[K, force.vector);
[41.146s]       | [01;35m[K~~~~~~~~~~~~~~~~~~~~~~~~~~~~~~~~~~~~~~~~~~~~~~~~~~~~~~~~~~~^~[m[K
[41.146s] 
[41.146s] In file included from [01m[K/ros_ws/src/spot_driver/include/spot_driver/conversions/robot_state.hpp:5[m[K,
[41.146s]                  from [01m[K/ros_ws/src/spot_driver/src/conversions/robot_state.cpp:13[m[K:
[41.146s] [01m[K/opt/spot-cpp-sdk/include/bosdyn/api/robot_state.pb.h:14901:35:[m[K [01;36m[Knote: [m[Kdeclared here
[41.146s] 14901 | inline const ::bosdyn::api::Vec3& [01;36m[KManipulatorState[m[K::estimated_end_effector_force_in_hand() const {
[41.146s]       |                                   [01;36m[K^~~~~~~~~~~~~~~~[m[K
[42.539s] [ 14%] [32mBuilding CXX object CMakeFiles/spot_api.dir/src/conversions/time.cpp.o[0m
[43.320s] [ 15%] [32mBuilding CXX object CMakeFiles/spot_api.dir/src/images/spot_image_publisher.cpp.o[0m
[47.554s] [01m[K/ros_ws/src/spot_driver/src/images/spot_image_publisher.cpp:[m[K In member function ‘[01m[Kvoid spot_ros2::images::SpotImagePublisher::timerCallback(bool, bool)[m[K’:
[47.554s] [01m[K/ros_ws/src/spot_driver/src/images/spot_image_publisher.cpp:137:107:[m[K [01;35m[Kwarning: [m[Kignoring returned value of type ‘[01m[Ktl::expected<void, std::__cxx11::basic_string<char> >[m[K’, declared with attribute ‘[01m[Knodiscard[m[K’ [[01;35m[K-Wunused-result[m[K]
[47.554s]   137 | mage_result.value().images_, image_result.value().compressed_images_)[01;35m[K;[m[K
[47.555s]       |                                                                      [01;35m[K^[m[K
[47.555s] 
[47.555s] In file included from [01m[K/ros_ws/src/spot_driver/include/spot_driver/api/spot_image_sources.hpp:7[m[K,
[47.555s]                  from [01m[K/ros_ws/src/spot_driver/include/spot_driver/images/spot_image_publisher.hpp:12[m[K,
[47.555s]                  from [01m[K/ros_ws/src/spot_driver/src/images/spot_image_publisher.cpp:3[m[K:
[47.555s] [01m[K/opt/ros/humble/include/tl_expected/expected.hpp:1285:29:[m[K [01;36m[Knote: [m[K‘[01m[Ktl::expected<void, std::__cxx11::basic_string<char> >[m[K’ declared here
[47.555s]  1285 | class TL_EXPECTED_NODISCARD [01;36m[Kexpected[m[K :
[47.555s]       |                             [01;36m[K^~~~~~~~[m[K
[48.817s] [ 16%] [32mBuilding CXX object CMakeFiles/spot_api.dir/src/images/images_middleware_handle.cpp.o[0m
[57.443s] [ 17%] [32mBuilding CXX object CMakeFiles/spot_api.dir/src/images/spot_image_publisher_node.cpp.o[0m
[64.341s] [ 18%] [32mBuilding CXX object CMakeFiles/spot_api.dir/src/interfaces/rclcpp_clock_interface.cpp.o[0m
[65.809s] [ 19%] [32mBuilding CXX object CMakeFiles/spot_api.dir/src/interfaces/rclcpp_logger_interface.cpp.o[0m
[66.374s] [ 20%] [32mBuilding CXX object CMakeFiles/spot_api.dir/src/interfaces/rclcpp_node_interface.cpp.o[0m
[67.435s] [ 20%] [32mBuilding CXX object CMakeFiles/spot_api.dir/src/interfaces/rclcpp_parameter_interface.cpp.o[0m
[70.456s] [ 21%] [32mBuilding CXX object CMakeFiles/spot_api.dir/src/interfaces/rclcpp_tf_broadcaster_interface.cpp.o[0m
[74.480s] [ 22%] [32mBuilding CXX object CMakeFiles/spot_api.dir/src/interfaces/rclcpp_tf_listener_interface.cpp.o[0m
[83.578s] [ 23%] [32mBuilding CXX object CMakeFiles/spot_api.dir/src/interfaces/rclcpp_wall_timer_interface.cpp.o[0m
[85.170s] [ 25%] [32mBuilding CXX object CMakeFiles/spot_api.dir/src/lease/lease_manager.cpp.o[0m
[119.355s] [ 26%] [32mBuilding CXX object CMakeFiles/spot_api.dir/src/lease/lease_manager_node.cpp.o[0m
[124.797s] [ 27%] [32mBuilding CXX object CMakeFiles/spot_api.dir/src/lease/lease_middleware_handle.cpp.o[0m
[131.575s] [ 28%] [32mBuilding CXX object CMakeFiles/spot_api.dir/src/kinematic/kinematic_node.cpp.o[0m
[137.099s] [ 29%] [32mBuilding CXX object CMakeFiles/spot_api.dir/src/kinematic/kinematic_service.cpp.o[0m
[140.992s] [ 30%] [32mBuilding CXX object CMakeFiles/spot_api.dir/src/kinematic/kinematic_middleware_handle.cpp.o[0m
[145.544s] [ 31%] [32mBuilding CXX object CMakeFiles/spot_api.dir/src/object_sync/object_synchronizer.cpp.o[0m
[151.457s] [ 32%] [32mBuilding CXX object CMakeFiles/spot_api.dir/src/object_sync/object_synchronizer_node.cpp.o[0m
[158.967s] [ 33%] [32mBuilding CXX object CMakeFiles/spot_api.dir/src/robot_state/state_middleware_handle.cpp.o[0m
[169.833s] [ 34%] [32mBuilding CXX object CMakeFiles/spot_api.dir/src/robot_state/state_publisher.cpp.o[0m
[172.744s] [ 35%] [32mBuilding CXX object CMakeFiles/spot_api.dir/src/robot_state/state_publisher_node.cpp.o[0m
[179.811s] [ 36%] [32m[1mLinking CXX static library libspot_api.a[0m
[179.888s] [ 36%] Built target spot_api
[179.904s] [ 37%] [32mBuilding CXX object CMakeFiles/spot_image_publisher_node.dir/src/images/spot_image_publisher_node_main.cpp.o[0m
[184.802s] [ 38%] [32m[1mLinking CXX executable spot_image_publisher_node[0m
[187.611s] [ 38%] Built target spot_image_publisher_node
[187.628s] [ 38%] [32mBuilding CXX object CMakeFiles/spot_image_publisher_component.dir/src/images/spot_image_publisher_component.cpp.o[0m
[192.662s] [ 39%] [32m[1mLinking CXX shared library libspot_image_publisher_component.so[0m
[195.237s] [ 39%] Built target spot_image_publisher_component
[195.254s] [ 40%] [32mBuilding CXX object CMakeFiles/spot_image_publisher_node_component.dir/rclcpp_components/node_main_spot_image_publisher_node_component.cpp.o[0m
[198.150s] [ 41%] [32m[1mLinking CXX executable spot_image_publisher_node_component[0m
[198.230s] [ 41%] Built target spot_image_publisher_node_component
[198.245s] [ 42%] [32mBuilding CXX object CMakeFiles/state_publisher_node.dir/src/robot_state/state_publisher_node_main.cpp.o[0m
[203.140s] [ 42%] [32m[1mLinking CXX executable state_publisher_node[0m
[205.929s] [ 42%] Built target state_publisher_node
[205.944s] [ 43%] [32mBuilding CXX object CMakeFiles/state_publisher_component.dir/src/robot_state/state_publisher_component.cpp.o[0m
[210.534s] [ 44%] [32m[1mLinking CXX shared library libstate_publisher_component.so[0m
[212.951s] [ 44%] Built target state_publisher_component
[212.967s] [ 45%] [32mBuilding CXX object CMakeFiles/state_publisher_node_component.dir/rclcpp_components/node_main_state_publisher_node_component.cpp.o[0m
[216.005s] [ 46%] [32m[1mLinking CXX executable state_publisher_node_component[0m
[216.083s] [ 46%] Built target state_publisher_node_component
[216.100s] [ 47%] [32mBuilding CXX object CMakeFiles/lease_manager_node.dir/src/lease/lease_manager_node_main.cpp.o[0m
[221.377s] [ 48%] [32m[1mLinking CXX executable lease_manager_node[0m
[224.036s] [ 48%] Built target lease_manager_node
[224.051s] [ 50%] [32mBuilding CXX object CMakeFiles/lease_manager_component.dir/src/lease/lease_manager_component.cpp.o[0m
[229.192s] [ 50%] [32m[1mLinking CXX shared library liblease_manager_component.so[0m
[231.573s] [ 50%] Built target lease_manager_component
[231.588s] [ 51%] [32mBuilding CXX object CMakeFiles/lease_manager_node_component.dir/rclcpp_components/node_main_lease_manager_node_component.cpp.o[0m
[234.404s] [ 52%] [32m[1mLinking CXX executable lease_manager_node_component[0m
[234.484s] [ 52%] Built target lease_manager_node_component
[234.499s] [ 53%] [32mBuilding CXX object CMakeFiles/spot_inverse_kinematics_node.dir/src/kinematic/kinematic_node_main.cpp.o[0m
[239.633s] [ 54%] [32m[1mLinking CXX executable spot_inverse_kinematics_node[0m
[242.215s] [ 54%] Built target spot_inverse_kinematics_node
[242.230s] [ 55%] [32mBuilding CXX object CMakeFiles/spot_inverse_kinematics_component.dir/src/kinematic/kinematic_component.cpp.o[0m
[247.297s] [ 56%] [32m[1mLinking CXX shared library libspot_inverse_kinematics_component.so[0m
[249.722s] [ 56%] Built target spot_inverse_kinematics_component
[249.738s] [ 57%] [32mBuilding CXX object CMakeFiles/object_synchronizer_node.dir/src/object_sync/object_synchronizer_node_main.cpp.o[0m
[254.620s] [ 58%] [32m[1mLinking CXX executable object_synchronizer_node[0m
[257.453s] [ 58%] Built target object_synchronizer_node
[257.469s] [ 59%] [32mBuilding CXX object CMakeFiles/spot_inverse_kinematics_node_component.dir/rclcpp_components/node_main_spot_inverse_kinematics_node_component.cpp.o[0m
[260.305s] [ 60%] [32m[1mLinking CXX executable spot_inverse_kinematics_node_component[0m
[260.383s] [ 60%] Built target spot_inverse_kinematics_node_component
[260.398s] [ 61%] [32mBuilding CXX object CMakeFiles/image_stitcher.dir/src/image_stitcher/image_stitcher.cpp.o[0m
[276.930s] [ 62%] [32mBuilding CXX object CMakeFiles/image_stitcher.dir/src/image_stitcher/image_stitcher_node.cpp.o[0m
[284.789s] [ 63%] [32m[1mLinking CXX static library libimage_stitcher.a[0m
[284.830s] [ 63%] Built target image_stitcher
[284.847s] [ 64%] [32mBuilding CXX object CMakeFiles/image_stitcher_node.dir/src/image_stitcher/image_stitcher_node_main.cpp.o[0m
[289.068s] [ 65%] [32m[1mLinking CXX executable image_stitcher_node[0m
[289.939s] [ 65%] Built target image_stitcher_node
[289.960s] [ 65%] Built target ament_cmake_python_symlink_spot_driver
[290.193s] running egg_info
[290.194s] creating spot_driver.egg-info
[290.194s] writing spot_driver.egg-info/PKG-INFO
[290.194s] writing dependency_links to spot_driver.egg-info/dependency_links.txt
[290.194s] writing top-level names to spot_driver.egg-info/top_level.txt
[290.194s] writing manifest file 'spot_driver.egg-info/SOURCES.txt'
[290.196s] reading manifest file 'spot_driver.egg-info/SOURCES.txt'
[290.197s] writing manifest file 'spot_driver.egg-info/SOURCES.txt'
[290.221s] [ 65%] Built target ament_cmake_python_build_spot_driver_egg
[290.237s] [ 66%] [32mBuilding CXX object test/CMakeFiles/rclcpp_test.dir/src/rclcpp_test.cpp.o[0m
[292.843s] [ 67%] [32m[1mLinking CXX static library librclcpp_test.a[0m
[292.866s] [ 67%] Built target rclcpp_test
[292.881s] [ 68%] [32mBuilding CXX object gmock/CMakeFiles/gmock_main.dir/src/gmock_main.cc.o[0m
[293.864s] [ 69%] [32m[1mLinking CXX static library libgmock_main.a[0m
[293.888s] [ 69%] Built target gmock_main
[293.903s] [ 69%] [32mBuilding CXX object gmock/CMakeFiles/gmock.dir/opt/ros/humble/src/gtest_vendor/src/gtest-all.cc.o[0m
[300.435s] [ 70%] [32mBuilding CXX object gmock/CMakeFiles/gmock.dir/src/gmock-all.cc.o[0m
[302.972s] [ 71%] [32m[1mLinking CXX static library libgmock.a[0m
[303.000s] [ 71%] Built target gmock
[303.017s] [ 72%] [32mBuilding CXX object test/CMakeFiles/test_clock_skew.dir/src/test_clock_skew.cpp.o[0m
[304.814s] [ 73%] [32m[1mLinking CXX executable test_clock_skew[0m
[305.097s] [ 73%] Built target test_clock_skew
[305.113s] [ 75%] [32mBuilding CXX object test/CMakeFiles/test_clock_source.dir/src/test_clock_source.cpp.o[0m
[306.638s] [ 76%] [32m[1mLinking CXX executable test_clock_source[0m
[307.199s] [ 76%] Built target test_clock_source
[307.216s] [ 77%] [32mBuilding CXX object test/CMakeFiles/test_spot_image_publisher.dir/src/images/test_spot_image_publisher.cpp.o[0m
[317.036s] [ 78%] [32m[1mLinking CXX executable test_spot_image_publisher[0m
[319.201s] [ 78%] Built target test_spot_image_publisher
[319.216s] [ 79%] [32mBuilding CXX object test/CMakeFiles/test_spot_image_publisher_node.dir/src/images/test_spot_image_publisher_node.cpp.o[0m
[330.512s] [ 80%] [32m[1mLinking CXX executable test_spot_image_publisher_node[0m
[333.293s] [ 80%] Built target test_spot_image_publisher_node
[333.309s] [ 81%] [32mBuilding CXX object test/CMakeFiles/test_spot_image_sources.dir/src/images/test_spot_image_sources.cpp.o[0m
[339.673s] [ 82%] [32m[1mLinking CXX executable test_spot_image_sources[0m
[340.284s] [ 82%] Built target test_spot_image_sources
[340.301s] [ 83%] [32mBuilding CXX object test/CMakeFiles/test_parameter_interface.dir/src/test_parameter_interface.cpp.o[0m
[347.284s] [ 84%] [32m[1mLinking CXX executable test_parameter_interface[0m
[347.589s] [ 84%] Built target test_parameter_interface
[347.609s] [ 85%] [32mBuilding CXX object test/CMakeFiles/test_state_publisher.dir/src/robot_state/test_state_publisher.cpp.o[0m
[354.341s] [ 86%] [32m[1mLinking CXX executable test_state_publisher[0m
[356.809s] [ 86%] Built target test_state_publisher
[356.824s] [ 87%] [32mBuilding CXX object test/CMakeFiles/test_state_publisher_node.dir/src/robot_state/test_state_publisher_node.cpp.o[0m
[368.000s] [ 88%] [32m[1mLinking CXX executable test_state_publisher_node[0m
[370.867s] [ 88%] Built target test_state_publisher_node
[370.882s] [ 89%] [32mBuilding CXX object test/CMakeFiles/test_conversions_geometry.dir/src/conversions/test_geometry.cpp.o[0m
[373.263s] [ 90%] [32m[1mLinking CXX executable test_conversions_geometry[0m
[375.720s] [ 90%] Built target test_conversions_geometry
[375.735s] [ 91%] [32mBuilding CXX object test/CMakeFiles/test_conversions_robot_state.dir/src/conversions/test_robot_state.cpp.o[0m
[377.558s] [01m[K/ros_ws/src/spot_driver/test/src/conversions/test_robot_state.cpp:[m[K In member function ‘[01m[Kvirtual void spot_ros2::test::RobotStateConversions_TestGetManipulatorState_Test::TestBody()[m[K’:
[377.559s] [01m[K/ros_ws/src/spot_driver/test/src/conversions/test_robot_state.cpp:665:88:[m[K [01;35m[Kwarning: [m[K‘[01m[Kbosdyn::api::Vec3* bosdyn::api::ManipulatorState::mutable_estimated_end_effector_force_in_hand()[m[K’ is deprecated [[01;35m[K-Wdeprecated-declarations[m[K]
[377.559s]   665 | [01;35m[Klator_state()->mutable_estimated_end_effector_force_in_hand()[m[K->CopyFrom(force_in_hand);
[377.559s]       | [01;35m[K~~~~~~~~~~~~~~~~~~~~~~~~~~~~~~~~~~~~~~~~~~~~~~~~~~~~~~~~~~~^~[m[K
[377.559s] 
[377.559s] In file included from [01m[K/ros_ws/src/spot_driver/test/src/conversions/test_robot_state.cpp:4[m[K:
[377.559s] [01m[K/opt/spot-cpp-sdk/include/bosdyn/api/robot_state.pb.h:14940:29:[m[K [01;36m[Knote: [m[Kdeclared here
[377.559s] 14940 | inline ::bosdyn::api::Vec3* [01;36m[KManipulatorState[m[K::mutable_estimated_end_effector_force_in_hand() {
[377.559s]       |                             [01;36m[K^~~~~~~~~~~~~~~~[m[K
[377.567s] [01m[K/ros_ws/src/spot_driver/test/src/conversions/test_robot_state.cpp:[m[K In member function ‘[01m[Kvirtual void spot_ros2::test::RobotStateConversions_TestGetManipulatorStateNoForceInHand_Test::TestBody()[m[K’:
[377.567s] [01m[K/ros_ws/src/spot_driver/test/src/conversions/test_robot_state.cpp:737:86:[m[K [01;35m[Kwarning: [m[K‘[01m[Kvoid bosdyn::api::ManipulatorState::clear_estimated_end_effector_force_in_hand()[m[K’ is deprecated [[01;35m[K-Wdeprecated-declarations[m[K]
[377.567s]   737 | [01;35m[Kble_manipulator_state()->clear_estimated_end_effector_force_in_hand()[m[K;
[377.567s]       | [01;35m[K~~~~~~~~~~~~~~~~~~~~~~~~~~~~~~~~~~~~~~~~~~~~~~~~~~~~~~~~~~~~~~~~~~~^~[m[K
[377.567s] 
[377.567s] In file included from [01m[K/ros_ws/src/spot_driver/test/src/conversions/test_robot_state.cpp:4[m[K:
[377.567s] [01m[K/opt/spot-cpp-sdk/include/bosdyn/api/robot_state.pb.h:5827:28:[m[K [01;36m[Knote: [m[Kdeclared here
[377.567s]  5827 |   PROTOBUF_DEPRECATED void [01;36m[Kclear_estimated_end_effector_force_in_hand[m[K();
[377.567s]       |                            [01;36m[K^~~~~~~~~~~~~~~~~~~~~~~~~~~~~~~~~~~~~~~~~~[m[K
[377.568s] [01m[K/ros_ws/src/spot_driver/test/src/conversions/test_robot_state.cpp:[m[K In member function ‘[01m[Kvirtual void spot_ros2::test::RobotStateConversions_TestGetEndEffectorForce_Test::TestBody()[m[K’:
[377.568s] [01m[K/ros_ws/src/spot_driver/test/src/conversions/test_robot_state.cpp:763:88:[m[K [01;35m[Kwarning: [m[K‘[01m[Kbosdyn::api::Vec3* bosdyn::api::ManipulatorState::mutable_estimated_end_effector_force_in_hand()[m[K’ is deprecated [[01;35m[K-Wdeprecated-declarations[m[K]
[377.568s]   763 | [01;35m[Klator_state()->mutable_estimated_end_effector_force_in_hand()[m[K->CopyFrom(force);
[377.568s]       | [01;35m[K~~~~~~~~~~~~~~~~~~~~~~~~~~~~~~~~~~~~~~~~~~~~~~~~~~~~~~~~~~~^~[m[K
[377.568s] 
[377.568s] In file included from [01m[K/ros_ws/src/spot_driver/test/src/conversions/test_robot_state.cpp:4[m[K:
[377.568s] [01m[K/opt/spot-cpp-sdk/include/bosdyn/api/robot_state.pb.h:14940:29:[m[K [01;36m[Knote: [m[Kdeclared here
[377.568s] 14940 | inline ::bosdyn::api::Vec3* [01;36m[KManipulatorState[m[K::mutable_estimated_end_effector_force_in_hand() {
[377.568s]       |                             [01;36m[K^~~~~~~~~~~~~~~~[m[K
[386.856s] [ 92%] [32m[1mLinking CXX executable test_conversions_robot_state[0m
[389.374s] [ 92%] Built target test_conversions_robot_state
[389.390s] [ 93%] [32mBuilding CXX object test/CMakeFiles/test_kinematic_conversions.dir/src/conversions/test_kinematic_conversions.cpp.o[0m
[394.957s] [ 94%] [32m[1mLinking CXX executable test_kinematic_conversions[0m
[397.068s] [ 94%] Built target test_kinematic_conversions
[397.084s] [ 95%] [32mBuilding CXX object test/CMakeFiles/test_common_conversions.dir/src/conversions/test_common_conversions.cpp.o[0m
[403.005s] [ 96%] [32m[1mLinking CXX executable test_common_conversions[0m
[405.223s] [ 96%] Built target test_common_conversions
[405.239s] [ 97%] [32mBuilding CXX object test/CMakeFiles/test_lease_manager.dir/src/lease/test_lease_manager.cpp.o[0m
[447.327s] [ 98%] [32m[1mLinking CXX executable test_lease_manager[0m
[449.898s] [ 98%] Built target test_lease_manager
[449.913s] [ 98%] [32mBuilding CXX object test/CMakeFiles/test_kinematic_service.dir/src/kinematic/test_kinematic_service.cpp.o[0m
[455.481s] [100%] [32m[1mLinking CXX executable test_kinematic_service[0m
[457.707s] [100%] Built target test_kinematic_service
[457.720s] Invoked command in '/ros_ws/build/spot_driver' returned '0': AMENT_PREFIX_PATH=/ros_ws/install/spot_ros2_control:/ros_ws/install/spot_hardware_interface:/ros_ws/install/spot_controllers:/ros_ws/install/spot_common:/ros_ws/install/synchros2:/ros_ws/install/spot_msgs:/ros_ws/install/spot_description:${AMENT_PREFIX_PATH} CMAKE_PREFIX_PATH=/ros_ws/install/spot_ros2_control:/ros_ws/install/spot_hardware_interface:/ros_ws/install/spot_controllers:/ros_ws/install/spot_msgs:/ros_ws/install/spot_description:/ros_ws/install/rtabmap_lidar_custom:/opt/ros/humble LD_LIBRARY_PATH=/ros_ws/install/spot_ros2_control/lib:/ros_ws/install/spot_hardware_interface/lib:/ros_ws/install/spot_controllers/lib:/ros_ws/install/spot_msgs/lib:${LD_LIBRARY_PATH} PYTHONPATH=/ros_ws/build/spot_common:/ros_ws/install/spot_common/lib/python3.10/site-packages:/ros_ws/build/synchros2:/ros_ws/install/synchros2/lib/python3.10/site-packages:/ros_ws/build/spot_wrapper:/ros_ws/install/spot_wrapper/lib/python3.10/site-packages:/ros_ws/install/spot_msgs/local/lib/python3.10/dist-packages:${PYTHONPATH} /usr/bin/cmake --build /ros_ws/build/spot_driver
[457.720s] Invoking command in '/ros_ws/build/spot_driver': AMENT_PREFIX_PATH=/ros_ws/install/spot_ros2_control:/ros_ws/install/spot_hardware_interface:/ros_ws/install/spot_controllers:/ros_ws/install/spot_common:/ros_ws/install/synchros2:/ros_ws/install/spot_msgs:/ros_ws/install/spot_description:${AMENT_PREFIX_PATH} CMAKE_PREFIX_PATH=/ros_ws/install/spot_ros2_control:/ros_ws/install/spot_hardware_interface:/ros_ws/install/spot_controllers:/ros_ws/install/spot_msgs:/ros_ws/install/spot_description:/ros_ws/install/rtabmap_lidar_custom:/opt/ros/humble LD_LIBRARY_PATH=/ros_ws/install/spot_ros2_control/lib:/ros_ws/install/spot_hardware_interface/lib:/ros_ws/install/spot_controllers/lib:/ros_ws/install/spot_msgs/lib:${LD_LIBRARY_PATH} PYTHONPATH=/ros_ws/build/spot_common:/ros_ws/install/spot_common/lib/python3.10/site-packages:/ros_ws/build/synchros2:/ros_ws/install/synchros2/lib/python3.10/site-packages:/ros_ws/build/spot_wrapper:/ros_ws/install/spot_wrapper/lib/python3.10/site-packages:/ros_ws/install/spot_msgs/local/lib/python3.10/dist-packages:${PYTHONPATH} /usr/bin/cmake --install /ros_ws/build/spot_driver
[457.726s] -- Install configuration: "Release"
[457.726s] -- Execute custom install script
[457.727s] -- Symlinking: /ros_ws/install/spot_driver/lib/spot_driver/spot_image_publisher_node_component
[457.734s] -- Symlinking: /ros_ws/install/spot_driver/lib/spot_driver/state_publisher_node_component
[457.742s] -- Symlinking: /ros_ws/install/spot_driver/lib/spot_driver/lease_manager_node_component
[457.749s] -- Symlinking: /ros_ws/install/spot_driver/lib/spot_driver/spot_inverse_kinematics_node_component
[457.756s] -- Symlinking: /ros_ws/install/spot_driver/share/spot_driver/environment/pythonpath.sh
[457.763s] -- Symlinking: /ros_ws/install/spot_driver/share/spot_driver/environment/pythonpath.dsv
[457.771s] -- Symlinking: /ros_ws/install/spot_driver/local/lib/python3.10/dist-packages/spot_driver-0.0.0-py3.10.egg-info/PKG-INFO
[457.777s] -- Symlinking: /ros_ws/install/spot_driver/local/lib/python3.10/dist-packages/spot_driver-0.0.0-py3.10.egg-info/SOURCES.txt
[457.784s] -- Symlinking: /ros_ws/install/spot_driver/local/lib/python3.10/dist-packages/spot_driver-0.0.0-py3.10.egg-info/dependency_links.txt
[457.791s] -- Symlinking: /ros_ws/install/spot_driver/local/lib/python3.10/dist-packages/spot_driver-0.0.0-py3.10.egg-info/top_level.txt
[457.798s] -- Symlinking: /ros_ws/install/spot_driver/local/lib/python3.10/dist-packages/spot_driver/__init__.py
[457.805s] -- Symlinking: /ros_ws/install/spot_driver/local/lib/python3.10/dist-packages/spot_driver/calibrated_reregistered_hand_camera_depth_publisher.py
[457.812s] -- Symlinking: /ros_ws/install/spot_driver/local/lib/python3.10/dist-packages/spot_driver/manual_conversions.py
[457.819s] -- Symlinking: /ros_ws/install/spot_driver/local/lib/python3.10/dist-packages/spot_driver/robot_command_util.py
[457.825s] -- Symlinking: /ros_ws/install/spot_driver/local/lib/python3.10/dist-packages/spot_driver/ros_helpers.py
[457.832s] -- Symlinking: /ros_ws/install/spot_driver/local/lib/python3.10/dist-packages/spot_driver/spot_alerts.py
[457.839s] -- Symlinking: /ros_ws/install/spot_driver/local/lib/python3.10/dist-packages/spot_driver/spot_ros2.py
[457.845s] -- Symlinking: /ros_ws/install/spot_driver/lib/spot_driver/calibrated_reregistered_hand_camera_depth_publisher.py
[457.853s] -- Symlinking: /ros_ws/install/spot_driver/lib/spot_driver/image_stitcher_node
[457.859s] -- Symlinking: /ros_ws/install/spot_driver/lib/spot_driver/lease_manager_node
[457.866s] -- Up-to-date symlink: /ros_ws/install/spot_driver/lib/spot_driver/lease_manager_node_component
[457.866s] -- Symlinking: /ros_ws/install/spot_driver/lib/spot_driver/object_synchronizer_node
[457.873s] -- Symlinking: /ros_ws/install/spot_driver/lib/spot_driver/spot_image_publisher_node
[457.880s] -- Up-to-date symlink: /ros_ws/install/spot_driver/lib/spot_driver/spot_image_publisher_node_component
[457.880s] -- Symlinking: /ros_ws/install/spot_driver/lib/spot_driver/spot_inverse_kinematics_node
[457.888s] -- Up-to-date symlink: /ros_ws/install/spot_driver/lib/spot_driver/spot_inverse_kinematics_node_component
[457.888s] -- Symlinking: /ros_ws/install/spot_driver/lib/spot_driver/state_publisher_node
[457.894s] -- Up-to-date symlink: /ros_ws/install/spot_driver/lib/spot_driver/state_publisher_node_component
[457.895s] -- Symlinking: /ros_ws/install/spot_driver/include/spot_driver/api/default_image_client.hpp
[457.903s] -- Symlinking: /ros_ws/install/spot_driver/include/spot_driver/api/default_kinematic_api.hpp
[457.911s] -- Symlinking: /ros_ws/install/spot_driver/include/spot_driver/api/default_lease_client.hpp
[457.919s] -- Symlinking: /ros_ws/install/spot_driver/include/spot_driver/api/default_spot_api.hpp
[457.926s] -- Symlinking: /ros_ws/install/spot_driver/include/spot_driver/api/default_state_client.hpp
[457.934s] -- Symlinking: /ros_ws/install/spot_driver/include/spot_driver/api/default_time_sync_api.hpp
[457.941s] -- Symlinking: /ros_ws/install/spot_driver/include/spot_driver/api/default_world_object_client.hpp
[457.948s] -- Symlinking: /ros_ws/install/spot_driver/include/spot_driver/api/kinematic_api.hpp
[457.956s] -- Symlinking: /ros_ws/install/spot_driver/include/spot_driver/api/lease_client_interface.hpp
[457.962s] -- Symlinking: /ros_ws/install/spot_driver/include/spot_driver/api/middleware_handle_base.hpp
[457.969s] -- Symlinking: /ros_ws/install/spot_driver/include/spot_driver/api/spot_api.hpp
[457.976s] -- Symlinking: /ros_ws/install/spot_driver/include/spot_driver/api/spot_clock_sources.hpp
[457.984s] -- Symlinking: /ros_ws/install/spot_driver/include/spot_driver/api/spot_image_sources.hpp
[457.990s] -- Symlinking: /ros_ws/install/spot_driver/include/spot_driver/api/state_client_interface.hpp
[457.997s] -- Symlinking: /ros_ws/install/spot_driver/include/spot_driver/api/time_sync_api.hpp
[458.005s] -- Symlinking: /ros_ws/install/spot_driver/include/spot_driver/api/world_object_client_interface.hpp
[458.012s] -- Symlinking: /ros_ws/install/spot_driver/include/spot_driver/conversions/common_conversions.hpp
[458.019s] -- Symlinking: /ros_ws/install/spot_driver/include/spot_driver/conversions/decompress_images.hpp
[458.025s] -- Symlinking: /ros_ws/install/spot_driver/include/spot_driver/conversions/geometry.hpp
[458.032s] -- Symlinking: /ros_ws/install/spot_driver/include/spot_driver/conversions/kinematic_conversions.hpp
[458.040s] -- Symlinking: /ros_ws/install/spot_driver/include/spot_driver/conversions/robot_state.hpp
[458.048s] -- Symlinking: /ros_ws/install/spot_driver/include/spot_driver/conversions/time.hpp
[458.056s] -- Symlinking: /ros_ws/install/spot_driver/include/spot_driver/image_stitcher/image_stitcher.hpp
[458.065s] -- Symlinking: /ros_ws/install/spot_driver/include/spot_driver/image_stitcher/image_stitcher_node.hpp
[458.073s] -- Symlinking: /ros_ws/install/spot_driver/include/spot_driver/images/images_middleware_handle.hpp
[458.081s] -- Symlinking: /ros_ws/install/spot_driver/include/spot_driver/images/spot_image_publisher.hpp
[458.089s] -- Symlinking: /ros_ws/install/spot_driver/include/spot_driver/images/spot_image_publisher_node.hpp
[458.099s] -- Symlinking: /ros_ws/install/spot_driver/include/spot_driver/interfaces/clock_interface_base.hpp
[458.107s] -- Symlinking: /ros_ws/install/spot_driver/include/spot_driver/interfaces/image_client_interface.hpp
[458.117s] -- Symlinking: /ros_ws/install/spot_driver/include/spot_driver/interfaces/logger_interface_base.hpp
[458.125s] -- Symlinking: /ros_ws/install/spot_driver/include/spot_driver/interfaces/node_interface_base.hpp
[458.132s] -- Symlinking: /ros_ws/install/spot_driver/include/spot_driver/interfaces/parameter_interface_base.hpp
[458.139s] -- Symlinking: /ros_ws/install/spot_driver/include/spot_driver/interfaces/rclcpp_clock_interface.hpp
[458.146s] -- Symlinking: /ros_ws/install/spot_driver/include/spot_driver/interfaces/rclcpp_logger_interface.hpp
[458.153s] -- Symlinking: /ros_ws/install/spot_driver/include/spot_driver/interfaces/rclcpp_node_interface.hpp
[458.161s] -- Symlinking: /ros_ws/install/spot_driver/include/spot_driver/interfaces/rclcpp_parameter_interface.hpp
[458.168s] -- Symlinking: /ros_ws/install/spot_driver/include/spot_driver/interfaces/rclcpp_tf_broadcaster_interface.hpp
[458.174s] -- Symlinking: /ros_ws/install/spot_driver/include/spot_driver/interfaces/rclcpp_tf_listener_interface.hpp
[458.182s] -- Symlinking: /ros_ws/install/spot_driver/include/spot_driver/interfaces/rclcpp_wall_timer_interface.hpp
[458.189s] -- Symlinking: /ros_ws/install/spot_driver/include/spot_driver/interfaces/tf_broadcaster_interface_base.hpp
[458.196s] -- Symlinking: /ros_ws/install/spot_driver/include/spot_driver/interfaces/tf_listener_interface_base.hpp
[458.204s] -- Symlinking: /ros_ws/install/spot_driver/include/spot_driver/interfaces/timer_interface_base.hpp
[458.211s] -- Symlinking: /ros_ws/install/spot_driver/include/spot_driver/kinematic/kinematic_middleware_handle.hpp
[458.218s] -- Symlinking: /ros_ws/install/spot_driver/include/spot_driver/kinematic/kinematic_node.hpp
[458.225s] -- Symlinking: /ros_ws/install/spot_driver/include/spot_driver/kinematic/kinematic_service.hpp
[458.231s] -- Symlinking: /ros_ws/install/spot_driver/include/spot_driver/lease/lease_manager.hpp
[458.239s] -- Symlinking: /ros_ws/install/spot_driver/include/spot_driver/lease/lease_manager_node.hpp
[458.245s] -- Symlinking: /ros_ws/install/spot_driver/include/spot_driver/lease/lease_middleware_handle.hpp
[458.253s] -- Symlinking: /ros_ws/install/spot_driver/include/spot_driver/object_sync/object_synchronizer.hpp
[458.259s] -- Symlinking: /ros_ws/install/spot_driver/include/spot_driver/object_sync/object_synchronizer_node.hpp
[458.266s] -- Symlinking: /ros_ws/install/spot_driver/include/spot_driver/robot_state/state_middleware_handle.hpp
[458.272s] -- Symlinking: /ros_ws/install/spot_driver/include/spot_driver/robot_state/state_publisher.hpp
[458.278s] -- Symlinking: /ros_ws/install/spot_driver/include/spot_driver/robot_state/state_publisher_node.hpp
[458.287s] -- Symlinking: /ros_ws/install/spot_driver/include/spot_driver/types.hpp
[458.294s] -- Symlinking: /ros_ws/install/spot_driver/share/spot_driver/config/planar.yaml
[458.301s] -- Symlinking: /ros_ws/install/spot_driver/share/spot_driver/config/spot_ros_example.yaml
[458.308s] -- Symlinking: /ros_ws/install/spot_driver/share/spot_driver/config/teleop.yaml
[458.314s] -- Symlinking: /ros_ws/install/spot_driver/share/spot_driver/config/twist_mux.yaml
[458.322s] -- Symlinking: /ros_ws/install/spot_driver/share/spot_driver/launch/point_cloud_xyz.launch.py
[458.329s] -- Symlinking: /ros_ws/install/spot_driver/share/spot_driver/launch/point_cloud_xyzrgb.launch.py
[458.336s] -- Symlinking: /ros_ws/install/spot_driver/share/spot_driver/launch/rs_launch.py
[458.343s] -- Symlinking: /ros_ws/install/spot_driver/share/spot_driver/launch/rviz.launch.py
[458.350s] -- Symlinking: /ros_ws/install/spot_driver/share/spot_driver/launch/spot_driver.launch.py
[458.356s] -- Symlinking: /ros_ws/install/spot_driver/share/spot_driver/launch/spot_image_publishers.launch.py
[458.364s] -- Symlinking: /ros_ws/install/spot_driver/share/spot_driver/rviz/spot_template.yaml
[458.371s] -- Symlinking: /ros_ws/install/spot_driver/share/spot_driver/rviz/viz_spot.rviz
[458.377s] -- Symlinking: /ros_ws/install/spot_driver/share/spot_driver/environment/library_path.sh
[458.384s] -- Symlinking: /ros_ws/install/spot_driver/share/spot_driver/environment/library_path.dsv
[458.391s] -- Symlinking: /ros_ws/install/spot_driver/share/ament_index/resource_index/package_run_dependencies/spot_driver
[458.396s] -- Symlinking: /ros_ws/install/spot_driver/share/ament_index/resource_index/parent_prefix_path/spot_driver
[458.403s] -- Symlinking: /ros_ws/install/spot_driver/share/spot_driver/environment/ament_prefix_path.sh
[458.409s] -- Symlinking: /ros_ws/install/spot_driver/share/spot_driver/environment/ament_prefix_path.dsv
[458.415s] -- Symlinking: /ros_ws/install/spot_driver/share/spot_driver/environment/path.sh
[458.422s] -- Symlinking: /ros_ws/install/spot_driver/share/spot_driver/environment/path.dsv
[458.427s] -- Symlinking: /ros_ws/install/spot_driver/share/spot_driver/local_setup.bash
[458.435s] -- Symlinking: /ros_ws/install/spot_driver/share/spot_driver/local_setup.sh
[458.441s] -- Symlinking: /ros_ws/install/spot_driver/share/spot_driver/local_setup.zsh
[458.447s] -- Symlinking: /ros_ws/install/spot_driver/share/spot_driver/local_setup.dsv
[458.453s] -- Symlinking: /ros_ws/install/spot_driver/share/spot_driver/package.dsv
[458.459s] -- Symlinking: /ros_ws/install/spot_driver/share/ament_index/resource_index/packages/spot_driver
[458.466s] -- Symlinking: /ros_ws/install/spot_driver/share/ament_index/resource_index/rclcpp_components/spot_driver
[458.473s] -- Symlinking: /ros_ws/install/spot_driver/share/spot_driver/cmake/ament_cmake_export_targets-extras.cmake
[458.479s] -- Symlinking: /ros_ws/install/spot_driver/share/spot_driver/cmake/spot_driverConfig.cmake
[458.487s] -- Symlinking: /ros_ws/install/spot_driver/share/spot_driver/cmake/spot_driverConfig-version.cmake
[458.493s] -- Symlinking: /ros_ws/install/spot_driver/share/spot_driver/package.xml
[458.555s] Listing '/ros_ws/install/spot_driver/local/lib/python3.10/dist-packages/spot_driver'...
[458.556s] Compiling '/ros_ws/install/spot_driver/local/lib/python3.10/dist-packages/spot_driver/__init__.py'...
[458.556s] Compiling '/ros_ws/install/spot_driver/local/lib/python3.10/dist-packages/spot_driver/calibrated_reregistered_hand_camera_depth_publisher.py'...
[458.556s] Compiling '/ros_ws/install/spot_driver/local/lib/python3.10/dist-packages/spot_driver/manual_conversions.py'...
[458.556s] Compiling '/ros_ws/install/spot_driver/local/lib/python3.10/dist-packages/spot_driver/robot_command_util.py'...
[458.556s] Compiling '/ros_ws/install/spot_driver/local/lib/python3.10/dist-packages/spot_driver/ros_helpers.py'...
[458.556s] Compiling '/ros_ws/install/spot_driver/local/lib/python3.10/dist-packages/spot_driver/spot_alerts.py'...
[458.556s] Compiling '/ros_ws/install/spot_driver/local/lib/python3.10/dist-packages/spot_driver/spot_ros2.py'...
[458.560s] -- Installing: /ros_ws/install/spot_driver/lib/spot_driver/spot_ros2
[458.560s] -- Installing: /ros_ws/install/spot_driver/lib/spot_driver/spot_alerts
[458.560s] -- Installing: /ros_ws/install/spot_driver/lib/libimage_stitcher.a
[458.562s] -- Installing: /ros_ws/install/spot_driver/lib/liblease_manager_component.so
[458.563s] -- Set runtime path of "/ros_ws/install/spot_driver/lib/liblease_manager_component.so" to ""
[458.563s] -- Installing: /ros_ws/install/spot_driver/lib/libspot_api.a
[458.568s] -- Installing: /ros_ws/install/spot_driver/lib/libspot_image_publisher_component.so
[458.569s] -- Set runtime path of "/ros_ws/install/spot_driver/lib/libspot_image_publisher_component.so" to ""
[458.569s] -- Installing: /ros_ws/install/spot_driver/lib/libspot_inverse_kinematics_component.so
[458.570s] -- Set runtime path of "/ros_ws/install/spot_driver/lib/libspot_inverse_kinematics_component.so" to ""
[458.570s] -- Installing: /ros_ws/install/spot_driver/lib/libstate_publisher_component.so
[458.571s] -- Set runtime path of "/ros_ws/install/spot_driver/lib/libstate_publisher_component.so" to ""
[458.572s] -- Installing: /ros_ws/install/spot_driver/share/spot_driver/cmake/spot_driverTargetsExport.cmake
[458.572s] -- Installing: /ros_ws/install/spot_driver/share/spot_driver/cmake/spot_driverTargetsExport-release.cmake
[458.574s] Invoked command in '/ros_ws/build/spot_driver' returned '0': AMENT_PREFIX_PATH=/ros_ws/install/spot_ros2_control:/ros_ws/install/spot_hardware_interface:/ros_ws/install/spot_controllers:/ros_ws/install/spot_common:/ros_ws/install/synchros2:/ros_ws/install/spot_msgs:/ros_ws/install/spot_description:${AMENT_PREFIX_PATH} CMAKE_PREFIX_PATH=/ros_ws/install/spot_ros2_control:/ros_ws/install/spot_hardware_interface:/ros_ws/install/spot_controllers:/ros_ws/install/spot_msgs:/ros_ws/install/spot_description:/ros_ws/install/rtabmap_lidar_custom:/opt/ros/humble LD_LIBRARY_PATH=/ros_ws/install/spot_ros2_control/lib:/ros_ws/install/spot_hardware_interface/lib:/ros_ws/install/spot_controllers/lib:/ros_ws/install/spot_msgs/lib:${LD_LIBRARY_PATH} PYTHONPATH=/ros_ws/build/spot_common:/ros_ws/install/spot_common/lib/python3.10/site-packages:/ros_ws/build/synchros2:/ros_ws/install/synchros2/lib/python3.10/site-packages:/ros_ws/build/spot_wrapper:/ros_ws/install/spot_wrapper/lib/python3.10/site-packages:/ros_ws/install/spot_msgs/local/lib/python3.10/dist-packages:${PYTHONPATH} /usr/bin/cmake --install /ros_ws/build/spot_driver
