[0.604s] Invoking command in '/ros_ws/build/synchros2_tutorials_example': AMENT_PREFIX_PATH=/ros_ws/install/synchros2_tutorials_interfaces_example:/ros_ws/install/synchros2:${AMENT_PREFIX_PATH} CMAKE_PREFIX_PATH=/ros_ws/install/synchros2_tutorials_interfaces_example LD_LIBRARY_PATH=/ros_ws/install/synchros2_tutorials_interfaces_example/lib:${LD_LIBRARY_PATH} PYTHONPATH=/ros_ws/build/synchros2_tutorials_example/prefix_override:/usr/lib/python3/dist-packages/colcon_core/task/python/colcon_distutils_commands:/ros_ws/install/synchros2_tutorials_example/lib/python3.10/site-packages:/ros_ws/install/synchros2_tutorials_interfaces_example/local/lib/python3.10/dist-packages:/ros_ws/build/synchros2:/ros_ws/install/synchros2/lib/python3.10/site-packages:${PYTHONPATH} /usr/bin/python3 -W ignore:setup.py install is deprecated -W ignore:easy_install command is deprecated setup.py develop --editable --build-directory /ros_ws/build/synchros2_tutorials_example/build --no-deps symlink_data
[0.852s] running develop
[0.995s] running egg_info
[0.995s] creating synchros2_tutorials_example.egg-info
[0.996s] writing synchros2_tutorials_example.egg-info/PKG-INFO
[0.996s] writing dependency_links to synchros2_tutorials_example.egg-info/dependency_links.txt
[0.996s] writing entry points to synchros2_tutorials_example.egg-info/entry_points.txt
[0.996s] writing requirements to synchros2_tutorials_example.egg-info/requires.txt
[0.996s] writing top-level names to synchros2_tutorials_example.egg-info/top_level.txt
[0.996s] writing manifest file 'synchros2_tutorials_example.egg-info/SOURCES.txt'
[0.998s] reading manifest file 'synchros2_tutorials_example.egg-info/SOURCES.txt'
[0.998s] writing manifest file 'synchros2_tutorials_example.egg-info/SOURCES.txt'
[1.000s] running build_ext
[1.000s] Creating /ros_ws/install/synchros2_tutorials_example/lib/python3.10/site-packages/synchros2-tutorials-example.egg-link (link to .)
[1.001s] 
[1.001s] Installed /ros_ws/build/synchros2_tutorials_example
[1.001s] running symlink_data
[1.001s] creating /ros_ws/install/synchros2_tutorials_example/share/ament_index
[1.001s] creating /ros_ws/install/synchros2_tutorials_example/share/ament_index/resource_index
[1.001s] creating /ros_ws/install/synchros2_tutorials_example/share/ament_index/resource_index/packages
[1.001s] symbolically linking /ros_ws/build/synchros2_tutorials_example/resource/synchros2_tutorials_example -> /ros_ws/install/synchros2_tutorials_example/share/ament_index/resource_index/packages
[1.001s] symbolically linking /ros_ws/build/synchros2_tutorials_example/package.xml -> /ros_ws/install/synchros2_tutorials_example/share/synchros2_tutorials_example
[1.024s] Invoked command in '/ros_ws/build/synchros2_tutorials_example' returned '0': AMENT_PREFIX_PATH=/ros_ws/install/synchros2_tutorials_interfaces_example:/ros_ws/install/synchros2:${AMENT_PREFIX_PATH} CMAKE_PREFIX_PATH=/ros_ws/install/synchros2_tutorials_interfaces_example LD_LIBRARY_PATH=/ros_ws/install/synchros2_tutorials_interfaces_example/lib:${LD_LIBRARY_PATH} PYTHONPATH=/ros_ws/build/synchros2_tutorials_example/prefix_override:/usr/lib/python3/dist-packages/colcon_core/task/python/colcon_distutils_commands:/ros_ws/install/synchros2_tutorials_example/lib/python3.10/site-packages:/ros_ws/install/synchros2_tutorials_interfaces_example/local/lib/python3.10/dist-packages:/ros_ws/build/synchros2:/ros_ws/install/synchros2/lib/python3.10/site-packages:${PYTHONPATH} /usr/bin/python3 -W ignore:setup.py install is deprecated -W ignore:easy_install command is deprecated setup.py develop --editable --build-directory /ros_ws/build/synchros2_tutorials_example/build --no-deps symlink_data
