[0.013s] Invoking command in '/ros_ws/build/rtabmap_conversions': AMENT_PREFIX_PATH=/ros_ws/install/rtabmap_msgs:${AMENT_PREFIX_PATH} CMAKE_PREFIX_PATH=/ros_ws/install/rtabmap_msgs:/ros_ws/install/rtabmap:/ros_ws/install/rtabmap_lidar_custom:/opt/ros/humble LD_LIBRARY_PATH=/ros_ws/install/rtabmap_msgs/lib:/ros_ws/install/rtabmap/lib:${LD_LIBRARY_PATH} PATH=/ros_ws/install/rtabmap/bin:${PATH} PKG_CONFIG_PATH=/ros_ws/install/rtabmap/lib/x86_64-linux-gnu/pkgconfig:/ros_ws/install/rtabmap/lib/pkgconfig PYTHONPATH=/ros_ws/install/rtabmap_msgs/local/lib/python3.10/dist-packages:${PYTHONPATH} /usr/bin/cmake /ros_ws/src/rtabmap_ros/rtabmap_conversions -DCMAKE_BUILD_TYPE=Release -DAMENT_CMAKE_SYMLINK_INSTALL=1 -DCMAKE_INSTALL_PREFIX=/ros_ws/install/rtabmap_conversions
[0.054s] -- The C compiler identification is GNU 11.4.0
[0.123s] -- The CXX compiler identification is GNU 11.4.0
[0.129s] -- Detecting C compiler ABI info
[0.181s] -- Detecting C compiler ABI info - done
[0.186s] -- Check for working C compiler: /usr/bin/cc - skipped
[0.186s] -- Detecting C compile features
[0.186s] -- Detecting C compile features - done
[0.189s] -- Detecting CXX compiler ABI info
[0.247s] -- Detecting CXX compiler ABI info - done
[0.253s] -- Check for working CXX compiler: /usr/bin/c++ - skipped
[0.253s] -- Detecting CXX compile features
[0.254s] -- Detecting CXX compile features - done
[0.257s] -- Found ament_cmake: 1.3.13 (/opt/ros/humble/share/ament_cmake/cmake)
[0.368s] -- Found Python3: /usr/bin/python3 (found version "3.10.12") found components: Interpreter 
[0.423s] -- Override CMake install command with custom implementation using symlinks instead of copying resources
[0.457s] -- Found cv_bridge: 3.2.1 (/opt/ros/humble/share/cv_bridge/cmake)
[0.500s] -- Found rosidl_generator_c: 3.1.8 (/opt/ros/humble/share/rosidl_generator_c/cmake)
[0.506s] -- Found rosidl_adapter: 3.1.8 (/opt/ros/humble/share/rosidl_adapter/cmake)
[0.514s] -- Found rosidl_generator_cpp: 3.1.8 (/opt/ros/humble/share/rosidl_generator_cpp/cmake)
[0.526s] -- Using all available rosidl_typesupport_c: rosidl_typesupport_fastrtps_c;rosidl_typesupport_introspection_c
[0.542s] -- Using all available rosidl_typesupport_cpp: rosidl_typesupport_fastrtps_cpp;rosidl_typesupport_introspection_cpp
[0.601s] -- Found image_geometry: 3.2.1 (/opt/ros/humble/share/image_geometry/cmake)
[0.611s] -- Found laser_geometry: 2.4.1 (/opt/ros/humble/share/laser_geometry/cmake)
[0.718s] -- Found rmw_implementation_cmake: 6.1.2 (/opt/ros/humble/share/rmw_implementation_cmake/cmake)
[0.725s] -- Found rmw_fastrtps_cpp: 6.2.10 (/opt/ros/humble/share/rmw_fastrtps_cpp/cmake)
[0.820s] -- Found OpenSSL: /usr/lib/x86_64-linux-gnu/libcrypto.so (found version "3.0.2")  
[0.848s] -- Found FastRTPS: /opt/ros/humble/include  
[0.887s] -- Using RMW implementation 'rmw_fastrtps_cpp' as default
[0.905s] -- Looking for pthread.h
[0.958s] -- Looking for pthread.h - found
[0.959s] -- Performing Test CMAKE_HAVE_LIBC_PTHREAD
[1.012s] -- Performing Test CMAKE_HAVE_LIBC_PTHREAD - Success
[1.013s] -- Found Threads: TRUE  
[1.112s] -- Found pcl_conversions: 2.4.5 (/opt/ros/humble/share/pcl_conversions/cmake)
[1.165s] -- Checking for module 'eigen3'
[1.174s] --   Found eigen3, version 3.4.0
[1.195s] -- Found Eigen: /usr/include/eigen3 (Required is at least version "3.1") 
[1.195s] -- Eigen found (include: /usr/include/eigen3, version: 3.4.0)
[1.230s] -- Checking for module 'flann'
[1.241s] --   Found flann, version 1.9.1
[1.265s] -- Found FLANN: /usr/lib/x86_64-linux-gnu/libflann_cpp.so  
[1.266s] -- FLANN found (include: /usr/include, lib: /usr/lib/x86_64-linux-gnu/libflann_cpp.so)
[1.939s] -- Checking for module 'libusb-1.0'
[1.948s] --   Found libusb-1.0, version 1.0.25
[1.973s] -- Found libusb: /usr/lib/x86_64-linux-gnu/libusb-1.0.so  
[1.974s] -- OpenNI found (version: 1.5.4.0, include: /usr/include/ni, lib: /usr/lib/libOpenNI.so;libusb::libusb)
[2.013s] -- OpenNI2 found (version: 2.2.0.33, include: /usr/include/openni2, lib: /usr/lib/x86_64-linux-gnu/libOpenNI2.so;libusb::libusb)
[2.155s] -- Eigen found (include: /usr/include/eigen3, version: 3.4.0)
[2.161s] -- OpenNI found (version: 1.5.4.0, include: /usr/include/ni, lib: /usr/lib/libOpenNI.so;libusb::libusb)
[2.165s] -- OpenNI2 found (version: 2.2.0.33, include: /usr/include/openni2, lib: /usr/lib/x86_64-linux-gnu/libOpenNI2.so;libusb::libusb)
[2.297s] -- Found Qhull version 8.0.2
[2.431s] -- OpenNI found (version: 1.5.4.0, include: /usr/include/ni, lib: /usr/lib/libOpenNI.so;libusb::libusb)
[2.559s] -- Found PCL_COMMON: /usr/lib/x86_64-linux-gnu/libpcl_common.so  
[2.559s] -- Found PCL_KDTREE: /usr/lib/x86_64-linux-gnu/libpcl_kdtree.so  
[2.560s] -- Found PCL_OCTREE: /usr/lib/x86_64-linux-gnu/libpcl_octree.so  
[2.560s] -- Found PCL_SEARCH: /usr/lib/x86_64-linux-gnu/libpcl_search.so  
[2.561s] -- Found PCL_SAMPLE_CONSENSUS: /usr/lib/x86_64-linux-gnu/libpcl_sample_consensus.so  
[2.561s] -- Found PCL_FILTERS: /usr/lib/x86_64-linux-gnu/libpcl_filters.so  
[2.562s] -- Found PCL_2D: /usr/include/pcl-1.12  
[2.562s] -- Found PCL_GEOMETRY: /usr/include/pcl-1.12  
[2.562s] -- Found PCL_IO: /usr/lib/x86_64-linux-gnu/libpcl_io.so  
[2.563s] -- Found PCL_FEATURES: /usr/lib/x86_64-linux-gnu/libpcl_features.so  
[2.564s] -- Found PCL_ML: /usr/lib/x86_64-linux-gnu/libpcl_ml.so  
[2.564s] -- Found PCL_SEGMENTATION: /usr/lib/x86_64-linux-gnu/libpcl_segmentation.so  
[2.565s] -- Found PCL_VISUALIZATION: /usr/lib/x86_64-linux-gnu/libpcl_visualization.so  
[2.566s] -- Found PCL_SURFACE: /usr/lib/x86_64-linux-gnu/libpcl_surface.so  
[2.566s] -- Found PCL_REGISTRATION: /usr/lib/x86_64-linux-gnu/libpcl_registration.so  
[2.567s] -- Found PCL_KEYPOINTS: /usr/lib/x86_64-linux-gnu/libpcl_keypoints.so  
[2.568s] -- Found PCL_TRACKING: /usr/lib/x86_64-linux-gnu/libpcl_tracking.so  
[2.568s] -- Found PCL_RECOGNITION: /usr/lib/x86_64-linux-gnu/libpcl_recognition.so  
[2.569s] -- Found PCL_STEREO: /usr/lib/x86_64-linux-gnu/libpcl_stereo.so  
[2.570s] -- Found PCL_APPS: /usr/lib/x86_64-linux-gnu/libpcl_apps.so  
[2.570s] -- Found PCL_IN_HAND_SCANNER: /usr/include/pcl-1.12  
[2.571s] -- Found PCL_MODELER: /usr/include/pcl-1.12  
[2.573s] -- Found PCL_POINT_CLOUD_EDITOR: /usr/include/pcl-1.12  
[2.574s] -- Found PCL_OUTOFCORE: /usr/lib/x86_64-linux-gnu/libpcl_outofcore.so  
[2.575s] -- Found PCL_PEOPLE: /usr/lib/x86_64-linux-gnu/libpcl_people.so  
[2.577s] -- Found rtabmap_msgs: 0.22.1 (/ros_ws/install/rtabmap_msgs/share/rtabmap_msgs/cmake)
[2.601s] -- Found tf2_eigen: 0.25.19 (/opt/ros/humble/share/tf2_eigen/cmake)
[2.765s] -- Found tf2_geometry_msgs: 0.25.19 (/opt/ros/humble/share/tf2_geometry_msgs/cmake)
[2.782s] -- Found Eigen3: TRUE (found version "3.4.0") 
[2.782s] -- Ensuring Eigen3 include directory is part of orocos-kdl CMake target
[2.785s] -- Found OpenCV: /usr (found version "4.5.4") found components: core calib3d imgproc highgui stitching photo video aruco objdetect missing components: xfeatures2d nonfree gpu cudafeatures2d
[2.785s] [33mCMake Warning (dev) at /usr/share/cmake-3.22/Modules/CMakeFindDependencyMacro.cmake:47 (find_package):
[2.785s]   Policy CMP0074 is not set: find_package uses <PackageName>_ROOT variables.
[2.785s]   Run "cmake --help-policy CMP0074" for policy details.  Use the cmake_policy
[2.785s]   command to set the policy and suppress this warning.
[2.785s] 
[2.785s]   CMake variable PCL_ROOT is set to:
[2.785s] 
[2.785s]     /usr
[2.785s] 
[2.785s]   For compatibility, CMake is ignoring the variable.
[2.786s] Call Stack (most recent call first):
[2.786s]   /ros_ws/install/rtabmap/lib/rtabmap-0.23/RTABMapConfig.cmake:7 (find_dependency)
[2.786s]   CMakeLists.txt:32 (find_package)
[2.786s] This warning is for project developers.  Use -Wno-dev to suppress it.
[2.786s] [0m
[2.869s] -- Configuring done
[2.930s] -- Generating done
[2.940s] -- Build files have been written to: /ros_ws/build/rtabmap_conversions
[2.960s] Invoked command in '/ros_ws/build/rtabmap_conversions' returned '0': AMENT_PREFIX_PATH=/ros_ws/install/rtabmap_msgs:${AMENT_PREFIX_PATH} CMAKE_PREFIX_PATH=/ros_ws/install/rtabmap_msgs:/ros_ws/install/rtabmap:/ros_ws/install/rtabmap_lidar_custom:/opt/ros/humble LD_LIBRARY_PATH=/ros_ws/install/rtabmap_msgs/lib:/ros_ws/install/rtabmap/lib:${LD_LIBRARY_PATH} PATH=/ros_ws/install/rtabmap/bin:${PATH} PKG_CONFIG_PATH=/ros_ws/install/rtabmap/lib/x86_64-linux-gnu/pkgconfig:/ros_ws/install/rtabmap/lib/pkgconfig PYTHONPATH=/ros_ws/install/rtabmap_msgs/local/lib/python3.10/dist-packages:${PYTHONPATH} /usr/bin/cmake /ros_ws/src/rtabmap_ros/rtabmap_conversions -DCMAKE_BUILD_TYPE=Release -DAMENT_CMAKE_SYMLINK_INSTALL=1 -DCMAKE_INSTALL_PREFIX=/ros_ws/install/rtabmap_conversions
[2.960s] Invoking command in '/ros_ws/build/rtabmap_conversions': AMENT_PREFIX_PATH=/ros_ws/install/rtabmap_msgs:${AMENT_PREFIX_PATH} CMAKE_PREFIX_PATH=/ros_ws/install/rtabmap_msgs:/ros_ws/install/rtabmap:/ros_ws/install/rtabmap_lidar_custom:/opt/ros/humble LD_LIBRARY_PATH=/ros_ws/install/rtabmap_msgs/lib:/ros_ws/install/rtabmap/lib:${LD_LIBRARY_PATH} PATH=/ros_ws/install/rtabmap/bin:${PATH} PKG_CONFIG_PATH=/ros_ws/install/rtabmap/lib/x86_64-linux-gnu/pkgconfig:/ros_ws/install/rtabmap/lib/pkgconfig PYTHONPATH=/ros_ws/install/rtabmap_msgs/local/lib/python3.10/dist-packages:${PYTHONPATH} /usr/bin/cmake --build /ros_ws/build/rtabmap_conversions
[2.998s] [ 50%] [32mBuilding CXX object CMakeFiles/rtabmap_conversions.dir/src/MsgConversion.cpp.o[0m
[20.243s] [100%] [32m[1mLinking CXX shared library librtabmap_conversions.so[0m
[20.882s] [100%] Built target rtabmap_conversions
[20.892s] Invoked command in '/ros_ws/build/rtabmap_conversions' returned '0': AMENT_PREFIX_PATH=/ros_ws/install/rtabmap_msgs:${AMENT_PREFIX_PATH} CMAKE_PREFIX_PATH=/ros_ws/install/rtabmap_msgs:/ros_ws/install/rtabmap:/ros_ws/install/rtabmap_lidar_custom:/opt/ros/humble LD_LIBRARY_PATH=/ros_ws/install/rtabmap_msgs/lib:/ros_ws/install/rtabmap/lib:${LD_LIBRARY_PATH} PATH=/ros_ws/install/rtabmap/bin:${PATH} PKG_CONFIG_PATH=/ros_ws/install/rtabmap/lib/x86_64-linux-gnu/pkgconfig:/ros_ws/install/rtabmap/lib/pkgconfig PYTHONPATH=/ros_ws/install/rtabmap_msgs/local/lib/python3.10/dist-packages:${PYTHONPATH} /usr/bin/cmake --build /ros_ws/build/rtabmap_conversions
[20.894s] Invoking command in '/ros_ws/build/rtabmap_conversions': AMENT_PREFIX_PATH=/ros_ws/install/rtabmap_msgs:${AMENT_PREFIX_PATH} CMAKE_PREFIX_PATH=/ros_ws/install/rtabmap_msgs:/ros_ws/install/rtabmap:/ros_ws/install/rtabmap_lidar_custom:/opt/ros/humble LD_LIBRARY_PATH=/ros_ws/install/rtabmap_msgs/lib:/ros_ws/install/rtabmap/lib:${LD_LIBRARY_PATH} PATH=/ros_ws/install/rtabmap/bin:${PATH} PKG_CONFIG_PATH=/ros_ws/install/rtabmap/lib/x86_64-linux-gnu/pkgconfig:/ros_ws/install/rtabmap/lib/pkgconfig PYTHONPATH=/ros_ws/install/rtabmap_msgs/local/lib/python3.10/dist-packages:${PYTHONPATH} /usr/bin/cmake --install /ros_ws/build/rtabmap_conversions
[20.898s] -- Install configuration: "Release"
[20.899s] -- Execute custom install script
[20.899s] -- Symlinking: /ros_ws/install/rtabmap_conversions/share/rtabmap_conversions/environment/library_path.sh
[20.905s] -- Symlinking: /ros_ws/install/rtabmap_conversions/share/rtabmap_conversions/environment/library_path.dsv
[20.912s] -- Symlinking: /ros_ws/install/rtabmap_conversions/share/ament_index/resource_index/package_run_dependencies/rtabmap_conversions
[20.918s] -- Symlinking: /ros_ws/install/rtabmap_conversions/share/ament_index/resource_index/parent_prefix_path/rtabmap_conversions
[20.924s] -- Symlinking: /ros_ws/install/rtabmap_conversions/share/rtabmap_conversions/environment/ament_prefix_path.sh
[20.930s] -- Symlinking: /ros_ws/install/rtabmap_conversions/share/rtabmap_conversions/environment/ament_prefix_path.dsv
[20.937s] -- Symlinking: /ros_ws/install/rtabmap_conversions/share/rtabmap_conversions/environment/path.sh
[20.945s] -- Symlinking: /ros_ws/install/rtabmap_conversions/share/rtabmap_conversions/environment/path.dsv
[20.950s] -- Symlinking: /ros_ws/install/rtabmap_conversions/share/rtabmap_conversions/local_setup.bash
[20.956s] -- Symlinking: /ros_ws/install/rtabmap_conversions/share/rtabmap_conversions/local_setup.sh
[20.962s] -- Symlinking: /ros_ws/install/rtabmap_conversions/share/rtabmap_conversions/local_setup.zsh
[20.968s] -- Symlinking: /ros_ws/install/rtabmap_conversions/share/rtabmap_conversions/local_setup.dsv
[20.974s] -- Symlinking: /ros_ws/install/rtabmap_conversions/share/rtabmap_conversions/package.dsv
[20.980s] -- Symlinking: /ros_ws/install/rtabmap_conversions/share/ament_index/resource_index/packages/rtabmap_conversions
[20.986s] -- Symlinking: /ros_ws/install/rtabmap_conversions/share/rtabmap_conversions/cmake/ament_cmake_export_dependencies-extras.cmake
[20.993s] -- Symlinking: /ros_ws/install/rtabmap_conversions/share/rtabmap_conversions/cmake/ament_cmake_export_include_directories-extras.cmake
[20.999s] -- Symlinking: /ros_ws/install/rtabmap_conversions/share/rtabmap_conversions/cmake/ament_cmake_export_targets-extras.cmake
[21.005s] -- Symlinking: /ros_ws/install/rtabmap_conversions/share/rtabmap_conversions/cmake/ament_cmake_export_libraries-extras.cmake
[21.011s] -- Symlinking: /ros_ws/install/rtabmap_conversions/share/rtabmap_conversions/cmake/rtabmap_conversionsConfig.cmake
[21.017s] -- Symlinking: /ros_ws/install/rtabmap_conversions/share/rtabmap_conversions/cmake/rtabmap_conversionsConfig-version.cmake
[21.024s] -- Symlinking: /ros_ws/install/rtabmap_conversions/share/rtabmap_conversions/package.xml
[21.030s] -- Installing: /ros_ws/install/rtabmap_conversions/lib/librtabmap_conversions.so
[21.031s] -- Set runtime path of "/ros_ws/install/rtabmap_conversions/lib/librtabmap_conversions.so" to ""
[21.031s] -- Installing: /ros_ws/install/rtabmap_conversions/include
[21.031s] -- Installing: /ros_ws/install/rtabmap_conversions/include/rtabmap_conversions
[21.031s] -- Installing: /ros_ws/install/rtabmap_conversions/include/rtabmap_conversions/MsgConversion.h
[21.031s] -- Installing: /ros_ws/install/rtabmap_conversions/share/rtabmap_conversions/cmake/rtabmap_conversionsExport.cmake
[21.031s] -- Installing: /ros_ws/install/rtabmap_conversions/share/rtabmap_conversions/cmake/rtabmap_conversionsExport-release.cmake
[21.034s] Invoked command in '/ros_ws/build/rtabmap_conversions' returned '0': AMENT_PREFIX_PATH=/ros_ws/install/rtabmap_msgs:${AMENT_PREFIX_PATH} CMAKE_PREFIX_PATH=/ros_ws/install/rtabmap_msgs:/ros_ws/install/rtabmap:/ros_ws/install/rtabmap_lidar_custom:/opt/ros/humble LD_LIBRARY_PATH=/ros_ws/install/rtabmap_msgs/lib:/ros_ws/install/rtabmap/lib:${LD_LIBRARY_PATH} PATH=/ros_ws/install/rtabmap/bin:${PATH} PKG_CONFIG_PATH=/ros_ws/install/rtabmap/lib/x86_64-linux-gnu/pkgconfig:/ros_ws/install/rtabmap/lib/pkgconfig PYTHONPATH=/ros_ws/install/rtabmap_msgs/local/lib/python3.10/dist-packages:${PYTHONPATH} /usr/bin/cmake --install /ros_ws/build/rtabmap_conversions
