-- The C compiler identification is GNU 11.4.0
-- The CXX compiler identification is GNU 11.4.0
-- Detecting C compiler ABI info
-- Detecting C compiler ABI info - done
-- Check for working C compiler: /usr/bin/cc - skipped
-- Detecting C compile features
-- Detecting C compile features - done
-- Detecting CXX compiler ABI info
-- Detecting CXX compiler ABI info - done
-- Check for working CXX compiler: /usr/bin/c++ - skipped
-- Detecting CXX compile features
-- Detecting CXX compile features - done
-- Found ament_cmake_ros: 0.10.0 (/opt/ros/humble/share/ament_cmake_ros/cmake)
-- Found Python3: /usr/bin/python3 (found version "3.10.12") found components: Interpreter 
-- Override CMake install command with custom implementation using symlinks instead of copying resources
-- Found pluginlib: 5.1.3 (/opt/ros/humble/share/pluginlib/cmake)
-- Found rclcpp: 16.0.18 (/opt/ros/humble/share/rclcpp/cmake)
-- Found rosidl_generator_c: 3.1.8 (/opt/ros/humble/share/rosidl_generator_c/cmake)
-- Found rosidl_adapter: 3.1.8 (/opt/ros/humble/share/rosidl_adapter/cmake)
-- Found rosidl_generator_cpp: 3.1.8 (/opt/ros/humble/share/rosidl_generator_cpp/cmake)
-- Using all available rosidl_typesupport_c: rosidl_typesupport_fastrtps_c;rosidl_typesupport_introspection_c
-- Using all available rosidl_typesupport_cpp: rosidl_typesupport_fastrtps_cpp;rosidl_typesupport_introspection_cpp
-- Found rmw_implementation_cmake: 6.1.2 (/opt/ros/humble/share/rmw_implementation_cmake/cmake)
-- Found rmw_fastrtps_cpp: 6.2.10 (/opt/ros/humble/share/rmw_fastrtps_cpp/cmake)
-- Found TinyXML2 via Config file: TinyXML2_DIR-NOTFOUND
-- Found OpenSSL: /usr/lib/x86_64-linux-gnu/libcrypto.so (found version "3.0.2")  
-- Found TinyXML2 via Config file: TinyXML2_DIR-NOTFOUND
-- Found FastRTPS: /opt/ros/humble/include  
-- Found TinyXML2 via Config file: TinyXML2_DIR-NOTFOUND
-- Found TinyXML2 via Config file: TinyXML2_DIR-NOTFOUND
-- Using RMW implementation 'rmw_fastrtps_cpp' as default
-- Looking for pthread.h
-- Looking for pthread.h - found
-- Performing Test CMAKE_HAVE_LIBC_PTHREAD
-- Performing Test CMAKE_HAVE_LIBC_PTHREAD - Success
-- Found Threads: TRUE  
-- Found nav2_costmap_2d: 1.1.20 (/opt/ros/humble/share/nav2_costmap_2d/cmake)
-- Found Eigen3: TRUE (found version "3.4.0") 
-- Ensuring Eigen3 include directory is part of orocos-kdl CMake target
-- Configuring done
-- Generating done
-- Build files have been written to: /ros_ws/build/rtabmap_costmap_plugins
[ 25%] [32mBuilding CXX object CMakeFiles/rtabmap_costmap_plugins.dir/src/voxel_layer.cpp.o[0m
[ 50%] [32m[1mLinking CXX shared library librtabmap_costmap_plugins.so[0m
[ 50%] Built target rtabmap_costmap_plugins
[ 75%] [32mBuilding CXX object CMakeFiles/rtabmap_costmap_voxel_marker.dir/src/voxel_marker.cpp.o[0m
[100%] [32m[1mLinking CXX executable voxel_marker[0m
[100%] Built target rtabmap_costmap_voxel_marker
-- Install configuration: "Release"
-- Execute custom install script
-- Symlinking: /ros_ws/install/rtabmap_costmap_plugins/share/rtabmap_costmap_plugins//costmap_plugins.xml
-- Symlinking: /ros_ws/install/rtabmap_costmap_plugins/share/rtabmap_costmap_plugins/environment/library_path.sh
-- Symlinking: /ros_ws/install/rtabmap_costmap_plugins/share/rtabmap_costmap_plugins/environment/library_path.dsv
-- Symlinking: /ros_ws/install/rtabmap_costmap_plugins/lib/rtabmap_costmap_plugins/voxel_marker
-- Symlinking: /ros_ws/install/rtabmap_costmap_plugins/share/ament_index/resource_index/package_run_dependencies/rtabmap_costmap_plugins
-- Symlinking: /ros_ws/install/rtabmap_costmap_plugins/share/ament_index/resource_index/parent_prefix_path/rtabmap_costmap_plugins
-- Symlinking: /ros_ws/install/rtabmap_costmap_plugins/share/rtabmap_costmap_plugins/environment/ament_prefix_path.sh
-- Symlinking: /ros_ws/install/rtabmap_costmap_plugins/share/rtabmap_costmap_plugins/environment/ament_prefix_path.dsv
-- Symlinking: /ros_ws/install/rtabmap_costmap_plugins/share/rtabmap_costmap_plugins/environment/path.sh
-- Symlinking: /ros_ws/install/rtabmap_costmap_plugins/share/rtabmap_costmap_plugins/environment/path.dsv
-- Symlinking: /ros_ws/install/rtabmap_costmap_plugins/share/rtabmap_costmap_plugins/local_setup.bash
-- Symlinking: /ros_ws/install/rtabmap_costmap_plugins/share/rtabmap_costmap_plugins/local_setup.sh
-- Symlinking: /ros_ws/install/rtabmap_costmap_plugins/share/rtabmap_costmap_plugins/local_setup.zsh
-- Symlinking: /ros_ws/install/rtabmap_costmap_plugins/share/rtabmap_costmap_plugins/local_setup.dsv
-- Symlinking: /ros_ws/install/rtabmap_costmap_plugins/share/rtabmap_costmap_plugins/package.dsv
-- Symlinking: /ros_ws/install/rtabmap_costmap_plugins/share/ament_index/resource_index/packages/rtabmap_costmap_plugins
-- Symlinking: /ros_ws/install/rtabmap_costmap_plugins/share/ament_index/resource_index/nav2_costmap_2d__pluginlib__plugin/rtabmap_costmap_plugins
-- Symlinking: /ros_ws/install/rtabmap_costmap_plugins/share/rtabmap_costmap_plugins/cmake/ament_cmake_export_dependencies-extras.cmake
-- Symlinking: /ros_ws/install/rtabmap_costmap_plugins/share/rtabmap_costmap_plugins/cmake/ament_cmake_export_include_directories-extras.cmake
-- Symlinking: /ros_ws/install/rtabmap_costmap_plugins/share/rtabmap_costmap_plugins/cmake/ament_cmake_export_targets-extras.cmake
-- Symlinking: /ros_ws/install/rtabmap_costmap_plugins/share/rtabmap_costmap_plugins/cmake/ament_cmake_export_libraries-extras.cmake
-- Symlinking: /ros_ws/install/rtabmap_costmap_plugins/share/rtabmap_costmap_plugins/cmake/rtabmap_costmap_pluginsConfig.cmake
-- Symlinking: /ros_ws/install/rtabmap_costmap_plugins/share/rtabmap_costmap_plugins/cmake/rtabmap_costmap_pluginsConfig-version.cmake
-- Symlinking: /ros_ws/install/rtabmap_costmap_plugins/share/rtabmap_costmap_plugins/package.xml
-- Installing: /ros_ws/install/rtabmap_costmap_plugins/lib/librtabmap_costmap_plugins.so
-- Set runtime path of "/ros_ws/install/rtabmap_costmap_plugins/lib/librtabmap_costmap_plugins.so" to ""
-- Installing: /ros_ws/install/rtabmap_costmap_plugins/include
-- Installing: /ros_ws/install/rtabmap_costmap_plugins/include/rtabmap_costmap_plugins
-- Installing: /ros_ws/install/rtabmap_costmap_plugins/include/rtabmap_costmap_plugins/visibility.h
-- Installing: /ros_ws/install/rtabmap_costmap_plugins/share/rtabmap_costmap_plugins/cmake/rtabmap_costmap_pluginsExport.cmake
-- Installing: /ros_ws/install/rtabmap_costmap_plugins/share/rtabmap_costmap_plugins/cmake/rtabmap_costmap_pluginsExport-release.cmake
