[0.007s] Invoking command in '/ros_ws/build/rtabmap_costmap_plugins': CMAKE_PREFIX_PATH=/ros_ws/install/rtabmap_lidar_custom:/opt/ros/humble /usr/bin/cmake /ros_ws/src/rtabmap_ros/rtabmap_costmap_plugins -DCMAKE_BUILD_TYPE=Release -DAMENT_CMAKE_SYMLINK_INSTALL=1 -DCMAKE_INSTALL_PREFIX=/ros_ws/install/rtabmap_costmap_plugins
[0.047s] -- The C compiler identification is GNU 11.4.0
[0.088s] -- The CXX compiler identification is GNU 11.4.0
[0.094s] -- Detecting C compiler ABI info
[0.147s] -- Detecting C compiler ABI info - done
[0.153s] -- Check for working C compiler: /usr/bin/cc - skipped
[0.153s] -- Detecting C compile features
[0.153s] -- Detecting C compile features - done
[0.156s] -- Detecting CXX compiler ABI info
[0.215s] -- Detecting CXX compiler ABI info - done
[0.221s] -- Check for working CXX compiler: /usr/bin/c++ - skipped
[0.221s] -- Detecting CXX compile features
[0.222s] -- Detecting CXX compile features - done
[0.224s] -- Found ament_cmake_ros: 0.10.0 (/opt/ros/humble/share/ament_cmake_ros/cmake)
[0.341s] -- Found Python3: /usr/bin/python3 (found version "3.10.12") found components: Interpreter 
[0.396s] -- Override CMake install command with custom implementation using symlinks instead of copying resources
[0.425s] -- Found pluginlib: 5.1.3 (/opt/ros/humble/share/pluginlib/cmake)
[0.468s] -- Found rclcpp: 16.0.18 (/opt/ros/humble/share/rclcpp/cmake)
[0.497s] -- Found rosidl_generator_c: 3.1.8 (/opt/ros/humble/share/rosidl_generator_c/cmake)
[0.501s] -- Found rosidl_adapter: 3.1.8 (/opt/ros/humble/share/rosidl_adapter/cmake)
[0.509s] -- Found rosidl_generator_cpp: 3.1.8 (/opt/ros/humble/share/rosidl_generator_cpp/cmake)
[0.520s] -- Using all available rosidl_typesupport_c: rosidl_typesupport_fastrtps_c;rosidl_typesupport_introspection_c
[0.533s] -- Using all available rosidl_typesupport_cpp: rosidl_typesupport_fastrtps_cpp;rosidl_typesupport_introspection_cpp
[0.574s] -- Found rmw_implementation_cmake: 6.1.2 (/opt/ros/humble/share/rmw_implementation_cmake/cmake)
[0.577s] -- Found rmw_fastrtps_cpp: 6.2.10 (/opt/ros/humble/share/rmw_fastrtps_cpp/cmake)
[0.602s] -- Found TinyXML2 via Config file: TinyXML2_DIR-NOTFOUND
[0.637s] -- Found OpenSSL: /usr/lib/x86_64-linux-gnu/libcrypto.so (found version "3.0.2")  
[0.639s] -- Found TinyXML2 via Config file: TinyXML2_DIR-NOTFOUND
[0.650s] -- Found FastRTPS: /opt/ros/humble/include  
[0.653s] -- Found TinyXML2 via Config file: TinyXML2_DIR-NOTFOUND
[0.660s] -- Found TinyXML2 via Config file: TinyXML2_DIR-NOTFOUND
[0.668s] -- Using RMW implementation 'rmw_fastrtps_cpp' as default
[0.677s] -- Looking for pthread.h
[0.730s] -- Looking for pthread.h - found
[0.730s] -- Performing Test CMAKE_HAVE_LIBC_PTHREAD
[0.782s] -- Performing Test CMAKE_HAVE_LIBC_PTHREAD - Success
[0.783s] -- Found Threads: TRUE  
[0.834s] -- Found nav2_costmap_2d: 1.1.20 (/opt/ros/humble/share/nav2_costmap_2d/cmake)
[1.075s] -- Found Eigen3: TRUE (found version "3.4.0") 
[1.075s] -- Ensuring Eigen3 include directory is part of orocos-kdl CMake target
[1.246s] -- Configuring done
[1.302s] -- Generating done
[1.311s] -- Build files have been written to: /ros_ws/build/rtabmap_costmap_plugins
[1.322s] Invoked command in '/ros_ws/build/rtabmap_costmap_plugins' returned '0': CMAKE_PREFIX_PATH=/ros_ws/install/rtabmap_lidar_custom:/opt/ros/humble /usr/bin/cmake /ros_ws/src/rtabmap_ros/rtabmap_costmap_plugins -DCMAKE_BUILD_TYPE=Release -DAMENT_CMAKE_SYMLINK_INSTALL=1 -DCMAKE_INSTALL_PREFIX=/ros_ws/install/rtabmap_costmap_plugins
[1.324s] Invoking command in '/ros_ws/build/rtabmap_costmap_plugins': CMAKE_PREFIX_PATH=/ros_ws/install/rtabmap_lidar_custom:/opt/ros/humble /usr/bin/cmake --build /ros_ws/build/rtabmap_costmap_plugins
[1.361s] [ 25%] [32mBuilding CXX object CMakeFiles/rtabmap_costmap_plugins.dir/src/voxel_layer.cpp.o[0m
[9.506s] [ 50%] [32m[1mLinking CXX shared library librtabmap_costmap_plugins.so[0m
[9.785s] [ 50%] Built target rtabmap_costmap_plugins
[9.805s] [ 75%] [32mBuilding CXX object CMakeFiles/rtabmap_costmap_voxel_marker.dir/src/voxel_marker.cpp.o[0m
[20.033s] [100%] [32m[1mLinking CXX executable voxel_marker[0m
[20.225s] [100%] Built target rtabmap_costmap_voxel_marker
[20.238s] Invoked command in '/ros_ws/build/rtabmap_costmap_plugins' returned '0': CMAKE_PREFIX_PATH=/ros_ws/install/rtabmap_lidar_custom:/opt/ros/humble /usr/bin/cmake --build /ros_ws/build/rtabmap_costmap_plugins
[20.241s] Invoking command in '/ros_ws/build/rtabmap_costmap_plugins': CMAKE_PREFIX_PATH=/ros_ws/install/rtabmap_lidar_custom:/opt/ros/humble /usr/bin/cmake --install /ros_ws/build/rtabmap_costmap_plugins
[20.247s] -- Install configuration: "Release"
[20.247s] -- Execute custom install script
[20.248s] -- Symlinking: /ros_ws/install/rtabmap_costmap_plugins/share/rtabmap_costmap_plugins//costmap_plugins.xml
[20.255s] -- Symlinking: /ros_ws/install/rtabmap_costmap_plugins/share/rtabmap_costmap_plugins/environment/library_path.sh
[20.260s] -- Symlinking: /ros_ws/install/rtabmap_costmap_plugins/share/rtabmap_costmap_plugins/environment/library_path.dsv
[20.267s] -- Symlinking: /ros_ws/install/rtabmap_costmap_plugins/lib/rtabmap_costmap_plugins/voxel_marker
[20.274s] -- Symlinking: /ros_ws/install/rtabmap_costmap_plugins/share/ament_index/resource_index/package_run_dependencies/rtabmap_costmap_plugins
[20.280s] -- Symlinking: /ros_ws/install/rtabmap_costmap_plugins/share/ament_index/resource_index/parent_prefix_path/rtabmap_costmap_plugins
[20.285s] -- Symlinking: /ros_ws/install/rtabmap_costmap_plugins/share/rtabmap_costmap_plugins/environment/ament_prefix_path.sh
[20.291s] -- Symlinking: /ros_ws/install/rtabmap_costmap_plugins/share/rtabmap_costmap_plugins/environment/ament_prefix_path.dsv
[20.298s] -- Symlinking: /ros_ws/install/rtabmap_costmap_plugins/share/rtabmap_costmap_plugins/environment/path.sh
[20.303s] -- Symlinking: /ros_ws/install/rtabmap_costmap_plugins/share/rtabmap_costmap_plugins/environment/path.dsv
[20.309s] -- Symlinking: /ros_ws/install/rtabmap_costmap_plugins/share/rtabmap_costmap_plugins/local_setup.bash
[20.316s] -- Symlinking: /ros_ws/install/rtabmap_costmap_plugins/share/rtabmap_costmap_plugins/local_setup.sh
[20.322s] -- Symlinking: /ros_ws/install/rtabmap_costmap_plugins/share/rtabmap_costmap_plugins/local_setup.zsh
[20.330s] -- Symlinking: /ros_ws/install/rtabmap_costmap_plugins/share/rtabmap_costmap_plugins/local_setup.dsv
[20.336s] -- Symlinking: /ros_ws/install/rtabmap_costmap_plugins/share/rtabmap_costmap_plugins/package.dsv
[20.342s] -- Symlinking: /ros_ws/install/rtabmap_costmap_plugins/share/ament_index/resource_index/packages/rtabmap_costmap_plugins
[20.350s] -- Symlinking: /ros_ws/install/rtabmap_costmap_plugins/share/ament_index/resource_index/nav2_costmap_2d__pluginlib__plugin/rtabmap_costmap_plugins
[20.356s] -- Symlinking: /ros_ws/install/rtabmap_costmap_plugins/share/rtabmap_costmap_plugins/cmake/ament_cmake_export_dependencies-extras.cmake
[20.362s] -- Symlinking: /ros_ws/install/rtabmap_costmap_plugins/share/rtabmap_costmap_plugins/cmake/ament_cmake_export_include_directories-extras.cmake
[20.368s] -- Symlinking: /ros_ws/install/rtabmap_costmap_plugins/share/rtabmap_costmap_plugins/cmake/ament_cmake_export_targets-extras.cmake
[20.374s] -- Symlinking: /ros_ws/install/rtabmap_costmap_plugins/share/rtabmap_costmap_plugins/cmake/ament_cmake_export_libraries-extras.cmake
[20.382s] -- Symlinking: /ros_ws/install/rtabmap_costmap_plugins/share/rtabmap_costmap_plugins/cmake/rtabmap_costmap_pluginsConfig.cmake
[20.387s] -- Symlinking: /ros_ws/install/rtabmap_costmap_plugins/share/rtabmap_costmap_plugins/cmake/rtabmap_costmap_pluginsConfig-version.cmake
[20.393s] -- Symlinking: /ros_ws/install/rtabmap_costmap_plugins/share/rtabmap_costmap_plugins/package.xml
[20.400s] -- Installing: /ros_ws/install/rtabmap_costmap_plugins/lib/librtabmap_costmap_plugins.so
[20.400s] -- Set runtime path of "/ros_ws/install/rtabmap_costmap_plugins/lib/librtabmap_costmap_plugins.so" to ""
[20.400s] -- Installing: /ros_ws/install/rtabmap_costmap_plugins/include
[20.401s] -- Installing: /ros_ws/install/rtabmap_costmap_plugins/include/rtabmap_costmap_plugins
[20.401s] -- Installing: /ros_ws/install/rtabmap_costmap_plugins/include/rtabmap_costmap_plugins/visibility.h
[20.401s] -- Installing: /ros_ws/install/rtabmap_costmap_plugins/share/rtabmap_costmap_plugins/cmake/rtabmap_costmap_pluginsExport.cmake
[20.401s] -- Installing: /ros_ws/install/rtabmap_costmap_plugins/share/rtabmap_costmap_plugins/cmake/rtabmap_costmap_pluginsExport-release.cmake
[20.404s] Invoked command in '/ros_ws/build/rtabmap_costmap_plugins' returned '0': CMAKE_PREFIX_PATH=/ros_ws/install/rtabmap_lidar_custom:/opt/ros/humble /usr/bin/cmake --install /ros_ws/build/rtabmap_costmap_plugins
