[0.021s] Invoking command in '/ros_ws/build/rtabmap_launch': AMENT_PREFIX_PATH=/ros_ws/install/rtabmap_slam:/ros_ws/install/rtabmap_odom:/ros_ws/install/rtabmap_viz:/ros_ws/install/rtabmap_util:/ros_ws/install/rtabmap_sync:/ros_ws/install/rtabmap_rviz_plugins:/ros_ws/install/rtabmap_conversions:/ros_ws/install/rtabmap_msgs:${AMENT_PREFIX_PATH} CMAKE_PREFIX_PATH=/ros_ws/install/rtabmap_slam:/ros_ws/install/rtabmap_odom:/ros_ws/install/rtabmap_viz:/ros_ws/install/rtabmap_util:/ros_ws/install/rtabmap_sync:/ros_ws/install/rtabmap_rviz_plugins:/ros_ws/install/rtabmap_conversions:/ros_ws/install/rtabmap_msgs:/ros_ws/install/rtabmap:/ros_ws/install/rtabmap_lidar_custom:/opt/ros/humble LD_LIBRARY_PATH=/ros_ws/install/rtabmap_slam/lib:/ros_ws/install/rtabmap_odom/lib:/ros_ws/install/rtabmap_util/lib:/ros_ws/install/rtabmap_sync/lib:/ros_ws/install/rtabmap_rviz_plugins/lib:/ros_ws/install/rtabmap_conversions/lib:/ros_ws/install/rtabmap_msgs/lib:/ros_ws/install/rtabmap/lib:${LD_LIBRARY_PATH} PATH=/ros_ws/install/rtabmap/bin:${PATH} PKG_CONFIG_PATH=/ros_ws/install/rtabmap/lib/x86_64-linux-gnu/pkgconfig:/ros_ws/install/rtabmap/lib/pkgconfig PYTHONPATH=/ros_ws/install/rtabmap_msgs/local/lib/python3.10/dist-packages:${PYTHONPATH} /usr/bin/cmake /ros_ws/src/rtabmap_ros/rtabmap_launch -DCMAKE_BUILD_TYPE=Release -DAMENT_CMAKE_SYMLINK_INSTALL=1 -DCMAKE_INSTALL_PREFIX=/ros_ws/install/rtabmap_launch
[0.064s] -- The C compiler identification is GNU 11.4.0
[0.108s] -- The CXX compiler identification is GNU 11.4.0
[0.113s] -- Detecting C compiler ABI info
[0.167s] -- Detecting C compiler ABI info - done
[0.172s] -- Check for working C compiler: /usr/bin/cc - skipped
[0.172s] -- Detecting C compile features
[0.172s] -- Detecting C compile features - done
[0.175s] -- Detecting CXX compiler ABI info
[0.238s] -- Detecting CXX compiler ABI info - done
[0.243s] -- Check for working CXX compiler: /usr/bin/c++ - skipped
[0.243s] -- Detecting CXX compile features
[0.244s] -- Detecting CXX compile features - done
[0.247s] -- Found ament_cmake: 1.3.13 (/opt/ros/humble/share/ament_cmake/cmake)
[0.361s] -- Found Python3: /usr/bin/python3 (found version "3.10.12") found components: Interpreter 
[0.421s] -- Override CMake install command with custom implementation using symlinks instead of copying resources
[0.520s] -- Configuring done
[0.523s] -- Generating done
[0.525s] -- Build files have been written to: /ros_ws/build/rtabmap_launch
[0.529s] Invoked command in '/ros_ws/build/rtabmap_launch' returned '0': AMENT_PREFIX_PATH=/ros_ws/install/rtabmap_slam:/ros_ws/install/rtabmap_odom:/ros_ws/install/rtabmap_viz:/ros_ws/install/rtabmap_util:/ros_ws/install/rtabmap_sync:/ros_ws/install/rtabmap_rviz_plugins:/ros_ws/install/rtabmap_conversions:/ros_ws/install/rtabmap_msgs:${AMENT_PREFIX_PATH} CMAKE_PREFIX_PATH=/ros_ws/install/rtabmap_slam:/ros_ws/install/rtabmap_odom:/ros_ws/install/rtabmap_viz:/ros_ws/install/rtabmap_util:/ros_ws/install/rtabmap_sync:/ros_ws/install/rtabmap_rviz_plugins:/ros_ws/install/rtabmap_conversions:/ros_ws/install/rtabmap_msgs:/ros_ws/install/rtabmap:/ros_ws/install/rtabmap_lidar_custom:/opt/ros/humble LD_LIBRARY_PATH=/ros_ws/install/rtabmap_slam/lib:/ros_ws/install/rtabmap_odom/lib:/ros_ws/install/rtabmap_util/lib:/ros_ws/install/rtabmap_sync/lib:/ros_ws/install/rtabmap_rviz_plugins/lib:/ros_ws/install/rtabmap_conversions/lib:/ros_ws/install/rtabmap_msgs/lib:/ros_ws/install/rtabmap/lib:${LD_LIBRARY_PATH} PATH=/ros_ws/install/rtabmap/bin:${PATH} PKG_CONFIG_PATH=/ros_ws/install/rtabmap/lib/x86_64-linux-gnu/pkgconfig:/ros_ws/install/rtabmap/lib/pkgconfig PYTHONPATH=/ros_ws/install/rtabmap_msgs/local/lib/python3.10/dist-packages:${PYTHONPATH} /usr/bin/cmake /ros_ws/src/rtabmap_ros/rtabmap_launch -DCMAKE_BUILD_TYPE=Release -DAMENT_CMAKE_SYMLINK_INSTALL=1 -DCMAKE_INSTALL_PREFIX=/ros_ws/install/rtabmap_launch
[0.531s] Invoking command in '/ros_ws/build/rtabmap_launch': AMENT_PREFIX_PATH=/ros_ws/install/rtabmap_slam:/ros_ws/install/rtabmap_odom:/ros_ws/install/rtabmap_viz:/ros_ws/install/rtabmap_util:/ros_ws/install/rtabmap_sync:/ros_ws/install/rtabmap_rviz_plugins:/ros_ws/install/rtabmap_conversions:/ros_ws/install/rtabmap_msgs:${AMENT_PREFIX_PATH} CMAKE_PREFIX_PATH=/ros_ws/install/rtabmap_slam:/ros_ws/install/rtabmap_odom:/ros_ws/install/rtabmap_viz:/ros_ws/install/rtabmap_util:/ros_ws/install/rtabmap_sync:/ros_ws/install/rtabmap_rviz_plugins:/ros_ws/install/rtabmap_conversions:/ros_ws/install/rtabmap_msgs:/ros_ws/install/rtabmap:/ros_ws/install/rtabmap_lidar_custom:/opt/ros/humble LD_LIBRARY_PATH=/ros_ws/install/rtabmap_slam/lib:/ros_ws/install/rtabmap_odom/lib:/ros_ws/install/rtabmap_util/lib:/ros_ws/install/rtabmap_sync/lib:/ros_ws/install/rtabmap_rviz_plugins/lib:/ros_ws/install/rtabmap_conversions/lib:/ros_ws/install/rtabmap_msgs/lib:/ros_ws/install/rtabmap/lib:${LD_LIBRARY_PATH} PATH=/ros_ws/install/rtabmap/bin:${PATH} PKG_CONFIG_PATH=/ros_ws/install/rtabmap/lib/x86_64-linux-gnu/pkgconfig:/ros_ws/install/rtabmap/lib/pkgconfig PYTHONPATH=/ros_ws/install/rtabmap_msgs/local/lib/python3.10/dist-packages:${PYTHONPATH} /usr/bin/cmake --build /ros_ws/build/rtabmap_launch
[0.563s] Invoked command in '/ros_ws/build/rtabmap_launch' returned '0': AMENT_PREFIX_PATH=/ros_ws/install/rtabmap_slam:/ros_ws/install/rtabmap_odom:/ros_ws/install/rtabmap_viz:/ros_ws/install/rtabmap_util:/ros_ws/install/rtabmap_sync:/ros_ws/install/rtabmap_rviz_plugins:/ros_ws/install/rtabmap_conversions:/ros_ws/install/rtabmap_msgs:${AMENT_PREFIX_PATH} CMAKE_PREFIX_PATH=/ros_ws/install/rtabmap_slam:/ros_ws/install/rtabmap_odom:/ros_ws/install/rtabmap_viz:/ros_ws/install/rtabmap_util:/ros_ws/install/rtabmap_sync:/ros_ws/install/rtabmap_rviz_plugins:/ros_ws/install/rtabmap_conversions:/ros_ws/install/rtabmap_msgs:/ros_ws/install/rtabmap:/ros_ws/install/rtabmap_lidar_custom:/opt/ros/humble LD_LIBRARY_PATH=/ros_ws/install/rtabmap_slam/lib:/ros_ws/install/rtabmap_odom/lib:/ros_ws/install/rtabmap_util/lib:/ros_ws/install/rtabmap_sync/lib:/ros_ws/install/rtabmap_rviz_plugins/lib:/ros_ws/install/rtabmap_conversions/lib:/ros_ws/install/rtabmap_msgs/lib:/ros_ws/install/rtabmap/lib:${LD_LIBRARY_PATH} PATH=/ros_ws/install/rtabmap/bin:${PATH} PKG_CONFIG_PATH=/ros_ws/install/rtabmap/lib/x86_64-linux-gnu/pkgconfig:/ros_ws/install/rtabmap/lib/pkgconfig PYTHONPATH=/ros_ws/install/rtabmap_msgs/local/lib/python3.10/dist-packages:${PYTHONPATH} /usr/bin/cmake --build /ros_ws/build/rtabmap_launch
[0.564s] Invoking command in '/ros_ws/build/rtabmap_launch': AMENT_PREFIX_PATH=/ros_ws/install/rtabmap_slam:/ros_ws/install/rtabmap_odom:/ros_ws/install/rtabmap_viz:/ros_ws/install/rtabmap_util:/ros_ws/install/rtabmap_sync:/ros_ws/install/rtabmap_rviz_plugins:/ros_ws/install/rtabmap_conversions:/ros_ws/install/rtabmap_msgs:${AMENT_PREFIX_PATH} CMAKE_PREFIX_PATH=/ros_ws/install/rtabmap_slam:/ros_ws/install/rtabmap_odom:/ros_ws/install/rtabmap_viz:/ros_ws/install/rtabmap_util:/ros_ws/install/rtabmap_sync:/ros_ws/install/rtabmap_rviz_plugins:/ros_ws/install/rtabmap_conversions:/ros_ws/install/rtabmap_msgs:/ros_ws/install/rtabmap:/ros_ws/install/rtabmap_lidar_custom:/opt/ros/humble LD_LIBRARY_PATH=/ros_ws/install/rtabmap_slam/lib:/ros_ws/install/rtabmap_odom/lib:/ros_ws/install/rtabmap_util/lib:/ros_ws/install/rtabmap_sync/lib:/ros_ws/install/rtabmap_rviz_plugins/lib:/ros_ws/install/rtabmap_conversions/lib:/ros_ws/install/rtabmap_msgs/lib:/ros_ws/install/rtabmap/lib:${LD_LIBRARY_PATH} PATH=/ros_ws/install/rtabmap/bin:${PATH} PKG_CONFIG_PATH=/ros_ws/install/rtabmap/lib/x86_64-linux-gnu/pkgconfig:/ros_ws/install/rtabmap/lib/pkgconfig PYTHONPATH=/ros_ws/install/rtabmap_msgs/local/lib/python3.10/dist-packages:${PYTHONPATH} /usr/bin/cmake --install /ros_ws/build/rtabmap_launch
[0.570s] -- Install configuration: "Release"
[0.570s] -- Execute custom install script
[0.572s] -- Symlinking: /ros_ws/install/rtabmap_launch/share/rtabmap_launch/launch/config/rgbd.rviz
[0.579s] -- Symlinking: /ros_ws/install/rtabmap_launch/share/rtabmap_launch/launch/rtabmap.launch.py
[0.587s] -- Symlinking: /ros_ws/install/rtabmap_launch/share/ament_index/resource_index/package_run_dependencies/rtabmap_launch
[0.594s] -- Symlinking: /ros_ws/install/rtabmap_launch/share/ament_index/resource_index/parent_prefix_path/rtabmap_launch
[0.600s] -- Symlinking: /ros_ws/install/rtabmap_launch/share/rtabmap_launch/environment/ament_prefix_path.sh
[0.607s] -- Symlinking: /ros_ws/install/rtabmap_launch/share/rtabmap_launch/environment/ament_prefix_path.dsv
[0.614s] -- Symlinking: /ros_ws/install/rtabmap_launch/share/rtabmap_launch/environment/path.sh
[0.621s] -- Symlinking: /ros_ws/install/rtabmap_launch/share/rtabmap_launch/environment/path.dsv
[0.627s] -- Symlinking: /ros_ws/install/rtabmap_launch/share/rtabmap_launch/local_setup.bash
[0.635s] -- Symlinking: /ros_ws/install/rtabmap_launch/share/rtabmap_launch/local_setup.sh
[0.641s] -- Symlinking: /ros_ws/install/rtabmap_launch/share/rtabmap_launch/local_setup.zsh
[0.647s] -- Symlinking: /ros_ws/install/rtabmap_launch/share/rtabmap_launch/local_setup.dsv
[0.655s] -- Symlinking: /ros_ws/install/rtabmap_launch/share/rtabmap_launch/package.dsv
[0.661s] -- Symlinking: /ros_ws/install/rtabmap_launch/share/ament_index/resource_index/packages/rtabmap_launch
[0.669s] -- Symlinking: /ros_ws/install/rtabmap_launch/share/rtabmap_launch/cmake/rtabmap_launchConfig.cmake
[0.677s] -- Symlinking: /ros_ws/install/rtabmap_launch/share/rtabmap_launch/cmake/rtabmap_launchConfig-version.cmake
[0.685s] -- Symlinking: /ros_ws/install/rtabmap_launch/share/rtabmap_launch/package.xml
[0.694s] Invoked command in '/ros_ws/build/rtabmap_launch' returned '0': AMENT_PREFIX_PATH=/ros_ws/install/rtabmap_slam:/ros_ws/install/rtabmap_odom:/ros_ws/install/rtabmap_viz:/ros_ws/install/rtabmap_util:/ros_ws/install/rtabmap_sync:/ros_ws/install/rtabmap_rviz_plugins:/ros_ws/install/rtabmap_conversions:/ros_ws/install/rtabmap_msgs:${AMENT_PREFIX_PATH} CMAKE_PREFIX_PATH=/ros_ws/install/rtabmap_slam:/ros_ws/install/rtabmap_odom:/ros_ws/install/rtabmap_viz:/ros_ws/install/rtabmap_util:/ros_ws/install/rtabmap_sync:/ros_ws/install/rtabmap_rviz_plugins:/ros_ws/install/rtabmap_conversions:/ros_ws/install/rtabmap_msgs:/ros_ws/install/rtabmap:/ros_ws/install/rtabmap_lidar_custom:/opt/ros/humble LD_LIBRARY_PATH=/ros_ws/install/rtabmap_slam/lib:/ros_ws/install/rtabmap_odom/lib:/ros_ws/install/rtabmap_util/lib:/ros_ws/install/rtabmap_sync/lib:/ros_ws/install/rtabmap_rviz_plugins/lib:/ros_ws/install/rtabmap_conversions/lib:/ros_ws/install/rtabmap_msgs/lib:/ros_ws/install/rtabmap/lib:${LD_LIBRARY_PATH} PATH=/ros_ws/install/rtabmap/bin:${PATH} PKG_CONFIG_PATH=/ros_ws/install/rtabmap/lib/x86_64-linux-gnu/pkgconfig:/ros_ws/install/rtabmap/lib/pkgconfig PYTHONPATH=/ros_ws/install/rtabmap_msgs/local/lib/python3.10/dist-packages:${PYTHONPATH} /usr/bin/cmake --install /ros_ws/build/rtabmap_launch
