[0.584s] Invoking command in '/ros_ws/build/rtabmap_python': PYTHONPATH=/ros_ws/build/rtabmap_python/prefix_override:/usr/lib/python3/dist-packages/colcon_core/task/python/colcon_distutils_commands:/ros_ws/install/rtabmap_python/lib/python3.10/site-packages:${PYTHONPATH} /usr/bin/python3 -W ignore:setup.py install is deprecated -W ignore:easy_install command is deprecated setup.py develop --editable --build-directory /ros_ws/build/rtabmap_python/build --no-deps symlink_data
[0.852s] running develop
[1.056s] running egg_info
[1.056s] creating rtabmap_python.egg-info
[1.058s] writing rtabmap_python.egg-info/PKG-INFO
[1.059s] writing dependency_links to rtabmap_python.egg-info/dependency_links.txt
[1.059s] writing entry points to rtabmap_python.egg-info/entry_points.txt
[1.060s] writing requirements to rtabmap_python.egg-info/requires.txt
[1.060s] writing top-level names to rtabmap_python.egg-info/top_level.txt
[1.060s] writing manifest file 'rtabmap_python.egg-info/SOURCES.txt'
[1.068s] reading manifest file 'rtabmap_python.egg-info/SOURCES.txt'
[1.069s] writing manifest file 'rtabmap_python.egg-info/SOURCES.txt'
[1.071s] running build_ext
[1.071s] Creating /ros_ws/install/rtabmap_python/lib/python3.10/site-packages/rtabmap-python.egg-link (link to .)
[1.072s] 
[1.072s] Installed /ros_ws/build/rtabmap_python
[1.072s] running symlink_data
[1.072s] creating /ros_ws/install/rtabmap_python/share/ament_index
[1.072s] creating /ros_ws/install/rtabmap_python/share/ament_index/resource_index
[1.072s] creating /ros_ws/install/rtabmap_python/share/ament_index/resource_index/packages
[1.073s] symbolically linking /ros_ws/build/rtabmap_python/resource/rtabmap_python -> /ros_ws/install/rtabmap_python/share/ament_index/resource_index/packages
[1.073s] symbolically linking /ros_ws/build/rtabmap_python/package.xml -> /ros_ws/install/rtabmap_python/share/rtabmap_python
[1.102s] Invoked command in '/ros_ws/build/rtabmap_python' returned '0': PYTHONPATH=/ros_ws/build/rtabmap_python/prefix_override:/usr/lib/python3/dist-packages/colcon_core/task/python/colcon_distutils_commands:/ros_ws/install/rtabmap_python/lib/python3.10/site-packages:${PYTHONPATH} /usr/bin/python3 -W ignore:setup.py install is deprecated -W ignore:easy_install command is deprecated setup.py develop --editable --build-directory /ros_ws/build/rtabmap_python/build --no-deps symlink_data
