[0.013s] Invoking command in '/ros_ws/build/rtabmap_sync': AMENT_PREFIX_PATH=/ros_ws/install/rtabmap_conversions:/ros_ws/install/rtabmap_msgs:${AMENT_PREFIX_PATH} CMAKE_PREFIX_PATH=/ros_ws/install/rtabmap_conversions:/ros_ws/install/rtabmap_msgs:/ros_ws/install/rtabmap:/ros_ws/install/rtabmap_lidar_custom:/opt/ros/humble LD_LIBRARY_PATH=/ros_ws/install/rtabmap_conversions/lib:/ros_ws/install/rtabmap_msgs/lib:/ros_ws/install/rtabmap/lib:${LD_LIBRARY_PATH} PATH=/ros_ws/install/rtabmap/bin:${PATH} PKG_CONFIG_PATH=/ros_ws/install/rtabmap/lib/x86_64-linux-gnu/pkgconfig:/ros_ws/install/rtabmap/lib/pkgconfig PYTHONPATH=/ros_ws/install/rtabmap_msgs/local/lib/python3.10/dist-packages:${PYTHONPATH} /usr/bin/cmake /ros_ws/src/rtabmap_ros/rtabmap_sync -DCMAKE_BUILD_TYPE=Release -DAMENT_CMAKE_SYMLINK_INSTALL=1 -DCMAKE_INSTALL_PREFIX=/ros_ws/install/rtabmap_sync
[0.056s] -- The C compiler identification is GNU 11.4.0
[0.101s] -- The CXX compiler identification is GNU 11.4.0
[0.106s] -- Detecting C compiler ABI info
[0.159s] -- Detecting C compiler ABI info - done
[0.164s] -- Check for working C compiler: /usr/bin/cc - skipped
[0.164s] -- Detecting C compile features
[0.164s] -- Detecting C compile features - done
[0.167s] -- Detecting CXX compiler ABI info
[0.227s] -- Detecting CXX compiler ABI info - done
[0.232s] -- Check for working CXX compiler: /usr/bin/c++ - skipped
[0.232s] -- Detecting CXX compile features
[0.233s] -- Detecting CXX compile features - done
[0.235s] -- Found cv_bridge: 3.2.1 (/opt/ros/humble/share/cv_bridge/cmake)
[0.347s] -- Found Python3: /usr/bin/python3 (found version "3.10.12") found components: Interpreter 
[0.404s] -- Override CMake install command with custom implementation using symlinks instead of copying resources
[0.483s] -- Found rosidl_generator_c: 3.1.8 (/opt/ros/humble/share/rosidl_generator_c/cmake)
[0.488s] -- Found rosidl_adapter: 3.1.8 (/opt/ros/humble/share/rosidl_adapter/cmake)
[0.497s] -- Found rosidl_generator_cpp: 3.1.8 (/opt/ros/humble/share/rosidl_generator_cpp/cmake)
[0.509s] -- Using all available rosidl_typesupport_c: rosidl_typesupport_fastrtps_c;rosidl_typesupport_introspection_c
[0.524s] -- Using all available rosidl_typesupport_cpp: rosidl_typesupport_fastrtps_cpp;rosidl_typesupport_introspection_cpp
[0.582s] -- Found image_transport: 3.1.12 (/opt/ros/humble/share/image_transport/cmake)
[0.630s] -- Found rmw_implementation_cmake: 6.1.2 (/opt/ros/humble/share/rmw_implementation_cmake/cmake)
[0.633s] -- Found rmw_fastrtps_cpp: 6.2.10 (/opt/ros/humble/share/rmw_fastrtps_cpp/cmake)
[0.702s] -- Found OpenSSL: /usr/lib/x86_64-linux-gnu/libcrypto.so (found version "3.0.2")  
[0.727s] -- Found FastRTPS: /opt/ros/humble/include  
[0.766s] -- Using RMW implementation 'rmw_fastrtps_cpp' as default
[0.776s] -- Looking for pthread.h
[0.831s] -- Looking for pthread.h - found
[0.831s] -- Performing Test CMAKE_HAVE_LIBC_PTHREAD
[0.884s] -- Performing Test CMAKE_HAVE_LIBC_PTHREAD - Success
[0.885s] -- Found Threads: TRUE  
[0.967s] -- Found nav_msgs: 4.9.1 (/opt/ros/humble/share/nav_msgs/cmake)
[0.988s] -- Found rclcpp_components: 16.0.18 (/opt/ros/humble/share/rclcpp_components/cmake)
[1.004s] -- Found rtabmap_conversions: 0.22.1 (/ros_ws/install/rtabmap_conversions/share/rtabmap_conversions/cmake)
[1.062s] -- Checking for module 'eigen3'
[1.071s] --   Found eigen3, version 3.4.0
[1.095s] -- Found Eigen: /usr/include/eigen3 (Required is at least version "3.1") 
[1.095s] -- Eigen found (include: /usr/include/eigen3, version: 3.4.0)
[1.132s] -- Checking for module 'flann'
[1.142s] --   Found flann, version 1.9.1
[1.168s] -- Found FLANN: /usr/lib/x86_64-linux-gnu/libflann_cpp.so  
[1.168s] -- FLANN found (include: /usr/include, lib: /usr/lib/x86_64-linux-gnu/libflann_cpp.so)
[1.857s] -- Checking for module 'libusb-1.0'
[1.866s] --   Found libusb-1.0, version 1.0.25
[1.891s] -- Found libusb: /usr/lib/x86_64-linux-gnu/libusb-1.0.so  
[1.892s] -- OpenNI found (version: 1.5.4.0, include: /usr/include/ni, lib: /usr/lib/libOpenNI.so;libusb::libusb)
[1.931s] -- OpenNI2 found (version: 2.2.0.33, include: /usr/include/openni2, lib: /usr/lib/x86_64-linux-gnu/libOpenNI2.so;libusb::libusb)
[2.068s] -- Eigen found (include: /usr/include/eigen3, version: 3.4.0)
[2.073s] -- OpenNI found (version: 1.5.4.0, include: /usr/include/ni, lib: /usr/lib/libOpenNI.so;libusb::libusb)
[2.079s] -- OpenNI2 found (version: 2.2.0.33, include: /usr/include/openni2, lib: /usr/lib/x86_64-linux-gnu/libOpenNI2.so;libusb::libusb)
[2.215s] -- Found Qhull version 8.0.2
[2.343s] -- OpenNI found (version: 1.5.4.0, include: /usr/include/ni, lib: /usr/lib/libOpenNI.so;libusb::libusb)
[2.472s] -- Found PCL_COMMON: /usr/lib/x86_64-linux-gnu/libpcl_common.so  
[2.472s] -- Found PCL_KDTREE: /usr/lib/x86_64-linux-gnu/libpcl_kdtree.so  
[2.473s] -- Found PCL_OCTREE: /usr/lib/x86_64-linux-gnu/libpcl_octree.so  
[2.473s] -- Found PCL_SEARCH: /usr/lib/x86_64-linux-gnu/libpcl_search.so  
[2.475s] -- Found PCL_SAMPLE_CONSENSUS: /usr/lib/x86_64-linux-gnu/libpcl_sample_consensus.so  
[2.475s] -- Found PCL_FILTERS: /usr/lib/x86_64-linux-gnu/libpcl_filters.so  
[2.476s] -- Found PCL_2D: /usr/include/pcl-1.12  
[2.476s] -- Found PCL_GEOMETRY: /usr/include/pcl-1.12  
[2.477s] -- Found PCL_IO: /usr/lib/x86_64-linux-gnu/libpcl_io.so  
[2.477s] -- Found PCL_FEATURES: /usr/lib/x86_64-linux-gnu/libpcl_features.so  
[2.478s] -- Found PCL_ML: /usr/lib/x86_64-linux-gnu/libpcl_ml.so  
[2.478s] -- Found PCL_SEGMENTATION: /usr/lib/x86_64-linux-gnu/libpcl_segmentation.so  
[2.479s] -- Found PCL_VISUALIZATION: /usr/lib/x86_64-linux-gnu/libpcl_visualization.so  
[2.480s] -- Found PCL_SURFACE: /usr/lib/x86_64-linux-gnu/libpcl_surface.so  
[2.481s] -- Found PCL_REGISTRATION: /usr/lib/x86_64-linux-gnu/libpcl_registration.so  
[2.481s] -- Found PCL_KEYPOINTS: /usr/lib/x86_64-linux-gnu/libpcl_keypoints.so  
[2.482s] -- Found PCL_TRACKING: /usr/lib/x86_64-linux-gnu/libpcl_tracking.so  
[2.482s] -- Found PCL_RECOGNITION: /usr/lib/x86_64-linux-gnu/libpcl_recognition.so  
[2.483s] -- Found PCL_STEREO: /usr/lib/x86_64-linux-gnu/libpcl_stereo.so  
[2.484s] -- Found PCL_APPS: /usr/lib/x86_64-linux-gnu/libpcl_apps.so  
[2.485s] -- Found PCL_IN_HAND_SCANNER: /usr/include/pcl-1.12  
[2.485s] -- Found PCL_MODELER: /usr/include/pcl-1.12  
[2.485s] -- Found PCL_POINT_CLOUD_EDITOR: /usr/include/pcl-1.12  
[2.486s] -- Found PCL_OUTOFCORE: /usr/lib/x86_64-linux-gnu/libpcl_outofcore.so  
[2.487s] -- Found PCL_PEOPLE: /usr/lib/x86_64-linux-gnu/libpcl_people.so  
[2.594s] -- Found Eigen3: TRUE (found version "3.4.0") 
[2.594s] -- Ensuring Eigen3 include directory is part of orocos-kdl CMake target
[2.597s] [33mCMake Warning (dev) at /usr/share/cmake-3.22/Modules/CMakeFindDependencyMacro.cmake:47 (find_package):
[2.597s]   Policy CMP0074 is not set: find_package uses <PackageName>_ROOT variables.
[2.597s]   Run "cmake --help-policy CMP0074" for policy details.  Use the cmake_policy
[2.597s]   command to set the policy and suppress this warning.
[2.597s] 
[2.597s]   CMake variable PCL_ROOT is set to:
[2.597s] 
[2.597s]     /usr
[2.597s] 
[2.597s]   For compatibility, CMake is ignoring the variable.
[2.598s] Call Stack (most recent call first):
[2.598s]   /ros_ws/install/rtabmap/lib/rtabmap-0.23/RTABMapConfig.cmake:7 (find_dependency)
[2.598s]   /ros_ws/install/rtabmap_conversions/share/rtabmap_conversions/cmake/ament_cmake_export_dependencies-extras.cmake:21 (find_package)
[2.598s]   /ros_ws/install/rtabmap_conversions/share/rtabmap_conversions/cmake/rtabmap_conversionsConfig.cmake:41 (include)
[2.598s]   CMakeLists.txt:24 (find_package)
[2.598s] This warning is for project developers.  Use -Wno-dev to suppress it.
[2.598s] [0m
[2.626s] -- Found diagnostic_updater: 4.0.6 (/opt/ros/humble/share/diagnostic_updater/cmake)
[2.661s] -- RTABMAP_SYNC_MULTI_RGBD = OFF
[2.661s] -- RTABMAP_SYNC_USER_DATA  = OFF
[2.743s] -- Configuring done
[2.886s] -- Generating done
[2.930s] -- Build files have been written to: /ros_ws/build/rtabmap_sync
[2.952s] Invoked command in '/ros_ws/build/rtabmap_sync' returned '0': AMENT_PREFIX_PATH=/ros_ws/install/rtabmap_conversions:/ros_ws/install/rtabmap_msgs:${AMENT_PREFIX_PATH} CMAKE_PREFIX_PATH=/ros_ws/install/rtabmap_conversions:/ros_ws/install/rtabmap_msgs:/ros_ws/install/rtabmap:/ros_ws/install/rtabmap_lidar_custom:/opt/ros/humble LD_LIBRARY_PATH=/ros_ws/install/rtabmap_conversions/lib:/ros_ws/install/rtabmap_msgs/lib:/ros_ws/install/rtabmap/lib:${LD_LIBRARY_PATH} PATH=/ros_ws/install/rtabmap/bin:${PATH} PKG_CONFIG_PATH=/ros_ws/install/rtabmap/lib/x86_64-linux-gnu/pkgconfig:/ros_ws/install/rtabmap/lib/pkgconfig PYTHONPATH=/ros_ws/install/rtabmap_msgs/local/lib/python3.10/dist-packages:${PYTHONPATH} /usr/bin/cmake /ros_ws/src/rtabmap_ros/rtabmap_sync -DCMAKE_BUILD_TYPE=Release -DAMENT_CMAKE_SYMLINK_INSTALL=1 -DCMAKE_INSTALL_PREFIX=/ros_ws/install/rtabmap_sync
[2.953s] Invoking command in '/ros_ws/build/rtabmap_sync': AMENT_PREFIX_PATH=/ros_ws/install/rtabmap_conversions:/ros_ws/install/rtabmap_msgs:${AMENT_PREFIX_PATH} CMAKE_PREFIX_PATH=/ros_ws/install/rtabmap_conversions:/ros_ws/install/rtabmap_msgs:/ros_ws/install/rtabmap:/ros_ws/install/rtabmap_lidar_custom:/opt/ros/humble LD_LIBRARY_PATH=/ros_ws/install/rtabmap_conversions/lib:/ros_ws/install/rtabmap_msgs/lib:/ros_ws/install/rtabmap/lib:${LD_LIBRARY_PATH} PATH=/ros_ws/install/rtabmap/bin:${PATH} PKG_CONFIG_PATH=/ros_ws/install/rtabmap/lib/x86_64-linux-gnu/pkgconfig:/ros_ws/install/rtabmap/lib/pkgconfig PYTHONPATH=/ros_ws/install/rtabmap_msgs/local/lib/python3.10/dist-packages:${PYTHONPATH} /usr/bin/cmake --build /ros_ws/build/rtabmap_sync
[2.991s] [  4%] [32mBuilding CXX object CMakeFiles/rtabmap_sync.dir/src/CommonDataSubscriber.cpp.o[0m
[56.876s] [  8%] [32mBuilding CXX object CMakeFiles/rtabmap_sync.dir/src/impl/CommonDataSubscriberDepth.cpp.o[0m
[131.345s] [ 13%] [32mBuilding CXX object CMakeFiles/rtabmap_sync.dir/src/impl/CommonDataSubscriberStereo.cpp.o[0m
[165.498s] [ 17%] [32mBuilding CXX object CMakeFiles/rtabmap_sync.dir/src/impl/CommonDataSubscriberRGB.cpp.o[0m
[237.583s] [ 21%] [32mBuilding CXX object CMakeFiles/rtabmap_sync.dir/src/impl/CommonDataSubscriberRGBD.cpp.o[0m
[293.628s] [ 26%] [32mBuilding CXX object CMakeFiles/rtabmap_sync.dir/src/impl/CommonDataSubscriberRGBDX.cpp.o[0m
[349.491s] [ 30%] [32mBuilding CXX object CMakeFiles/rtabmap_sync.dir/src/impl/CommonDataSubscriberScan.cpp.o[0m
[400.752s] [ 34%] [32mBuilding CXX object CMakeFiles/rtabmap_sync.dir/src/impl/CommonDataSubscriberOdom.cpp.o[0m
[423.924s] [ 39%] [32mBuilding CXX object CMakeFiles/rtabmap_sync.dir/src/impl/CommonDataSubscriberSensorData.cpp.o[0m
[454.249s] [ 43%] [32m[1mLinking CXX shared library librtabmap_sync.so[0m
[457.378s] [ 43%] Built target rtabmap_sync
[457.394s] [ 47%] [32mBuilding CXX object CMakeFiles/rtabmap_sync_plugins.dir/src/nodelets/rgbdx_sync.cpp.o[0m
[490.180s] [ 52%] [32mBuilding CXX object CMakeFiles/rtabmap_sync_plugins.dir/src/nodelets/rgbd_sync.cpp.o[0m
[514.522s] [ 56%] [32mBuilding CXX object CMakeFiles/rtabmap_sync_plugins.dir/src/nodelets/stereo_sync.cpp.o[0m
[536.045s] [ 60%] [32mBuilding CXX object CMakeFiles/rtabmap_sync_plugins.dir/src/nodelets/rgb_sync.cpp.o[0m
[558.817s] [ 65%] [32m[1mLinking CXX shared library librtabmap_sync_plugins.so[0m
[559.789s] [ 65%] Built target rtabmap_sync_plugins
[559.804s] [ 69%] [32mBuilding CXX object CMakeFiles/rtabmap_rgbd_sync.dir/src/RGBDSyncNode.cpp.o[0m
[567.471s] [ 73%] [32m[1mLinking CXX executable rgbd_sync[0m
[568.554s] [ 73%] Built target rtabmap_rgbd_sync
[568.577s] [ 78%] [32mBuilding CXX object CMakeFiles/rtabmap_rgbdx_sync.dir/src/RGBDXSyncNode.cpp.o[0m
[576.980s] [ 82%] [32m[1mLinking CXX executable rgbdx_sync[0m
[578.043s] [ 82%] Built target rtabmap_rgbdx_sync
[578.059s] [ 86%] [32mBuilding CXX object CMakeFiles/rtabmap_stereo_sync.dir/src/StereoSyncNode.cpp.o[0m
[585.480s] [ 91%] [32m[1mLinking CXX executable stereo_sync[0m
[586.561s] [ 91%] Built target rtabmap_stereo_sync
[586.577s] [ 95%] [32mBuilding CXX object CMakeFiles/rtabmap_rgb_sync.dir/src/RGBSyncNode.cpp.o[0m
[594.059s] [100%] [32m[1mLinking CXX executable rgb_sync[0m
[595.114s] [100%] Built target rtabmap_rgb_sync
[595.124s] Invoked command in '/ros_ws/build/rtabmap_sync' returned '0': AMENT_PREFIX_PATH=/ros_ws/install/rtabmap_conversions:/ros_ws/install/rtabmap_msgs:${AMENT_PREFIX_PATH} CMAKE_PREFIX_PATH=/ros_ws/install/rtabmap_conversions:/ros_ws/install/rtabmap_msgs:/ros_ws/install/rtabmap:/ros_ws/install/rtabmap_lidar_custom:/opt/ros/humble LD_LIBRARY_PATH=/ros_ws/install/rtabmap_conversions/lib:/ros_ws/install/rtabmap_msgs/lib:/ros_ws/install/rtabmap/lib:${LD_LIBRARY_PATH} PATH=/ros_ws/install/rtabmap/bin:${PATH} PKG_CONFIG_PATH=/ros_ws/install/rtabmap/lib/x86_64-linux-gnu/pkgconfig:/ros_ws/install/rtabmap/lib/pkgconfig PYTHONPATH=/ros_ws/install/rtabmap_msgs/local/lib/python3.10/dist-packages:${PYTHONPATH} /usr/bin/cmake --build /ros_ws/build/rtabmap_sync
[595.127s] Invoking command in '/ros_ws/build/rtabmap_sync': AMENT_PREFIX_PATH=/ros_ws/install/rtabmap_conversions:/ros_ws/install/rtabmap_msgs:${AMENT_PREFIX_PATH} CMAKE_PREFIX_PATH=/ros_ws/install/rtabmap_conversions:/ros_ws/install/rtabmap_msgs:/ros_ws/install/rtabmap:/ros_ws/install/rtabmap_lidar_custom:/opt/ros/humble LD_LIBRARY_PATH=/ros_ws/install/rtabmap_conversions/lib:/ros_ws/install/rtabmap_msgs/lib:/ros_ws/install/rtabmap/lib:${LD_LIBRARY_PATH} PATH=/ros_ws/install/rtabmap/bin:${PATH} PKG_CONFIG_PATH=/ros_ws/install/rtabmap/lib/x86_64-linux-gnu/pkgconfig:/ros_ws/install/rtabmap/lib/pkgconfig PYTHONPATH=/ros_ws/install/rtabmap_msgs/local/lib/python3.10/dist-packages:${PYTHONPATH} /usr/bin/cmake --install /ros_ws/build/rtabmap_sync
[595.132s] -- Install configuration: "Release"
[595.133s] -- Execute custom install script
[595.133s] -- Symlinking: /ros_ws/install/rtabmap_sync/share/rtabmap_sync/environment/library_path.sh
[595.140s] -- Symlinking: /ros_ws/install/rtabmap_sync/share/rtabmap_sync/environment/library_path.dsv
[595.146s] -- Symlinking: /ros_ws/install/rtabmap_sync/lib/rtabmap_sync/rgbd_sync
[595.152s] -- Symlinking: /ros_ws/install/rtabmap_sync/lib/rtabmap_sync/rgbdx_sync
[595.158s] -- Symlinking: /ros_ws/install/rtabmap_sync/lib/rtabmap_sync/stereo_sync
[595.164s] -- Symlinking: /ros_ws/install/rtabmap_sync/lib/rtabmap_sync/rgb_sync
[595.171s] -- Symlinking: /ros_ws/install/rtabmap_sync/share/ament_index/resource_index/package_run_dependencies/rtabmap_sync
[595.177s] -- Symlinking: /ros_ws/install/rtabmap_sync/share/ament_index/resource_index/parent_prefix_path/rtabmap_sync
[595.183s] -- Symlinking: /ros_ws/install/rtabmap_sync/share/rtabmap_sync/environment/ament_prefix_path.sh
[595.191s] -- Symlinking: /ros_ws/install/rtabmap_sync/share/rtabmap_sync/environment/ament_prefix_path.dsv
[595.198s] -- Symlinking: /ros_ws/install/rtabmap_sync/share/rtabmap_sync/environment/path.sh
[595.205s] -- Symlinking: /ros_ws/install/rtabmap_sync/share/rtabmap_sync/environment/path.dsv
[595.212s] -- Symlinking: /ros_ws/install/rtabmap_sync/share/rtabmap_sync/local_setup.bash
[595.217s] -- Symlinking: /ros_ws/install/rtabmap_sync/share/rtabmap_sync/local_setup.sh
[595.223s] -- Symlinking: /ros_ws/install/rtabmap_sync/share/rtabmap_sync/local_setup.zsh
[595.229s] -- Symlinking: /ros_ws/install/rtabmap_sync/share/rtabmap_sync/local_setup.dsv
[595.235s] -- Symlinking: /ros_ws/install/rtabmap_sync/share/rtabmap_sync/package.dsv
[595.242s] -- Symlinking: /ros_ws/install/rtabmap_sync/share/ament_index/resource_index/packages/rtabmap_sync
[595.247s] -- Symlinking: /ros_ws/install/rtabmap_sync/share/ament_index/resource_index/rclcpp_components/rtabmap_sync
[595.254s] -- Symlinking: /ros_ws/install/rtabmap_sync/share/rtabmap_sync/cmake/extra_configs.cmake
[595.260s] -- Symlinking: /ros_ws/install/rtabmap_sync/share/rtabmap_sync/cmake/ament_cmake_export_dependencies-extras.cmake
[595.266s] -- Symlinking: /ros_ws/install/rtabmap_sync/share/rtabmap_sync/cmake/ament_cmake_export_include_directories-extras.cmake
[595.272s] -- Symlinking: /ros_ws/install/rtabmap_sync/share/rtabmap_sync/cmake/ament_cmake_export_targets-extras.cmake
[595.278s] -- Symlinking: /ros_ws/install/rtabmap_sync/share/rtabmap_sync/cmake/ament_cmake_export_libraries-extras.cmake
[595.283s] -- Symlinking: /ros_ws/install/rtabmap_sync/share/rtabmap_sync/cmake/rtabmap_syncConfig.cmake
[595.290s] -- Symlinking: /ros_ws/install/rtabmap_sync/share/rtabmap_sync/cmake/rtabmap_syncConfig-version.cmake
[595.296s] -- Symlinking: /ros_ws/install/rtabmap_sync/share/rtabmap_sync/package.xml
[595.301s] -- Installing: /ros_ws/install/rtabmap_sync/lib/librtabmap_sync.so
[595.320s] -- Set runtime path of "/ros_ws/install/rtabmap_sync/lib/librtabmap_sync.so" to ""
[595.320s] -- Installing: /ros_ws/install/rtabmap_sync/lib/librtabmap_sync_plugins.so
[595.323s] -- Set runtime path of "/ros_ws/install/rtabmap_sync/lib/librtabmap_sync_plugins.so" to ""
[595.323s] -- Installing: /ros_ws/install/rtabmap_sync/include
[595.323s] -- Installing: /ros_ws/install/rtabmap_sync/include/rtabmap_sync
[595.323s] -- Installing: /ros_ws/install/rtabmap_sync/include/rtabmap_sync/visibility.h
[595.323s] -- Installing: /ros_ws/install/rtabmap_sync/include/rtabmap_sync/GetTopicName.h
[595.323s] -- Installing: /ros_ws/install/rtabmap_sync/include/rtabmap_sync/CommonDataSubscriber.h
[595.324s] -- Installing: /ros_ws/install/rtabmap_sync/include/rtabmap_sync/CommonDataSubscriberDefines.h
[595.324s] -- Installing: /ros_ws/install/rtabmap_sync/include/rtabmap_sync/SyncDiagnostic.h
[595.324s] -- Installing: /ros_ws/install/rtabmap_sync/share/rtabmap_sync/cmake/rtabmap_syncExport.cmake
[595.324s] -- Installing: /ros_ws/install/rtabmap_sync/share/rtabmap_sync/cmake/rtabmap_syncExport-release.cmake
[595.326s] Invoked command in '/ros_ws/build/rtabmap_sync' returned '0': AMENT_PREFIX_PATH=/ros_ws/install/rtabmap_conversions:/ros_ws/install/rtabmap_msgs:${AMENT_PREFIX_PATH} CMAKE_PREFIX_PATH=/ros_ws/install/rtabmap_conversions:/ros_ws/install/rtabmap_msgs:/ros_ws/install/rtabmap:/ros_ws/install/rtabmap_lidar_custom:/opt/ros/humble LD_LIBRARY_PATH=/ros_ws/install/rtabmap_conversions/lib:/ros_ws/install/rtabmap_msgs/lib:/ros_ws/install/rtabmap/lib:${LD_LIBRARY_PATH} PATH=/ros_ws/install/rtabmap/bin:${PATH} PKG_CONFIG_PATH=/ros_ws/install/rtabmap/lib/x86_64-linux-gnu/pkgconfig:/ros_ws/install/rtabmap/lib/pkgconfig PYTHONPATH=/ros_ws/install/rtabmap_msgs/local/lib/python3.10/dist-packages:${PYTHONPATH} /usr/bin/cmake --install /ros_ws/build/rtabmap_sync
